03/30/2025 19:35:51 Central European Standard Time : Information : Local timezone is (UTC+01:00) Central European Time (Oslo)
03/30/2025 19:35:51 Central European Standard Time : Information : Service Hub .NET service module host started. Host id: dotnet.projectSystem$C94B8CFE-E3FD-4BAF-A941-2866DBB566FE. Controller pipe: net.pipe://287495CC01. PID: 28758
03/30/2025 19:35:51 Central European Standard Time : Information : hubHostClr read: Content-Length: 116

{"jsonrpc":"2.0","id":2,"method":"InitializeHostAsync","params":[{"HostsRootDirectory":".","AppConfigFallback":""}]}
03/30/2025 19:35:51 Central European Standard Time : Information : hubHostClr write: Content-Length: 93

{"jsonrpc":"2.0","id":2,"result":"dotnet.projectSystem$C94B8CFE-E3FD-4BAF-A941-2866DBB566FE"}
03/30/2025 19:35:51 Central European Standard Time : Information : hubHostClr read: Content-Length: 1035

{"jsonrpc":"2.0","id":3,"method":"StartServiceAsync","params":[{"name":"Microsoft.VisualStudio.LaunchConfigurationService","host":"dotnet.projectSystem","hostId":"C94B8CFE-E3FD-4BAF-A941-2866DBB566FE","serviceBaseDirectory":"/Users/fayzullotukhtasinov/.vscode/extensions/ms-dotnettools.csdevkit-1.17.64-darwin-arm64/components/CPS/platforms/darwin-arm64/node_modules/@microsoft/visualstudio-projectsystem-server.darwin-arm64","entryPoint":{"assemblyPath":"/Users/fayzullotukhtasinov/.vscode/extensions/ms-dotnettools.csdevkit-1.17.64-darwin-arm64/components/CPS/platforms/darwin-arm64/node_modules/@microsoft/visualstudio-projectsystem-server.darwin-arm64/Microsoft.VisualStudio.ProjectSystem.Server.Implementation.dll","fullClassName":"Microsoft.VisualStudio.ProjectSystem.Server.LaunchConfigurationServiceFactory"}},{"ActivationArguments":{"__servicehub__ServiceHubRemoteServiceBrokerPipeName":"/Users/fayzullotukhtasinov/.ServiceHub/a8f97a36e0/5cb573d642"},"ClientCredentials":{},"ClientCulture":"en-GB","ClientUICulture":"en-GB"}]}
03/30/2025 19:35:51 Central European Standard Time : Information : hubHostClr read: Content-Length: 1081

{"jsonrpc":"2.0","id":4,"method":"StartServiceAsync","params":[{"name":"Microsoft.VisualStudio.ProjectSystem.ProjectTreeProvider","host":"dotnet.projectSystem","hostId":"C94B8CFE-E3FD-4BAF-A941-2866DBB566FE","serviceBaseDirectory":"/Users/fayzullotukhtasinov/.vscode/extensions/ms-dotnettools.csdevkit-1.17.64-darwin-arm64/components/CPS/platforms/darwin-arm64/node_modules/@microsoft/visualstudio-projectsystem-server.darwin-arm64","entryPoint":{"assemblyPath":"/Users/fayzullotukhtasinov/.vscode/extensions/ms-dotnettools.csdevkit-1.17.64-darwin-arm64/components/CPS/platforms/darwin-arm64/node_modules/@microsoft/visualstudio-projectsystem-server.darwin-arm64/Microsoft.VisualStudio.ProjectSystem.Server.Implementation.dll","fullClassName":"Microsoft.VisualStudio.ProjectSystem.Server.ProjectTreeProviderFactory"}},{"ActivationArguments":{"__servicehub__ServiceHubRemoteServiceBrokerPipeName":"/Users/fayzullotukhtasinov/.ServiceHub/a8f97a36e0/79f94000e4","__servicehub__RequestedServiceVersion":"0.1"},"ClientCredentials":{},"ClientCulture":"en-GB","ClientUICulture":"en-GB"}]}Content-Length: 1111

{"jsonrpc":"2.0","id":5,"method":"StartServiceAsync","params":[{"name":"Microsoft.VisualStudio.ProjectSystem.ProjectInitializationStatusService","host":"dotnet.projectSystem","hostId":"C94B8CFE-E3FD-4BAF-A941-2866DBB566FE","serviceBaseDirectory":"/Users/fayzullotukhtasinov/.vscode/extensions/ms-dotnettools.csdevkit-1.17.64-darwin-arm64/components/CPS/platforms/darwin-arm64/node_modules/@microsoft/visualstudio-projectsystem-server.darwin-arm64","entryPoint":{"assemblyPath":"/Users/fayzullotukhtasinov/.vscode/extensions/ms-dotnettools.csdevkit-1.17.64-darwin-arm64/components/CPS/platforms/darwin-arm64/node_modules/@microsoft/visualstudio-projectsystem-server.darwin-arm64/Microsoft.VisualStudio.ProjectSystem.Server.Implementation.dll","fullClassName":"Microsoft.VisualStudio.ProjectSystem.Server.ProjectInitializationStatusServiceFactory"}},{"ActivationArguments":{"__servicehub__ServiceHubRemoteServiceBrokerPipeName":"/Users/fayzullotukhtasinov/.ServiceHub/a8f97a36e0/c35ec77777","__servicehub__RequestedServiceVersion":"0.1"},"ClientCredentials":{},"ClientCulture":"en-GB","ClientUICulture":"en-GB"}]}
03/30/2025 19:35:51 Central European Standard Time : Information : CLR host received start request for service 'Microsoft.VisualStudio.LaunchConfigurationService'
03/30/2025 19:35:51 Central European Standard Time : Information : Loading service module assembly '/Users/fayzullotukhtasinov/.vscode/extensions/ms-dotnettools.csdevkit-1.17.64-darwin-arm64/components/CPS/platforms/darwin-arm64/node_modules/@microsoft/visualstudio-projectsystem-server.darwin-arm64/Microsoft.VisualStudio.ProjectSystem.Server.Implementation.dll' from '/Users/fayzullotukhtasinov/.vscode/extensions/ms-dotnettools.csdevkit-1.17.64-darwin-arm64/components/CPS/platforms/darwin-arm64/node_modules/@microsoft/visualstudio-projectsystem-server.darwin-arm64'
03/30/2025 19:35:51 Central European Standard Time : Information : Starting service module 'Microsoft.VisualStudio.LaunchConfigurationService'. Class: Microsoft.VisualStudio.ProjectSystem.Server.LaunchConfigurationServiceFactory, Supported Version: 
03/30/2025 19:35:51 Central European Standard Time : Information : Started service 'Microsoft.VisualStudio.LaunchConfigurationService'. Pipe name: /Users/fayzullotukhtasinov/.ServiceHub/a8f97a36e0/f755927555, Supported Version: 
03/30/2025 19:35:51 Central European Standard Time : Information : CLR host received start request for service 'Microsoft.VisualStudio.ProjectSystem.ProjectTreeProvider'
03/30/2025 19:35:51 Central European Standard Time : Information : Loading service module assembly '/Users/fayzullotukhtasinov/.vscode/extensions/ms-dotnettools.csdevkit-1.17.64-darwin-arm64/components/CPS/platforms/darwin-arm64/node_modules/@microsoft/visualstudio-projectsystem-server.darwin-arm64/Microsoft.VisualStudio.ProjectSystem.Server.Implementation.dll' from '/Users/fayzullotukhtasinov/.vscode/extensions/ms-dotnettools.csdevkit-1.17.64-darwin-arm64/components/CPS/platforms/darwin-arm64/node_modules/@microsoft/visualstudio-projectsystem-server.darwin-arm64'
03/30/2025 19:35:51 Central European Standard Time : Information : Starting service module 'Microsoft.VisualStudio.ProjectSystem.ProjectTreeProvider'. Class: Microsoft.VisualStudio.ProjectSystem.Server.ProjectTreeProviderFactory, Supported Version: 
03/30/2025 19:35:51 Central European Standard Time : Information : Started service 'Microsoft.VisualStudio.ProjectSystem.ProjectTreeProvider'. Pipe name: /Users/fayzullotukhtasinov/.ServiceHub/a8f97a36e0/bf0ab0a725, Supported Version: 
03/30/2025 19:35:51 Central European Standard Time : Information : CLR host received start request for service 'Microsoft.VisualStudio.ProjectSystem.ProjectInitializationStatusService'
03/30/2025 19:35:51 Central European Standard Time : Information : Loading service module assembly '/Users/fayzullotukhtasinov/.vscode/extensions/ms-dotnettools.csdevkit-1.17.64-darwin-arm64/components/CPS/platforms/darwin-arm64/node_modules/@microsoft/visualstudio-projectsystem-server.darwin-arm64/Microsoft.VisualStudio.ProjectSystem.Server.Implementation.dll' from '/Users/fayzullotukhtasinov/.vscode/extensions/ms-dotnettools.csdevkit-1.17.64-darwin-arm64/components/CPS/platforms/darwin-arm64/node_modules/@microsoft/visualstudio-projectsystem-server.darwin-arm64'
03/30/2025 19:35:51 Central European Standard Time : Information : Starting service module 'Microsoft.VisualStudio.ProjectSystem.ProjectInitializationStatusService'. Class: Microsoft.VisualStudio.ProjectSystem.Server.ProjectInitializationStatusServiceFactory, Supported Version: 
03/30/2025 19:35:51 Central European Standard Time : Information : Started service 'Microsoft.VisualStudio.ProjectSystem.ProjectInitializationStatusService'. Pipe name: /Users/fayzullotukhtasinov/.ServiceHub/a8f97a36e0/b0d541b711, Supported Version: 
03/30/2025 19:35:51 Central European Standard Time : Information : hubHostClr write: Content-Length: 96

{"jsonrpc":"2.0","id":3,"result":"/Users/fayzullotukhtasinov/.ServiceHub/a8f97a36e0/f755927555"}Content-Length: 96

{"jsonrpc":"2.0","id":4,"result":"/Users/fayzullotukhtasinov/.ServiceHub/a8f97a36e0/bf0ab0a725"}Content-Length: 96

{"jsonrpc":"2.0","id":5,"result":"/Users/fayzullotukhtasinov/.ServiceHub/a8f97a36e0/b0d541b711"}
03/30/2025 19:35:51 Central European Standard Time : Information : A new client connected to CLR service module 'Microsoft.VisualStudio.LaunchConfigurationService'
03/30/2025 19:35:51 Central European Standard Time : Information : A new client connected to CLR service module 'Microsoft.VisualStudio.ProjectSystem.ProjectTreeProvider'
03/30/2025 19:35:51 Central European Standard Time : Information : A new client connected to CLR service module 'Microsoft.VisualStudio.ProjectSystem.ProjectInitializationStatusService'
03/30/2025 19:35:51 Central European Standard Time : Information : Found FactoryVersion=Version2 for service : Microsoft.VisualStudio.ProjectSystem.ProjectTreeProvider.
03/30/2025 19:35:51 Central European Standard Time : Information : Service 'Microsoft.VisualStudio.ProjectSystem.Server.ProjectTreeProviderFactory' implements IServiceHubServiceFactory. Creating factory instance and caching it.
03/30/2025 19:35:51 Central European Standard Time : Information : hubHostClr write: Content-Length: 124

{"jsonrpc":"2.0","method":"HostServicesStartedAsync","params":["dotnet.projectSystem$C94B8CFE-E3FD-4BAF-A941-2866DBB566FE"]}
03/30/2025 19:35:51 Central European Standard Time : Information : Found FactoryVersion=Version2 for service : Microsoft.VisualStudio.LaunchConfigurationService.
03/30/2025 19:35:51 Central European Standard Time : Information : Service 'Microsoft.VisualStudio.ProjectSystem.Server.LaunchConfigurationServiceFactory' implements IServiceHubServiceFactory. Creating factory instance and caching it.
03/30/2025 19:35:51 Central European Standard Time : Information : Found FactoryVersion=Version2 for service : Microsoft.VisualStudio.ProjectSystem.ProjectInitializationStatusService.
03/30/2025 19:35:51 Central European Standard Time : Information : Service 'Microsoft.VisualStudio.ProjectSystem.Server.ProjectInitializationStatusServiceFactory' implements IServiceHubServiceFactory. Creating factory instance and caching it.
03/30/2025 19:35:51 Central European Standard Time : Information : Creating service Microsoft.VisualStudio.ProjectSystem.Server.ProjectInitializationStatusServiceFactory from factory with FactoryVersion=Version2 and ClientRequestedVersion=0.1.
03/30/2025 19:35:51 Central European Standard Time : Information : Setting up RPC connection for service 'Microsoft.VisualStudio.ProjectSystem.Server.ProjectInitializationStatusServiceFactory' from factory
03/30/2025 19:35:51 Central European Standard Time : Information : Creating service Microsoft.VisualStudio.ProjectSystem.Server.LaunchConfigurationServiceFactory from factory with FactoryVersion=Version2 and ClientRequestedVersion=.
03/30/2025 19:35:51 Central European Standard Time : Information : Setting up RPC connection for service 'Microsoft.VisualStudio.ProjectSystem.Server.LaunchConfigurationServiceFactory' from factory
03/30/2025 19:35:51 Central European Standard Time : Information : Creating service Microsoft.VisualStudio.ProjectSystem.Server.ProjectTreeProviderFactory from factory with FactoryVersion=Version2 and ClientRequestedVersion=0.1.
03/30/2025 19:35:51 Central European Standard Time : Information : Setting up RPC connection for service 'Microsoft.VisualStudio.ProjectSystem.Server.ProjectTreeProviderFactory' from factory
03/30/2025 19:35:51 Central European Standard Time : Information : hubHostClr read: Content-Length: 1079

{"jsonrpc":"2.0","id":6,"method":"StartServiceAsync","params":[{"name":"Microsoft.VisualStudio.ProjectSystem.CompositionService","host":"dotnet.projectSystem","hostId":"C94B8CFE-E3FD-4BAF-A941-2866DBB566FE","serviceBaseDirectory":"/Users/fayzullotukhtasinov/.vscode/extensions/ms-dotnettools.csdevkit-1.17.64-darwin-arm64/components/CPS/platforms/darwin-arm64/node_modules/@microsoft/visualstudio-projectsystem-server.darwin-arm64","entryPoint":{"assemblyPath":"/Users/fayzullotukhtasinov/.vscode/extensions/ms-dotnettools.csdevkit-1.17.64-darwin-arm64/components/CPS/platforms/darwin-arm64/node_modules/@microsoft/visualstudio-projectsystem-server.darwin-arm64/Microsoft.VisualStudio.ProjectSystem.Server.Implementation.dll","fullClassName":"Microsoft.VisualStudio.ProjectSystem.Server.CompositionServiceFactory"}},{"ActivationArguments":{"__servicehub__ServiceHubRemoteServiceBrokerPipeName":"/Users/fayzullotukhtasinov/.ServiceHub/a8f97a36e0/61fba63b96","__servicehub__RequestedServiceVersion":"0.1"},"ClientCredentials":{},"ClientCulture":"en-GB","ClientUICulture":"en-GB"}]}
03/30/2025 19:35:51 Central European Standard Time : Information : CLR host received start request for service 'Microsoft.VisualStudio.ProjectSystem.CompositionService'
03/30/2025 19:35:51 Central European Standard Time : Information : Loading service module assembly '/Users/fayzullotukhtasinov/.vscode/extensions/ms-dotnettools.csdevkit-1.17.64-darwin-arm64/components/CPS/platforms/darwin-arm64/node_modules/@microsoft/visualstudio-projectsystem-server.darwin-arm64/Microsoft.VisualStudio.ProjectSystem.Server.Implementation.dll' from '/Users/fayzullotukhtasinov/.vscode/extensions/ms-dotnettools.csdevkit-1.17.64-darwin-arm64/components/CPS/platforms/darwin-arm64/node_modules/@microsoft/visualstudio-projectsystem-server.darwin-arm64'
03/30/2025 19:35:51 Central European Standard Time : Information : Starting service module 'Microsoft.VisualStudio.ProjectSystem.CompositionService'. Class: Microsoft.VisualStudio.ProjectSystem.Server.CompositionServiceFactory, Supported Version: 
03/30/2025 19:35:51 Central European Standard Time : Information : Started service 'Microsoft.VisualStudio.ProjectSystem.CompositionService'. Pipe name: /Users/fayzullotukhtasinov/.ServiceHub/a8f97a36e0/d62edfdf8c, Supported Version: 
03/30/2025 19:35:51 Central European Standard Time : Information : hubHostClr write: Content-Length: 96

{"jsonrpc":"2.0","id":6,"result":"/Users/fayzullotukhtasinov/.ServiceHub/a8f97a36e0/d62edfdf8c"}
03/30/2025 19:35:51 Central European Standard Time : Information : A new client connected to CLR service module 'Microsoft.VisualStudio.ProjectSystem.CompositionService'
03/30/2025 19:35:51 Central European Standard Time : Information : Found FactoryVersion=Version2 for service : Microsoft.VisualStudio.ProjectSystem.CompositionService.
03/30/2025 19:35:51 Central European Standard Time : Information : Service 'Microsoft.VisualStudio.ProjectSystem.Server.CompositionServiceFactory' implements IServiceHubServiceFactory. Creating factory instance and caching it.
03/30/2025 19:35:51 Central European Standard Time : Information : Creating service Microsoft.VisualStudio.ProjectSystem.Server.CompositionServiceFactory from factory with FactoryVersion=Version2 and ClientRequestedVersion=0.1.
03/30/2025 19:35:51 Central European Standard Time : Information : Setting up RPC connection for service 'Microsoft.VisualStudio.ProjectSystem.Server.CompositionServiceFactory' from factory
03/30/2025 19:35:52 Central European Standard Time : Information : Completed RPC connection setup for service 'Microsoft.VisualStudio.ProjectSystem.Server.CompositionServiceFactory' from factory
03/30/2025 19:35:52 Central European Standard Time : Information : Completed RPC connection setup for service 'Microsoft.VisualStudio.ProjectSystem.Server.ProjectInitializationStatusServiceFactory' from factory
03/30/2025 19:35:52 Central European Standard Time : Information : Completed RPC connection setup for service 'Microsoft.VisualStudio.ProjectSystem.Server.LaunchConfigurationServiceFactory' from factory
03/30/2025 19:35:52 Central European Standard Time : Information : Completed RPC connection setup for service 'Microsoft.VisualStudio.ProjectSystem.Server.ProjectTreeProviderFactory' from factory
03/30/2025 19:35:52 Central European Standard Time : Information : Checking if 'Microsoft.VisualStudio.ProjectSystem.Server.CompositionServiceFactory' implements Microsoft.VisualStudio.Threading.IAsyncDisposable.
03/30/2025 19:35:52 Central European Standard Time : Information : Checking if 'Microsoft.VisualStudio.ProjectSystem.Server.CompositionServiceFactory' implements System.IAsyncDisposable.
03/30/2025 19:35:52 Central European Standard Time : Information : Checking if 'Microsoft.VisualStudio.ProjectSystem.Server.CompositionServiceFactory' implements System.IDisposable.
03/30/2025 19:35:52 Central European Standard Time : Information : hubHostClr read: Content-Length: 1100

{"jsonrpc":"2.0","id":7,"method":"StartServiceAsync","params":[{"name":"Microsoft.VisualStudio.ProjectSystem.Query.Remoting.QueryExecutionService","host":"dotnet.projectSystem","hostId":"C94B8CFE-E3FD-4BAF-A941-2866DBB566FE","serviceBaseDirectory":"/Users/fayzullotukhtasinov/.vscode/extensions/ms-dotnettools.csdevkit-1.17.64-darwin-arm64/components/CPS/platforms/darwin-arm64/node_modules/@microsoft/visualstudio-projectsystem-server.darwin-arm64","entryPoint":{"assemblyPath":"/Users/fayzullotukhtasinov/.vscode/extensions/ms-dotnettools.csdevkit-1.17.64-darwin-arm64/components/CPS/platforms/darwin-arm64/node_modules/@microsoft/visualstudio-projectsystem-server.darwin-arm64/Microsoft.VisualStudio.ProjectSystem.Server.Implementation.dll","fullClassName":"Microsoft.VisualStudio.ProjectSystem.Server.QueryExecutionServiceFactory"}},{"ActivationArguments":{"__servicehub__ServiceHubRemoteServiceBrokerPipeName":"/Users/fayzullotukhtasinov/.ServiceHub/a8f97a36e0/cb83875eb0","__servicehub__RequestedServiceVersion":"0.3"},"ClientCredentials":{},"ClientCulture":"en-GB","ClientUICulture":"en-GB"}]}
03/30/2025 19:35:52 Central European Standard Time : Information : CLR host received start request for service 'Microsoft.VisualStudio.ProjectSystem.Query.Remoting.QueryExecutionService'
03/30/2025 19:35:52 Central European Standard Time : Information : Loading service module assembly '/Users/fayzullotukhtasinov/.vscode/extensions/ms-dotnettools.csdevkit-1.17.64-darwin-arm64/components/CPS/platforms/darwin-arm64/node_modules/@microsoft/visualstudio-projectsystem-server.darwin-arm64/Microsoft.VisualStudio.ProjectSystem.Server.Implementation.dll' from '/Users/fayzullotukhtasinov/.vscode/extensions/ms-dotnettools.csdevkit-1.17.64-darwin-arm64/components/CPS/platforms/darwin-arm64/node_modules/@microsoft/visualstudio-projectsystem-server.darwin-arm64'
03/30/2025 19:35:52 Central European Standard Time : Information : Starting service module 'Microsoft.VisualStudio.ProjectSystem.Query.Remoting.QueryExecutionService'. Class: Microsoft.VisualStudio.ProjectSystem.Server.QueryExecutionServiceFactory, Supported Version: 
03/30/2025 19:35:52 Central European Standard Time : Information : Started service 'Microsoft.VisualStudio.ProjectSystem.Query.Remoting.QueryExecutionService'. Pipe name: /Users/fayzullotukhtasinov/.ServiceHub/a8f97a36e0/4f47f41327, Supported Version: 
03/30/2025 19:35:52 Central European Standard Time : Information : hubHostClr write: Content-Length: 96

{"jsonrpc":"2.0","id":7,"result":"/Users/fayzullotukhtasinov/.ServiceHub/a8f97a36e0/4f47f41327"}
03/30/2025 19:35:52 Central European Standard Time : Information : A new client connected to CLR service module 'Microsoft.VisualStudio.ProjectSystem.Query.Remoting.QueryExecutionService'
03/30/2025 19:35:52 Central European Standard Time : Information : Found FactoryVersion=Version2 for service : Microsoft.VisualStudio.ProjectSystem.Query.Remoting.QueryExecutionService.
03/30/2025 19:35:52 Central European Standard Time : Information : Service 'Microsoft.VisualStudio.ProjectSystem.Server.QueryExecutionServiceFactory' implements IServiceHubServiceFactory. Creating factory instance and caching it.
03/30/2025 19:35:52 Central European Standard Time : Information : Creating service Microsoft.VisualStudio.ProjectSystem.Server.QueryExecutionServiceFactory from factory with FactoryVersion=Version2 and ClientRequestedVersion=0.3.
03/30/2025 19:35:52 Central European Standard Time : Information : Setting up RPC connection for service 'Microsoft.VisualStudio.ProjectSystem.Server.QueryExecutionServiceFactory' from factory
03/30/2025 19:35:52 Central European Standard Time : Information : Completed RPC connection setup for service 'Microsoft.VisualStudio.ProjectSystem.Server.QueryExecutionServiceFactory' from factory
03/30/2025 19:35:52 Central European Standard Time : Information : hubHostClr read: Content-Length: 1080

{"jsonrpc":"2.0","id":8,"method":"StartServiceAsync","params":[{"name":"Microsoft.VisualStudio.CpsProjectIconSourceService","host":"dotnet.projectSystem","hostId":"C94B8CFE-E3FD-4BAF-A941-2866DBB566FE","serviceBaseDirectory":"/Users/fayzullotukhtasinov/.vscode/extensions/ms-dotnettools.csdevkit-1.17.64-darwin-arm64/components/CPS/platforms/darwin-arm64/node_modules/@microsoft/visualstudio-projectsystem-server.darwin-arm64","entryPoint":{"assemblyPath":"/Users/fayzullotukhtasinov/.vscode/extensions/ms-dotnettools.csdevkit-1.17.64-darwin-arm64/components/CPS/platforms/darwin-arm64/node_modules/@microsoft/visualstudio-projectsystem-server.darwin-arm64/Microsoft.VisualStudio.ProjectSystem.Server.Implementation.dll","fullClassName":"Microsoft.VisualStudio.ProjectSystem.Server.ProjectIconSourceServiceFactory"}},{"ActivationArguments":{"__servicehub__ServiceHubRemoteServiceBrokerPipeName":"/Users/fayzullotukhtasinov/.ServiceHub/a8f97a36e0/cb49741b01","__servicehub__RequestedServiceVersion":"0.1"},"ClientCredentials":{},"ClientCulture":"en-GB","ClientUICulture":"en-GB"}]}
03/30/2025 19:35:52 Central European Standard Time : Information : CLR host received start request for service 'Microsoft.VisualStudio.CpsProjectIconSourceService'
03/30/2025 19:35:52 Central European Standard Time : Information : Loading service module assembly '/Users/fayzullotukhtasinov/.vscode/extensions/ms-dotnettools.csdevkit-1.17.64-darwin-arm64/components/CPS/platforms/darwin-arm64/node_modules/@microsoft/visualstudio-projectsystem-server.darwin-arm64/Microsoft.VisualStudio.ProjectSystem.Server.Implementation.dll' from '/Users/fayzullotukhtasinov/.vscode/extensions/ms-dotnettools.csdevkit-1.17.64-darwin-arm64/components/CPS/platforms/darwin-arm64/node_modules/@microsoft/visualstudio-projectsystem-server.darwin-arm64'
03/30/2025 19:35:52 Central European Standard Time : Information : Starting service module 'Microsoft.VisualStudio.CpsProjectIconSourceService'. Class: Microsoft.VisualStudio.ProjectSystem.Server.ProjectIconSourceServiceFactory, Supported Version: 
03/30/2025 19:35:52 Central European Standard Time : Information : Started service 'Microsoft.VisualStudio.CpsProjectIconSourceService'. Pipe name: /Users/fayzullotukhtasinov/.ServiceHub/a8f97a36e0/dee39d8b3b, Supported Version: 
03/30/2025 19:35:52 Central European Standard Time : Information : hubHostClr write: Content-Length: 96

{"jsonrpc":"2.0","id":8,"result":"/Users/fayzullotukhtasinov/.ServiceHub/a8f97a36e0/dee39d8b3b"}
03/30/2025 19:35:52 Central European Standard Time : Information : A new client connected to CLR service module 'Microsoft.VisualStudio.CpsProjectIconSourceService'
03/30/2025 19:35:52 Central European Standard Time : Information : Found FactoryVersion=Version2 for service : Microsoft.VisualStudio.CpsProjectIconSourceService.
03/30/2025 19:35:52 Central European Standard Time : Information : Service 'Microsoft.VisualStudio.ProjectSystem.Server.ProjectIconSourceServiceFactory' implements IServiceHubServiceFactory. Creating factory instance and caching it.
03/30/2025 19:35:53 Central European Standard Time : Information : Creating service Microsoft.VisualStudio.ProjectSystem.Server.ProjectIconSourceServiceFactory from factory with FactoryVersion=Version2 and ClientRequestedVersion=0.1.
03/30/2025 19:35:53 Central European Standard Time : Information : Setting up RPC connection for service 'Microsoft.VisualStudio.ProjectSystem.Server.ProjectIconSourceServiceFactory' from factory
03/30/2025 19:35:53 Central European Standard Time : Information : Completed RPC connection setup for service 'Microsoft.VisualStudio.ProjectSystem.Server.ProjectIconSourceServiceFactory' from factory
03/30/2025 19:35:54 Central European Standard Time : Information : hubHostClr read: Content-Length: 1111

{"jsonrpc":"2.0","id":9,"method":"StartServiceAsync","params":[{"name":"Microsoft.VisualStudio.ProjectSystem.ProjectInitializationStatusService","host":"dotnet.projectSystem","hostId":"C94B8CFE-E3FD-4BAF-A941-2866DBB566FE","serviceBaseDirectory":"/Users/fayzullotukhtasinov/.vscode/extensions/ms-dotnettools.csdevkit-1.17.64-darwin-arm64/components/CPS/platforms/darwin-arm64/node_modules/@microsoft/visualstudio-projectsystem-server.darwin-arm64","entryPoint":{"assemblyPath":"/Users/fayzullotukhtasinov/.vscode/extensions/ms-dotnettools.csdevkit-1.17.64-darwin-arm64/components/CPS/platforms/darwin-arm64/node_modules/@microsoft/visualstudio-projectsystem-server.darwin-arm64/Microsoft.VisualStudio.ProjectSystem.Server.Implementation.dll","fullClassName":"Microsoft.VisualStudio.ProjectSystem.Server.ProjectInitializationStatusServiceFactory"}},{"ActivationArguments":{"__servicehub__ServiceHubRemoteServiceBrokerPipeName":"/Users/fayzullotukhtasinov/.ServiceHub/a8f97a36e0/ae360a6cc6","__servicehub__RequestedServiceVersion":"0.1"},"ClientCredentials":{},"ClientCulture":"en-GB","ClientUICulture":"en-GB"}]}
03/30/2025 19:35:54 Central European Standard Time : Information : CLR host received start request for service 'Microsoft.VisualStudio.ProjectSystem.ProjectInitializationStatusService'
03/30/2025 19:35:54 Central European Standard Time : Information : Loading service module assembly '/Users/fayzullotukhtasinov/.vscode/extensions/ms-dotnettools.csdevkit-1.17.64-darwin-arm64/components/CPS/platforms/darwin-arm64/node_modules/@microsoft/visualstudio-projectsystem-server.darwin-arm64/Microsoft.VisualStudio.ProjectSystem.Server.Implementation.dll' from '/Users/fayzullotukhtasinov/.vscode/extensions/ms-dotnettools.csdevkit-1.17.64-darwin-arm64/components/CPS/platforms/darwin-arm64/node_modules/@microsoft/visualstudio-projectsystem-server.darwin-arm64'
03/30/2025 19:35:54 Central European Standard Time : Information : Starting service module 'Microsoft.VisualStudio.ProjectSystem.ProjectInitializationStatusService'. Class: Microsoft.VisualStudio.ProjectSystem.Server.ProjectInitializationStatusServiceFactory, Supported Version: 
03/30/2025 19:35:54 Central European Standard Time : Information : Started service 'Microsoft.VisualStudio.ProjectSystem.ProjectInitializationStatusService'. Pipe name: /Users/fayzullotukhtasinov/.ServiceHub/a8f97a36e0/480f5bfcb3, Supported Version: 
03/30/2025 19:35:54 Central European Standard Time : Information : hubHostClr write: Content-Length: 96

{"jsonrpc":"2.0","id":9,"result":"/Users/fayzullotukhtasinov/.ServiceHub/a8f97a36e0/480f5bfcb3"}
03/30/2025 19:35:54 Central European Standard Time : Information : A new client connected to CLR service module 'Microsoft.VisualStudio.ProjectSystem.ProjectInitializationStatusService'
03/30/2025 19:35:54 Central European Standard Time : Information : Found IServiceHubServiceFactory in cache. Creating instance from the factory.
03/30/2025 19:35:54 Central European Standard Time : Information : Creating service Microsoft.VisualStudio.ProjectSystem.Server.ProjectInitializationStatusServiceFactory from factory with FactoryVersion=Version2 and ClientRequestedVersion=0.1.
03/30/2025 19:35:54 Central European Standard Time : Information : Setting up RPC connection for service 'Microsoft.VisualStudio.ProjectSystem.Server.ProjectInitializationStatusServiceFactory' from factory
03/30/2025 19:35:54 Central European Standard Time : Information : Completed RPC connection setup for service 'Microsoft.VisualStudio.ProjectSystem.Server.ProjectInitializationStatusServiceFactory' from factory
03/30/2025 19:35:56 Central European Standard Time : Information : hubHostClr read: Content-Length: 1101

{"jsonrpc":"2.0","id":10,"method":"StartServiceAsync","params":[{"name":"Microsoft.VisualStudio.ProjectSystem.Query.Remoting.QueryExecutionService","host":"dotnet.projectSystem","hostId":"C94B8CFE-E3FD-4BAF-A941-2866DBB566FE","serviceBaseDirectory":"/Users/fayzullotukhtasinov/.vscode/extensions/ms-dotnettools.csdevkit-1.17.64-darwin-arm64/components/CPS/platforms/darwin-arm64/node_modules/@microsoft/visualstudio-projectsystem-server.darwin-arm64","entryPoint":{"assemblyPath":"/Users/fayzullotukhtasinov/.vscode/extensions/ms-dotnettools.csdevkit-1.17.64-darwin-arm64/components/CPS/platforms/darwin-arm64/node_modules/@microsoft/visualstudio-projectsystem-server.darwin-arm64/Microsoft.VisualStudio.ProjectSystem.Server.Implementation.dll","fullClassName":"Microsoft.VisualStudio.ProjectSystem.Server.QueryExecutionServiceFactory"}},{"ActivationArguments":{"__servicehub__ServiceHubRemoteServiceBrokerPipeName":"/Users/fayzullotukhtasinov/.ServiceHub/a8f97a36e0/c02b242777","__servicehub__RequestedServiceVersion":"0.3"},"ClientCredentials":{},"ClientCulture":"en-GB","ClientUICulture":"en-GB"}]}
03/30/2025 19:35:56 Central European Standard Time : Information : CLR host received start request for service 'Microsoft.VisualStudio.ProjectSystem.Query.Remoting.QueryExecutionService'
03/30/2025 19:35:56 Central European Standard Time : Information : Loading service module assembly '/Users/fayzullotukhtasinov/.vscode/extensions/ms-dotnettools.csdevkit-1.17.64-darwin-arm64/components/CPS/platforms/darwin-arm64/node_modules/@microsoft/visualstudio-projectsystem-server.darwin-arm64/Microsoft.VisualStudio.ProjectSystem.Server.Implementation.dll' from '/Users/fayzullotukhtasinov/.vscode/extensions/ms-dotnettools.csdevkit-1.17.64-darwin-arm64/components/CPS/platforms/darwin-arm64/node_modules/@microsoft/visualstudio-projectsystem-server.darwin-arm64'
03/30/2025 19:35:56 Central European Standard Time : Information : Starting service module 'Microsoft.VisualStudio.ProjectSystem.Query.Remoting.QueryExecutionService'. Class: Microsoft.VisualStudio.ProjectSystem.Server.QueryExecutionServiceFactory, Supported Version: 
03/30/2025 19:35:56 Central European Standard Time : Information : Started service 'Microsoft.VisualStudio.ProjectSystem.Query.Remoting.QueryExecutionService'. Pipe name: /Users/fayzullotukhtasinov/.ServiceHub/a8f97a36e0/42ee1da354, Supported Version: 
03/30/2025 19:35:56 Central European Standard Time : Information : hubHostClr write: Content-Length: 97

{"jsonrpc":"2.0","id":10,"result":"/Users/fayzullotukhtasinov/.ServiceHub/a8f97a36e0/42ee1da354"}
03/30/2025 19:35:56 Central European Standard Time : Information : A new client connected to CLR service module 'Microsoft.VisualStudio.ProjectSystem.Query.Remoting.QueryExecutionService'
03/30/2025 19:35:56 Central European Standard Time : Information : Found IServiceHubServiceFactory in cache. Creating instance from the factory.
03/30/2025 19:35:56 Central European Standard Time : Information : Creating service Microsoft.VisualStudio.ProjectSystem.Server.QueryExecutionServiceFactory from factory with FactoryVersion=Version2 and ClientRequestedVersion=0.3.
03/30/2025 19:35:56 Central European Standard Time : Information : Setting up RPC connection for service 'Microsoft.VisualStudio.ProjectSystem.Server.QueryExecutionServiceFactory' from factory
03/30/2025 19:35:56 Central European Standard Time : Information : Completed RPC connection setup for service 'Microsoft.VisualStudio.ProjectSystem.Server.QueryExecutionServiceFactory' from factory
03/30/2025 19:53:18 Central European Standard Time : Information : Checking if 'Microsoft.VisualStudio.ProjectSystem.Server.LaunchConfigurationServiceFactory' implements Microsoft.VisualStudio.Threading.IAsyncDisposable.
03/30/2025 19:53:18 Central European Standard Time : Information : Checking if 'Microsoft.VisualStudio.ProjectSystem.Server.ProjectTreeProviderFactory' implements Microsoft.VisualStudio.Threading.IAsyncDisposable.
03/30/2025 19:53:18 Central European Standard Time : Information : Checking if 'Microsoft.VisualStudio.ProjectSystem.Server.ProjectTreeProviderFactory' implements System.IAsyncDisposable.
03/30/2025 19:53:18 Central European Standard Time : Information : Checking if 'Microsoft.VisualStudio.ProjectSystem.Server.ProjectTreeProviderFactory' implements System.IDisposable.
03/30/2025 19:53:18 Central European Standard Time : Information : Checking if 'Microsoft.VisualStudio.ProjectSystem.Server.LaunchConfigurationServiceFactory' implements System.IAsyncDisposable.
03/30/2025 19:53:18 Central European Standard Time : Information : Checking if 'Microsoft.VisualStudio.ProjectSystem.Server.LaunchConfigurationServiceFactory' implements System.IDisposable.
03/30/2025 19:53:18 Central European Standard Time : Information : hubHostClr read: Content-Length: 1036

{"jsonrpc":"2.0","id":11,"method":"StartServiceAsync","params":[{"name":"Microsoft.VisualStudio.LaunchConfigurationService","host":"dotnet.projectSystem","hostId":"C94B8CFE-E3FD-4BAF-A941-2866DBB566FE","serviceBaseDirectory":"/Users/fayzullotukhtasinov/.vscode/extensions/ms-dotnettools.csdevkit-1.17.64-darwin-arm64/components/CPS/platforms/darwin-arm64/node_modules/@microsoft/visualstudio-projectsystem-server.darwin-arm64","entryPoint":{"assemblyPath":"/Users/fayzullotukhtasinov/.vscode/extensions/ms-dotnettools.csdevkit-1.17.64-darwin-arm64/components/CPS/platforms/darwin-arm64/node_modules/@microsoft/visualstudio-projectsystem-server.darwin-arm64/Microsoft.VisualStudio.ProjectSystem.Server.Implementation.dll","fullClassName":"Microsoft.VisualStudio.ProjectSystem.Server.LaunchConfigurationServiceFactory"}},{"ActivationArguments":{"__servicehub__ServiceHubRemoteServiceBrokerPipeName":"/Users/fayzullotukhtasinov/.ServiceHub/a8f97a36e0/28d0b18380"},"ClientCredentials":{},"ClientCulture":"en-GB","ClientUICulture":"en-GB"}]}
03/30/2025 19:53:18 Central European Standard Time : Information : CLR host received start request for service 'Microsoft.VisualStudio.LaunchConfigurationService'
03/30/2025 19:53:18 Central European Standard Time : Information : Loading service module assembly '/Users/fayzullotukhtasinov/.vscode/extensions/ms-dotnettools.csdevkit-1.17.64-darwin-arm64/components/CPS/platforms/darwin-arm64/node_modules/@microsoft/visualstudio-projectsystem-server.darwin-arm64/Microsoft.VisualStudio.ProjectSystem.Server.Implementation.dll' from '/Users/fayzullotukhtasinov/.vscode/extensions/ms-dotnettools.csdevkit-1.17.64-darwin-arm64/components/CPS/platforms/darwin-arm64/node_modules/@microsoft/visualstudio-projectsystem-server.darwin-arm64'
03/30/2025 19:53:18 Central European Standard Time : Information : Starting service module 'Microsoft.VisualStudio.LaunchConfigurationService'. Class: Microsoft.VisualStudio.ProjectSystem.Server.LaunchConfigurationServiceFactory, Supported Version: 
03/30/2025 19:53:18 Central European Standard Time : Information : Started service 'Microsoft.VisualStudio.LaunchConfigurationService'. Pipe name: /Users/fayzullotukhtasinov/.ServiceHub/a8f97a36e0/42df696d8c, Supported Version: 
03/30/2025 19:53:18 Central European Standard Time : Information : hubHostClr write: Content-Length: 97

{"jsonrpc":"2.0","id":11,"result":"/Users/fayzullotukhtasinov/.ServiceHub/a8f97a36e0/42df696d8c"}
03/30/2025 19:53:18 Central European Standard Time : Information : Checking if 'Microsoft.VisualStudio.ProjectSystem.Server.QueryExecutionServiceFactory' implements Microsoft.VisualStudio.Threading.IAsyncDisposable.
03/30/2025 19:53:18 Central European Standard Time : Information : Checking if 'Microsoft.VisualStudio.ProjectSystem.Server.QueryExecutionServiceFactory' implements System.IAsyncDisposable.
03/30/2025 19:53:18 Central European Standard Time : Information : Checking if 'Microsoft.VisualStudio.ProjectSystem.Server.QueryExecutionServiceFactory' implements System.IDisposable.
03/30/2025 19:53:18 Central European Standard Time : Information : Checking if 'Microsoft.VisualStudio.ProjectSystem.Server.ProjectInitializationStatusServiceFactory' implements Microsoft.VisualStudio.Threading.IAsyncDisposable.
03/30/2025 19:53:18 Central European Standard Time : Information : Checking if 'Microsoft.VisualStudio.ProjectSystem.Server.ProjectInitializationStatusServiceFactory' implements System.IAsyncDisposable.
03/30/2025 19:53:18 Central European Standard Time : Information : Checking if 'Microsoft.VisualStudio.ProjectSystem.Server.ProjectInitializationStatusServiceFactory' implements System.IDisposable.
03/30/2025 19:53:18 Central European Standard Time : Information : hubHostClr read: Content-Length: 58

{"jsonrpc":"2.0","id":12,"method":"ExitAsync","params":[]}
03/30/2025 19:53:18 Central European Standard Time : Information : Exit command received. Exiting CLR host
03/30/2025 19:53:18 Central European Standard Time : Information : hubHostClr write: Content-Length: 39

{"jsonrpc":"2.0","id":12,"result":null}
03/30/2025 19:53:18 Central European Standard Time : Information : hubHostClr JSON RPC has been disposed
03/30/2025 19:53:18 Central European Standard Time : Information : hubHostClr read: end of stream
03/30/2025 19:53:18 Central European Standard Time : Information : Checking if 'Microsoft.VisualStudio.ProjectSystem.Server.ProjectIconSourceServiceFactory' implements Microsoft.VisualStudio.Threading.IAsyncDisposable.
03/30/2025 19:53:18 Central European Standard Time : Information : Checking if 'Microsoft.VisualStudio.ProjectSystem.Server.ProjectIconSourceServiceFactory' implements System.IAsyncDisposable.
03/30/2025 19:53:18 Central European Standard Time : Information : Checking if 'Microsoft.VisualStudio.ProjectSystem.Server.ProjectIconSourceServiceFactory' implements System.IDisposable.
