03/30/2025 19:35:51 Central European Standard Time : Information : Local timezone is (UTC+01:00) Central European Time (Oslo)
03/30/2025 19:35:51 Central European Standard Time : Information : Added local RPC method "getPipe" -> Microsoft.VisualStudio.Utilities.ServiceBroker.GlobalBrokeredServiceContainer+View.GetPipeAsync(ServiceMoniker, ServiceActivationOptions, CancellationToken) (Microsoft.VisualStudio.Utilities.ServiceBroker.GlobalBrokeredServiceContainer+View)
03/30/2025 19:35:51 Central European Standard Time : Information : Added local RPC method "getProxy" -> Microsoft.VisualStudio.Utilities.ServiceBroker.GlobalBrokeredServiceContainer+View.GetProxyAsync(ServiceRpcDescriptor, ServiceActivationOptions, CancellationToken) (Microsoft.VisualStudio.Utilities.ServiceBroker.GlobalBrokeredServiceContainer+View)
03/30/2025 19:35:51 Central European Standard Time : Information : Added local RPC method "handshake" -> Microsoft.VisualStudio.Utilities.ServiceBroker.GlobalBrokeredServiceContainer+View.HandshakeAsync(ServiceBrokerClientMetadata, CancellationToken) (Microsoft.VisualStudio.Utilities.ServiceBroker.GlobalBrokeredServiceContainer+View)
03/30/2025 19:35:51 Central European Standard Time : Information : Added local RPC method "requestServiceChannel" -> Microsoft.VisualStudio.Utilities.ServiceBroker.GlobalBrokeredServiceContainer+View.RequestServiceChannelAsync(ServiceMoniker, ServiceActivationOptions, CancellationToken) (Microsoft.VisualStudio.Utilities.ServiceBroker.GlobalBrokeredServiceContainer+View)
03/30/2025 19:35:51 Central European Standard Time : Information : Added local RPC method "cancelServiceRequest" -> Microsoft.VisualStudio.Utilities.ServiceBroker.GlobalBrokeredServiceContainer+View.CancelServiceRequestAsync(Guid) (Microsoft.VisualStudio.Utilities.ServiceBroker.GlobalBrokeredServiceContainer+View)
03/30/2025 19:35:51 Central European Standard Time : Information : Added local RPC method "getPipe" -> Microsoft.VisualStudio.Utilities.ServiceBroker.GlobalBrokeredServiceContainer+View.GetPipeAsync(ServiceMoniker, ServiceActivationOptions, CancellationToken) (Microsoft.VisualStudio.Utilities.ServiceBroker.GlobalBrokeredServiceContainer+View)
03/30/2025 19:35:51 Central European Standard Time : Information : Added local RPC method "getProxy" -> Microsoft.VisualStudio.Utilities.ServiceBroker.GlobalBrokeredServiceContainer+View.GetProxyAsync(ServiceRpcDescriptor, ServiceActivationOptions, CancellationToken) (Microsoft.VisualStudio.Utilities.ServiceBroker.GlobalBrokeredServiceContainer+View)
03/30/2025 19:35:51 Central European Standard Time : Information : Added local RPC method "handshake" -> Microsoft.VisualStudio.Utilities.ServiceBroker.GlobalBrokeredServiceContainer+View.HandshakeAsync(ServiceBrokerClientMetadata, CancellationToken) (Microsoft.VisualStudio.Utilities.ServiceBroker.GlobalBrokeredServiceContainer+View)
03/30/2025 19:35:51 Central European Standard Time : Information : Added local RPC method "requestServiceChannel" -> Microsoft.VisualStudio.Utilities.ServiceBroker.GlobalBrokeredServiceContainer+View.RequestServiceChannelAsync(ServiceMoniker, ServiceActivationOptions, CancellationToken) (Microsoft.VisualStudio.Utilities.ServiceBroker.GlobalBrokeredServiceContainer+View)
03/30/2025 19:35:51 Central European Standard Time : Information : Added local RPC method "cancelServiceRequest" -> Microsoft.VisualStudio.Utilities.ServiceBroker.GlobalBrokeredServiceContainer+View.CancelServiceRequestAsync(Guid) (Microsoft.VisualStudio.Utilities.ServiceBroker.GlobalBrokeredServiceContainer+View)
03/30/2025 19:35:51 Central European Standard Time: Information : 2 :Listening for events from Microsoft.VisualStudio.Utilities.ServiceBroker.GlobalBrokeredServiceContainer+View.AvailabilityChanged to raise notification.
03/30/2025 19:35:51 Central European Standard Time: Information : 3 :Listening started.
03/30/2025 19:35:51 Central European Standard Time: Information : 7 :{"id":2,"method":"handshake"}
03/30/2025 19:35:51 Central European Standard Time: Information : 6 :Received request "2" for method "handshake".
03/30/2025 19:35:51 Central European Standard Time: Information : 9 :Invoking Microsoft.VisualStudio.Utilities.ServiceBroker.GlobalBrokeredServiceContainer+View.HandshakeAsync(ServiceBrokerClientMetadata, CancellationToken)
03/30/2025 19:35:51 Central European Standard Time : Start : handshake
03/30/2025 19:35:51 Central European Standard Time : Stop : handshake
03/30/2025 19:35:51 Central European Standard Time: Information : 8 :{"id":2}
03/30/2025 19:35:51 Central European Standard Time: Information : 7 :{"id":3,"method":"requestServiceChannel"}
03/30/2025 19:35:51 Central European Standard Time: Information : 6 :Received request "3" for method "requestServiceChannel".
03/30/2025 19:35:51 Central European Standard Time: Information : 9 :Invoking Microsoft.VisualStudio.Utilities.ServiceBroker.GlobalBrokeredServiceContainer+View.RequestServiceChannelAsync(ServiceMoniker, ServiceActivationOptions, CancellationToken)
03/30/2025 19:35:51 Central European Standard Time : Start : requestServiceChannel
03/30/2025 19:35:51 Central European Standard Time : Stop : requestServiceChannel
03/30/2025 19:35:51 Central European Standard Time: Information : 8 :{"id":3}
03/30/2025 19:35:52 Central European Standard Time: Information : 7 :{"id":4,"method":"requestServiceChannel"}
03/30/2025 19:35:52 Central European Standard Time: Information : 6 :Received request "4" for method "requestServiceChannel".
03/30/2025 19:35:52 Central European Standard Time: Information : 9 :Invoking Microsoft.VisualStudio.Utilities.ServiceBroker.GlobalBrokeredServiceContainer+View.RequestServiceChannelAsync(ServiceMoniker, ServiceActivationOptions, CancellationToken)
03/30/2025 19:35:52 Central European Standard Time : Start : requestServiceChannel
03/30/2025 19:35:52 Central European Standard Time: Information : 7 :{"id":5,"method":"requestServiceChannel"}
03/30/2025 19:35:52 Central European Standard Time: Information : 6 :Received request "5" for method "requestServiceChannel".
03/30/2025 19:35:52 Central European Standard Time: Information : 9 :Invoking Microsoft.VisualStudio.Utilities.ServiceBroker.GlobalBrokeredServiceContainer+View.RequestServiceChannelAsync(ServiceMoniker, ServiceActivationOptions, CancellationToken)
03/30/2025 19:35:52 Central European Standard Time : Start : requestServiceChannel
03/30/2025 19:35:52 Central European Standard Time : Stop : requestServiceChannel
03/30/2025 19:35:52 Central European Standard Time: Information : 8 :{"id":4}
03/30/2025 19:35:52 Central European Standard Time : Stop : requestServiceChannel
03/30/2025 19:35:52 Central European Standard Time: Information : 8 :{"id":5}
03/30/2025 19:35:52 Central European Standard Time: Information : 7 :{"id":6,"method":"requestServiceChannel"}
03/30/2025 19:35:52 Central European Standard Time: Information : 6 :Received request "6" for method "requestServiceChannel".
03/30/2025 19:35:52 Central European Standard Time: Information : 9 :Invoking Microsoft.VisualStudio.Utilities.ServiceBroker.GlobalBrokeredServiceContainer+View.RequestServiceChannelAsync(ServiceMoniker, ServiceActivationOptions, CancellationToken)
03/30/2025 19:35:52 Central European Standard Time : Start : requestServiceChannel
03/30/2025 19:35:52 Central European Standard Time: Information : 7 :{"id":7,"method":"requestServiceChannel"}
03/30/2025 19:35:52 Central European Standard Time: Information : 6 :Received request "7" for method "requestServiceChannel".
03/30/2025 19:35:52 Central European Standard Time: Information : 9 :Invoking Microsoft.VisualStudio.Utilities.ServiceBroker.GlobalBrokeredServiceContainer+View.RequestServiceChannelAsync(ServiceMoniker, ServiceActivationOptions, CancellationToken)
03/30/2025 19:35:52 Central European Standard Time : Start : requestServiceChannel
03/30/2025 19:35:52 Central European Standard Time : Stop : requestServiceChannel
03/30/2025 19:35:52 Central European Standard Time: Information : 8 :{"id":6}
03/30/2025 19:35:52 Central European Standard Time : Stop : requestServiceChannel
03/30/2025 19:35:52 Central European Standard Time: Information : 8 :{"id":7}
03/30/2025 19:35:52 Central European Standard Time: Information : 7 :{"id":8,"method":"requestServiceChannel"}
03/30/2025 19:35:52 Central European Standard Time: Information : 6 :Received request "8" for method "requestServiceChannel".
03/30/2025 19:35:52 Central European Standard Time: Information : 9 :Invoking Microsoft.VisualStudio.Utilities.ServiceBroker.GlobalBrokeredServiceContainer+View.RequestServiceChannelAsync(ServiceMoniker, ServiceActivationOptions, CancellationToken)
03/30/2025 19:35:52 Central European Standard Time : Transfer : Transfer, relatedActivityId=ac918d9c-8e2e-414f-939f-b52802decc73
03/30/2025 19:35:52 Central European Standard Time : Start : requestServiceChannel
03/30/2025 19:35:52 Central European Standard Time : Stop : requestServiceChannel
03/30/2025 19:35:52 Central European Standard Time : Transfer : Transfer, relatedActivityId=b1415049-beb1-442e-a0cb-24830a6ea337
03/30/2025 19:35:52 Central European Standard Time: Information : 8 :{"id":8}
03/30/2025 19:35:54 Central European Standard Time: Information : 7 :{"id":9,"method":"requestServiceChannel"}
03/30/2025 19:35:54 Central European Standard Time: Information : 6 :Received request "9" for method "requestServiceChannel".
03/30/2025 19:35:54 Central European Standard Time: Information : 9 :Invoking Microsoft.VisualStudio.Utilities.ServiceBroker.GlobalBrokeredServiceContainer+View.RequestServiceChannelAsync(ServiceMoniker, ServiceActivationOptions, CancellationToken)
03/30/2025 19:35:54 Central European Standard Time : Start : requestServiceChannel
03/30/2025 19:35:54 Central European Standard Time : Stop : requestServiceChannel
03/30/2025 19:35:54 Central European Standard Time: Information : 8 :{"id":9}
03/30/2025 19:35:54 Central European Standard Time: Information : 7 :{"id":10,"method":"requestServiceChannel"}
03/30/2025 19:35:54 Central European Standard Time: Information : 6 :Received request "10" for method "requestServiceChannel".
03/30/2025 19:35:54 Central European Standard Time: Information : 9 :Invoking Microsoft.VisualStudio.Utilities.ServiceBroker.GlobalBrokeredServiceContainer+View.RequestServiceChannelAsync(ServiceMoniker, ServiceActivationOptions, CancellationToken)
03/30/2025 19:35:54 Central European Standard Time : Start : requestServiceChannel
03/30/2025 19:35:54 Central European Standard Time: Information : 7 :{"id":11,"method":"requestServiceChannel"}
03/30/2025 19:35:54 Central European Standard Time: Information : 6 :Received request "11" for method "requestServiceChannel".
03/30/2025 19:35:54 Central European Standard Time: Information : 9 :Invoking Microsoft.VisualStudio.Utilities.ServiceBroker.GlobalBrokeredServiceContainer+View.RequestServiceChannelAsync(ServiceMoniker, ServiceActivationOptions, CancellationToken)
03/30/2025 19:35:54 Central European Standard Time : Start : requestServiceChannel
03/30/2025 19:35:54 Central European Standard Time : Stop : requestServiceChannel
03/30/2025 19:35:54 Central European Standard Time: Information : 8 :{"id":11}
03/30/2025 19:35:54 Central European Standard Time : Stop : requestServiceChannel
03/30/2025 19:35:54 Central European Standard Time: Information : 8 :{"id":10}
03/30/2025 19:35:55 Central European Standard Time: Information : 7 :{"id":12,"method":"requestServiceChannel"}
03/30/2025 19:35:55 Central European Standard Time: Information : 6 :Received request "12" for method "requestServiceChannel".
03/30/2025 19:35:55 Central European Standard Time: Information : 9 :Invoking Microsoft.VisualStudio.Utilities.ServiceBroker.GlobalBrokeredServiceContainer+View.RequestServiceChannelAsync(ServiceMoniker, ServiceActivationOptions, CancellationToken)
03/30/2025 19:35:55 Central European Standard Time : Start : requestServiceChannel
03/30/2025 19:35:55 Central European Standard Time : Stop : requestServiceChannel
03/30/2025 19:35:55 Central European Standard Time: Information : 8 :{"id":12}
03/30/2025 19:35:56 Central European Standard Time: Information : 7 :{"id":13,"method":"requestServiceChannel"}
03/30/2025 19:35:56 Central European Standard Time: Information : 6 :Received request "13" for method "requestServiceChannel".
03/30/2025 19:35:56 Central European Standard Time: Information : 9 :Invoking Microsoft.VisualStudio.Utilities.ServiceBroker.GlobalBrokeredServiceContainer+View.RequestServiceChannelAsync(ServiceMoniker, ServiceActivationOptions, CancellationToken)
03/30/2025 19:35:56 Central European Standard Time : Start : requestServiceChannel
03/30/2025 19:35:56 Central European Standard Time : Stop : requestServiceChannel
03/30/2025 19:35:56 Central European Standard Time: Information : 8 :{"id":13}
