02/24/2025 08:08:27 Central European Standard Time : Information : Local timezone is (UTC+01:00) Central European Time (Oslo)
02/24/2025 08:08:27 Central European Standard Time : Information : Service Hub .NET service module host started. Host id: dotnet.projectSystem$C94B8CFE-E3FD-4BAF-A941-2866DBB566FE. Controller pipe: net.pipe://936193BCDD. PID: 93627
02/24/2025 08:08:27 Central European Standard Time : Information : hubHostClr read: Content-Length: 116

{"jsonrpc":"2.0","id":2,"method":"InitializeHostAsync","params":[{"HostsRootDirectory":".","AppConfigFallback":""}]}
02/24/2025 08:08:27 Central European Standard Time : Information : hubHostClr write: Content-Length: 93

{"jsonrpc":"2.0","id":2,"result":"dotnet.projectSystem$C94B8CFE-E3FD-4BAF-A941-2866DBB566FE"}
02/24/2025 08:08:27 Central European Standard Time : Information : hubHostClr read: Content-Length: 1033

{"jsonrpc":"2.0","id":3,"method":"StartServiceAsync","params":[{"name":"Microsoft.VisualStudio.LaunchConfigurationService","host":"dotnet.projectSystem","hostId":"C94B8CFE-E3FD-4BAF-A941-2866DBB566FE","serviceBaseDirectory":"/Users/fayzullotukhtasinov/.vscode/extensions/ms-dotnettools.csdevkit-1.16.6-darwin-arm64/components/CPS/platforms/darwin-arm64/node_modules/@microsoft/visualstudio-projectsystem-server.darwin-arm64","entryPoint":{"assemblyPath":"/Users/fayzullotukhtasinov/.vscode/extensions/ms-dotnettools.csdevkit-1.16.6-darwin-arm64/components/CPS/platforms/darwin-arm64/node_modules/@microsoft/visualstudio-projectsystem-server.darwin-arm64/Microsoft.VisualStudio.ProjectSystem.Server.Implementation.dll","fullClassName":"Microsoft.VisualStudio.ProjectSystem.Server.LaunchConfigurationServiceFactory"}},{"ActivationArguments":{"__servicehub__ServiceHubRemoteServiceBrokerPipeName":"/Users/fayzullotukhtasinov/.ServiceHub/3c2e210934/77c01d0c1f"},"ClientCredentials":{},"ClientCulture":"en-GB","ClientUICulture":"en-GB"}]}Content-Length: 1079

{"jsonrpc":"2.0","id":4,"method":"StartServiceAsync","params":[{"name":"Microsoft.VisualStudio.ProjectSystem.ProjectTreeProvider","host":"dotnet.projectSystem","hostId":"C94B8CFE-E3FD-4BAF-A941-2866DBB566FE","serviceBaseDirectory":"/Users/fayzullotukhtasinov/.vscode/extensions/ms-dotnettools.csdevkit-1.16.6-darwin-arm64/components/CPS/platforms/darwin-arm64/node_modules/@microsoft/visualstudio-projectsystem-server.darwin-arm64","entryPoint":{"assemblyPath":"/Users/fayzullotukhtasinov/.vscode/extensions/ms-dotnettools.csdevkit-1.16.6-darwin-arm64/components/CPS/platforms/darwin-arm64/node_modules/@microsoft/visualstudio-projectsystem-server.darwin-arm64/Microsoft.VisualStudio.ProjectSystem.Server.Implementation.dll","fullClassName":"Microsoft.VisualStudio.ProjectSystem.Server.ProjectTreeProviderFactory"}},{"ActivationArguments":{"__servicehub__ServiceHubRemoteServiceBrokerPipeName":"/Users/fayzullotukhtasinov/.ServiceHub/3c2e210934/1987401118","__servicehub__RequestedServiceVersion":"0.1"},"ClientCredentials":{},"ClientCulture":"en-GB","ClientUICulture":"en-GB"}]}Content-Length: 1109

{"jsonrpc":"2.0","id":5,"method":"StartServiceAsync","params":[{"name":"Microsoft.VisualStudio.ProjectSystem.ProjectInitializationStatusService","host":"dotnet.projectSystem","hostId":"C94B8CFE-E3FD-4BAF-A941-2866DBB566FE","serviceBaseDirectory":"/Users/fayzullotukhtasinov/.vscode/extensions/ms-dotnettools.csdevkit-1.16.6-darwin-arm64/components/CPS/platforms/darwin-arm64/node_modules/@microsoft/visualstudio-projectsystem-server.darwin-arm64","entryPoint":{"assemblyPath":"/Users/fayzullotukhtasinov/.vscode/extensions/ms-dotnettools.csdevkit-1.16.6-darwin-arm64/components/CPS/platforms/darwin-arm64/node_modules/@microsoft/visualstudio-projectsystem-server.darwin-arm64/Microsoft.VisualStudio.ProjectSystem.Server.Implementation.dll","fullClassName":"Microsoft.VisualStudio.ProjectSystem.Server.ProjectInitializationStatusServiceFactory"}},{"ActivationArguments":{"__servicehub__ServiceHubRemoteServiceBrokerPipeName":"/Users/fayzullotukhtasinov/.ServiceHub/3c2e210934/2e1c1aeceb","__servicehub__RequestedServiceVersion":"0.1"},"ClientCredentials":{},"ClientCulture":"en-GB","ClientUICulture":"en-GB"}]}
02/24/2025 08:08:27 Central European Standard Time : Information : CLR host received start request for service 'Microsoft.VisualStudio.LaunchConfigurationService'
02/24/2025 08:08:27 Central European Standard Time : Information : Loading service module assembly '/Users/fayzullotukhtasinov/.vscode/extensions/ms-dotnettools.csdevkit-1.16.6-darwin-arm64/components/CPS/platforms/darwin-arm64/node_modules/@microsoft/visualstudio-projectsystem-server.darwin-arm64/Microsoft.VisualStudio.ProjectSystem.Server.Implementation.dll' from '/Users/fayzullotukhtasinov/.vscode/extensions/ms-dotnettools.csdevkit-1.16.6-darwin-arm64/components/CPS/platforms/darwin-arm64/node_modules/@microsoft/visualstudio-projectsystem-server.darwin-arm64'
02/24/2025 08:08:27 Central European Standard Time : Information : Starting service module 'Microsoft.VisualStudio.LaunchConfigurationService'. Class: Microsoft.VisualStudio.ProjectSystem.Server.LaunchConfigurationServiceFactory, Supported Version: 
02/24/2025 08:08:27 Central European Standard Time : Information : Started service 'Microsoft.VisualStudio.LaunchConfigurationService'. Pipe name: /Users/fayzullotukhtasinov/.ServiceHub/3c2e210934/665375bb70, Supported Version: 
02/24/2025 08:08:27 Central European Standard Time : Information : CLR host received start request for service 'Microsoft.VisualStudio.ProjectSystem.ProjectTreeProvider'
02/24/2025 08:08:27 Central European Standard Time : Information : hubHostClr write: Content-Length: 96

{"jsonrpc":"2.0","id":3,"result":"/Users/fayzullotukhtasinov/.ServiceHub/3c2e210934/665375bb70"}
02/24/2025 08:08:27 Central European Standard Time : Information : Loading service module assembly '/Users/fayzullotukhtasinov/.vscode/extensions/ms-dotnettools.csdevkit-1.16.6-darwin-arm64/components/CPS/platforms/darwin-arm64/node_modules/@microsoft/visualstudio-projectsystem-server.darwin-arm64/Microsoft.VisualStudio.ProjectSystem.Server.Implementation.dll' from '/Users/fayzullotukhtasinov/.vscode/extensions/ms-dotnettools.csdevkit-1.16.6-darwin-arm64/components/CPS/platforms/darwin-arm64/node_modules/@microsoft/visualstudio-projectsystem-server.darwin-arm64'
02/24/2025 08:08:27 Central European Standard Time : Information : Starting service module 'Microsoft.VisualStudio.ProjectSystem.ProjectTreeProvider'. Class: Microsoft.VisualStudio.ProjectSystem.Server.ProjectTreeProviderFactory, Supported Version: 
02/24/2025 08:08:27 Central European Standard Time : Information : Started service 'Microsoft.VisualStudio.ProjectSystem.ProjectTreeProvider'. Pipe name: /Users/fayzullotukhtasinov/.ServiceHub/3c2e210934/795042cabc, Supported Version: 
02/24/2025 08:08:27 Central European Standard Time : Information : CLR host received start request for service 'Microsoft.VisualStudio.ProjectSystem.ProjectInitializationStatusService'
02/24/2025 08:08:27 Central European Standard Time : Information : Loading service module assembly '/Users/fayzullotukhtasinov/.vscode/extensions/ms-dotnettools.csdevkit-1.16.6-darwin-arm64/components/CPS/platforms/darwin-arm64/node_modules/@microsoft/visualstudio-projectsystem-server.darwin-arm64/Microsoft.VisualStudio.ProjectSystem.Server.Implementation.dll' from '/Users/fayzullotukhtasinov/.vscode/extensions/ms-dotnettools.csdevkit-1.16.6-darwin-arm64/components/CPS/platforms/darwin-arm64/node_modules/@microsoft/visualstudio-projectsystem-server.darwin-arm64'
02/24/2025 08:08:27 Central European Standard Time : Information : hubHostClr write: Content-Length: 96

{"jsonrpc":"2.0","id":4,"result":"/Users/fayzullotukhtasinov/.ServiceHub/3c2e210934/795042cabc"}
02/24/2025 08:08:27 Central European Standard Time : Information : Starting service module 'Microsoft.VisualStudio.ProjectSystem.ProjectInitializationStatusService'. Class: Microsoft.VisualStudio.ProjectSystem.Server.ProjectInitializationStatusServiceFactory, Supported Version: 
02/24/2025 08:08:27 Central European Standard Time : Information : Started service 'Microsoft.VisualStudio.ProjectSystem.ProjectInitializationStatusService'. Pipe name: /Users/fayzullotukhtasinov/.ServiceHub/3c2e210934/9468843968, Supported Version: 
02/24/2025 08:08:27 Central European Standard Time : Information : hubHostClr write: Content-Length: 96

{"jsonrpc":"2.0","id":5,"result":"/Users/fayzullotukhtasinov/.ServiceHub/3c2e210934/9468843968"}
02/24/2025 08:08:27 Central European Standard Time : Information : A new client connected to CLR service module 'Microsoft.VisualStudio.LaunchConfigurationService'
02/24/2025 08:08:27 Central European Standard Time : Information : A new client connected to CLR service module 'Microsoft.VisualStudio.ProjectSystem.ProjectTreeProvider'
02/24/2025 08:08:27 Central European Standard Time : Information : Found FactoryVersion=Version2 for service : Microsoft.VisualStudio.LaunchConfigurationService.
02/24/2025 08:08:27 Central European Standard Time : Information : Service 'Microsoft.VisualStudio.ProjectSystem.Server.LaunchConfigurationServiceFactory' implements IServiceHubServiceFactory. Creating factory instance and caching it.
02/24/2025 08:08:27 Central European Standard Time : Information : A new client connected to CLR service module 'Microsoft.VisualStudio.ProjectSystem.ProjectInitializationStatusService'
02/24/2025 08:08:27 Central European Standard Time : Information : hubHostClr write: Content-Length: 124

{"jsonrpc":"2.0","method":"HostServicesStartedAsync","params":["dotnet.projectSystem$C94B8CFE-E3FD-4BAF-A941-2866DBB566FE"]}
02/24/2025 08:08:27 Central European Standard Time : Information : Found FactoryVersion=Version2 for service : Microsoft.VisualStudio.ProjectSystem.ProjectTreeProvider.
02/24/2025 08:08:27 Central European Standard Time : Information : Service 'Microsoft.VisualStudio.ProjectSystem.Server.ProjectTreeProviderFactory' implements IServiceHubServiceFactory. Creating factory instance and caching it.
02/24/2025 08:08:27 Central European Standard Time : Information : Found FactoryVersion=Version2 for service : Microsoft.VisualStudio.ProjectSystem.ProjectInitializationStatusService.
02/24/2025 08:08:27 Central European Standard Time : Information : Service 'Microsoft.VisualStudio.ProjectSystem.Server.ProjectInitializationStatusServiceFactory' implements IServiceHubServiceFactory. Creating factory instance and caching it.
02/24/2025 08:08:27 Central European Standard Time : Information : Creating service Microsoft.VisualStudio.ProjectSystem.Server.ProjectTreeProviderFactory from factory with FactoryVersion=Version2 and ClientRequestedVersion=0.1.
02/24/2025 08:08:27 Central European Standard Time : Information : Creating service Microsoft.VisualStudio.ProjectSystem.Server.ProjectInitializationStatusServiceFactory from factory with FactoryVersion=Version2 and ClientRequestedVersion=0.1.
02/24/2025 08:08:27 Central European Standard Time : Information : Creating service Microsoft.VisualStudio.ProjectSystem.Server.LaunchConfigurationServiceFactory from factory with FactoryVersion=Version2 and ClientRequestedVersion=.
02/24/2025 08:08:27 Central European Standard Time : Information : Setting up RPC connection for service 'Microsoft.VisualStudio.ProjectSystem.Server.ProjectInitializationStatusServiceFactory' from factory
02/24/2025 08:08:27 Central European Standard Time : Information : Setting up RPC connection for service 'Microsoft.VisualStudio.ProjectSystem.Server.ProjectTreeProviderFactory' from factory
02/24/2025 08:08:27 Central European Standard Time : Information : Setting up RPC connection for service 'Microsoft.VisualStudio.ProjectSystem.Server.LaunchConfigurationServiceFactory' from factory
02/24/2025 08:08:27 Central European Standard Time : Information : hubHostClr read: Content-Length: 1077

{"jsonrpc":"2.0","id":6,"method":"StartServiceAsync","params":[{"name":"Microsoft.VisualStudio.ProjectSystem.CompositionService","host":"dotnet.projectSystem","hostId":"C94B8CFE-E3FD-4BAF-A941-2866DBB566FE","serviceBaseDirectory":"/Users/fayzullotukhtasinov/.vscode/extensions/ms-dotnettools.csdevkit-1.16.6-darwin-arm64/components/CPS/platforms/darwin-arm64/node_modules/@microsoft/visualstudio-projectsystem-server.darwin-arm64","entryPoint":{"assemblyPath":"/Users/fayzullotukhtasinov/.vscode/extensions/ms-dotnettools.csdevkit-1.16.6-darwin-arm64/components/CPS/platforms/darwin-arm64/node_modules/@microsoft/visualstudio-projectsystem-server.darwin-arm64/Microsoft.VisualStudio.ProjectSystem.Server.Implementation.dll","fullClassName":"Microsoft.VisualStudio.ProjectSystem.Server.CompositionServiceFactory"}},{"ActivationArguments":{"__servicehub__ServiceHubRemoteServiceBrokerPipeName":"/Users/fayzullotukhtasinov/.ServiceHub/3c2e210934/e46a568f9e","__servicehub__RequestedServiceVersion":"0.1"},"ClientCredentials":{},"ClientCulture":"en-GB","ClientUICulture":"en-GB"}]}
02/24/2025 08:08:27 Central European Standard Time : Information : CLR host received start request for service 'Microsoft.VisualStudio.ProjectSystem.CompositionService'
02/24/2025 08:08:27 Central European Standard Time : Information : Loading service module assembly '/Users/fayzullotukhtasinov/.vscode/extensions/ms-dotnettools.csdevkit-1.16.6-darwin-arm64/components/CPS/platforms/darwin-arm64/node_modules/@microsoft/visualstudio-projectsystem-server.darwin-arm64/Microsoft.VisualStudio.ProjectSystem.Server.Implementation.dll' from '/Users/fayzullotukhtasinov/.vscode/extensions/ms-dotnettools.csdevkit-1.16.6-darwin-arm64/components/CPS/platforms/darwin-arm64/node_modules/@microsoft/visualstudio-projectsystem-server.darwin-arm64'
02/24/2025 08:08:27 Central European Standard Time : Information : Starting service module 'Microsoft.VisualStudio.ProjectSystem.CompositionService'. Class: Microsoft.VisualStudio.ProjectSystem.Server.CompositionServiceFactory, Supported Version: 
02/24/2025 08:08:27 Central European Standard Time : Information : Started service 'Microsoft.VisualStudio.ProjectSystem.CompositionService'. Pipe name: /Users/fayzullotukhtasinov/.ServiceHub/3c2e210934/7c5c48cfe0, Supported Version: 
02/24/2025 08:08:27 Central European Standard Time : Information : hubHostClr write: Content-Length: 96

{"jsonrpc":"2.0","id":6,"result":"/Users/fayzullotukhtasinov/.ServiceHub/3c2e210934/7c5c48cfe0"}
02/24/2025 08:08:27 Central European Standard Time : Information : hubHostClr read: Content-Length: 1098

{"jsonrpc":"2.0","id":7,"method":"StartServiceAsync","params":[{"name":"Microsoft.VisualStudio.ProjectSystem.Query.Remoting.QueryExecutionService","host":"dotnet.projectSystem","hostId":"C94B8CFE-E3FD-4BAF-A941-2866DBB566FE","serviceBaseDirectory":"/Users/fayzullotukhtasinov/.vscode/extensions/ms-dotnettools.csdevkit-1.16.6-darwin-arm64/components/CPS/platforms/darwin-arm64/node_modules/@microsoft/visualstudio-projectsystem-server.darwin-arm64","entryPoint":{"assemblyPath":"/Users/fayzullotukhtasinov/.vscode/extensions/ms-dotnettools.csdevkit-1.16.6-darwin-arm64/components/CPS/platforms/darwin-arm64/node_modules/@microsoft/visualstudio-projectsystem-server.darwin-arm64/Microsoft.VisualStudio.ProjectSystem.Server.Implementation.dll","fullClassName":"Microsoft.VisualStudio.ProjectSystem.Server.QueryExecutionServiceFactory"}},{"ActivationArguments":{"__servicehub__ServiceHubRemoteServiceBrokerPipeName":"/Users/fayzullotukhtasinov/.ServiceHub/3c2e210934/712a65f487","__servicehub__RequestedServiceVersion":"0.3"},"ClientCredentials":{},"ClientCulture":"en-GB","ClientUICulture":"en-GB"}]}
02/24/2025 08:08:27 Central European Standard Time : Information : CLR host received start request for service 'Microsoft.VisualStudio.ProjectSystem.Query.Remoting.QueryExecutionService'
02/24/2025 08:08:27 Central European Standard Time : Information : Loading service module assembly '/Users/fayzullotukhtasinov/.vscode/extensions/ms-dotnettools.csdevkit-1.16.6-darwin-arm64/components/CPS/platforms/darwin-arm64/node_modules/@microsoft/visualstudio-projectsystem-server.darwin-arm64/Microsoft.VisualStudio.ProjectSystem.Server.Implementation.dll' from '/Users/fayzullotukhtasinov/.vscode/extensions/ms-dotnettools.csdevkit-1.16.6-darwin-arm64/components/CPS/platforms/darwin-arm64/node_modules/@microsoft/visualstudio-projectsystem-server.darwin-arm64'
02/24/2025 08:08:27 Central European Standard Time : Information : Starting service module 'Microsoft.VisualStudio.ProjectSystem.Query.Remoting.QueryExecutionService'. Class: Microsoft.VisualStudio.ProjectSystem.Server.QueryExecutionServiceFactory, Supported Version: 
02/24/2025 08:08:27 Central European Standard Time : Information : Started service 'Microsoft.VisualStudio.ProjectSystem.Query.Remoting.QueryExecutionService'. Pipe name: /Users/fayzullotukhtasinov/.ServiceHub/3c2e210934/8d50dee499, Supported Version: 
02/24/2025 08:08:27 Central European Standard Time : Information : hubHostClr write: Content-Length: 96

{"jsonrpc":"2.0","id":7,"result":"/Users/fayzullotukhtasinov/.ServiceHub/3c2e210934/8d50dee499"}
02/24/2025 08:08:27 Central European Standard Time : Information : A new client connected to CLR service module 'Microsoft.VisualStudio.ProjectSystem.CompositionService'
02/24/2025 08:08:27 Central European Standard Time : Information : Found FactoryVersion=Version2 for service : Microsoft.VisualStudio.ProjectSystem.CompositionService.
02/24/2025 08:08:27 Central European Standard Time : Information : Service 'Microsoft.VisualStudio.ProjectSystem.Server.CompositionServiceFactory' implements IServiceHubServiceFactory. Creating factory instance and caching it.
02/24/2025 08:08:27 Central European Standard Time : Information : A new client connected to CLR service module 'Microsoft.VisualStudio.ProjectSystem.Query.Remoting.QueryExecutionService'
02/24/2025 08:08:27 Central European Standard Time : Information : Found FactoryVersion=Version2 for service : Microsoft.VisualStudio.ProjectSystem.Query.Remoting.QueryExecutionService.
02/24/2025 08:08:27 Central European Standard Time : Information : Service 'Microsoft.VisualStudio.ProjectSystem.Server.QueryExecutionServiceFactory' implements IServiceHubServiceFactory. Creating factory instance and caching it.
02/24/2025 08:08:27 Central European Standard Time : Information : Creating service Microsoft.VisualStudio.ProjectSystem.Server.CompositionServiceFactory from factory with FactoryVersion=Version2 and ClientRequestedVersion=0.1.
02/24/2025 08:08:27 Central European Standard Time : Information : Creating service Microsoft.VisualStudio.ProjectSystem.Server.QueryExecutionServiceFactory from factory with FactoryVersion=Version2 and ClientRequestedVersion=0.3.
02/24/2025 08:08:27 Central European Standard Time : Information : Setting up RPC connection for service 'Microsoft.VisualStudio.ProjectSystem.Server.CompositionServiceFactory' from factory
02/24/2025 08:08:27 Central European Standard Time : Information : Setting up RPC connection for service 'Microsoft.VisualStudio.ProjectSystem.Server.QueryExecutionServiceFactory' from factory
02/24/2025 08:08:28 Central European Standard Time : Information : Completed RPC connection setup for service 'Microsoft.VisualStudio.ProjectSystem.Server.CompositionServiceFactory' from factory
02/24/2025 08:08:28 Central European Standard Time : Information : Completed RPC connection setup for service 'Microsoft.VisualStudio.ProjectSystem.Server.ProjectInitializationStatusServiceFactory' from factory
02/24/2025 08:08:28 Central European Standard Time : Information : Completed RPC connection setup for service 'Microsoft.VisualStudio.ProjectSystem.Server.LaunchConfigurationServiceFactory' from factory
02/24/2025 08:08:28 Central European Standard Time : Information : Completed RPC connection setup for service 'Microsoft.VisualStudio.ProjectSystem.Server.ProjectTreeProviderFactory' from factory
02/24/2025 08:08:28 Central European Standard Time : Information : Completed RPC connection setup for service 'Microsoft.VisualStudio.ProjectSystem.Server.QueryExecutionServiceFactory' from factory
02/24/2025 08:08:28 Central European Standard Time : Information : Checking if 'Microsoft.VisualStudio.ProjectSystem.Server.CompositionServiceFactory' implements Microsoft.VisualStudio.Threading.IAsyncDisposable.
02/24/2025 08:08:28 Central European Standard Time : Information : Checking if 'Microsoft.VisualStudio.ProjectSystem.Server.CompositionServiceFactory' implements System.IAsyncDisposable.
02/24/2025 08:08:28 Central European Standard Time : Information : Checking if 'Microsoft.VisualStudio.ProjectSystem.Server.CompositionServiceFactory' implements System.IDisposable.
02/24/2025 08:08:28 Central European Standard Time : Information : hubHostClr read: Content-Length: 1078

{"jsonrpc":"2.0","id":8,"method":"StartServiceAsync","params":[{"name":"Microsoft.VisualStudio.CpsProjectIconSourceService","host":"dotnet.projectSystem","hostId":"C94B8CFE-E3FD-4BAF-A941-2866DBB566FE","serviceBaseDirectory":"/Users/fayzullotukhtasinov/.vscode/extensions/ms-dotnettools.csdevkit-1.16.6-darwin-arm64/components/CPS/platforms/darwin-arm64/node_modules/@microsoft/visualstudio-projectsystem-server.darwin-arm64","entryPoint":{"assemblyPath":"/Users/fayzullotukhtasinov/.vscode/extensions/ms-dotnettools.csdevkit-1.16.6-darwin-arm64/components/CPS/platforms/darwin-arm64/node_modules/@microsoft/visualstudio-projectsystem-server.darwin-arm64/Microsoft.VisualStudio.ProjectSystem.Server.Implementation.dll","fullClassName":"Microsoft.VisualStudio.ProjectSystem.Server.ProjectIconSourceServiceFactory"}},{"ActivationArguments":{"__servicehub__ServiceHubRemoteServiceBrokerPipeName":"/Users/fayzullotukhtasinov/.ServiceHub/3c2e210934/c8a5206680","__servicehub__RequestedServiceVersion":"0.1"},"ClientCredentials":{},"ClientCulture":"en-GB","ClientUICulture":"en-GB"}]}
02/24/2025 08:08:28 Central European Standard Time : Information : CLR host received start request for service 'Microsoft.VisualStudio.CpsProjectIconSourceService'
02/24/2025 08:08:28 Central European Standard Time : Information : Loading service module assembly '/Users/fayzullotukhtasinov/.vscode/extensions/ms-dotnettools.csdevkit-1.16.6-darwin-arm64/components/CPS/platforms/darwin-arm64/node_modules/@microsoft/visualstudio-projectsystem-server.darwin-arm64/Microsoft.VisualStudio.ProjectSystem.Server.Implementation.dll' from '/Users/fayzullotukhtasinov/.vscode/extensions/ms-dotnettools.csdevkit-1.16.6-darwin-arm64/components/CPS/platforms/darwin-arm64/node_modules/@microsoft/visualstudio-projectsystem-server.darwin-arm64'
02/24/2025 08:08:28 Central European Standard Time : Information : Starting service module 'Microsoft.VisualStudio.CpsProjectIconSourceService'. Class: Microsoft.VisualStudio.ProjectSystem.Server.ProjectIconSourceServiceFactory, Supported Version: 
02/24/2025 08:08:28 Central European Standard Time : Information : Started service 'Microsoft.VisualStudio.CpsProjectIconSourceService'. Pipe name: /Users/fayzullotukhtasinov/.ServiceHub/3c2e210934/acab4669fd, Supported Version: 
02/24/2025 08:08:28 Central European Standard Time : Information : hubHostClr write: Content-Length: 96

{"jsonrpc":"2.0","id":8,"result":"/Users/fayzullotukhtasinov/.ServiceHub/3c2e210934/acab4669fd"}
02/24/2025 08:08:28 Central European Standard Time : Information : A new client connected to CLR service module 'Microsoft.VisualStudio.CpsProjectIconSourceService'
02/24/2025 08:08:28 Central European Standard Time : Information : Found FactoryVersion=Version2 for service : Microsoft.VisualStudio.CpsProjectIconSourceService.
02/24/2025 08:08:28 Central European Standard Time : Information : Service 'Microsoft.VisualStudio.ProjectSystem.Server.ProjectIconSourceServiceFactory' implements IServiceHubServiceFactory. Creating factory instance and caching it.
02/24/2025 08:08:28 Central European Standard Time : Information : Creating service Microsoft.VisualStudio.ProjectSystem.Server.ProjectIconSourceServiceFactory from factory with FactoryVersion=Version2 and ClientRequestedVersion=0.1.
02/24/2025 08:08:28 Central European Standard Time : Information : Setting up RPC connection for service 'Microsoft.VisualStudio.ProjectSystem.Server.ProjectIconSourceServiceFactory' from factory
02/24/2025 08:08:28 Central European Standard Time : Information : Completed RPC connection setup for service 'Microsoft.VisualStudio.ProjectSystem.Server.ProjectIconSourceServiceFactory' from factory
02/24/2025 08:08:29 Central European Standard Time : Information : hubHostClr read: Content-Length: 1109

{"jsonrpc":"2.0","id":9,"method":"StartServiceAsync","params":[{"name":"Microsoft.VisualStudio.ProjectSystem.ProjectInitializationStatusService","host":"dotnet.projectSystem","hostId":"C94B8CFE-E3FD-4BAF-A941-2866DBB566FE","serviceBaseDirectory":"/Users/fayzullotukhtasinov/.vscode/extensions/ms-dotnettools.csdevkit-1.16.6-darwin-arm64/components/CPS/platforms/darwin-arm64/node_modules/@microsoft/visualstudio-projectsystem-server.darwin-arm64","entryPoint":{"assemblyPath":"/Users/fayzullotukhtasinov/.vscode/extensions/ms-dotnettools.csdevkit-1.16.6-darwin-arm64/components/CPS/platforms/darwin-arm64/node_modules/@microsoft/visualstudio-projectsystem-server.darwin-arm64/Microsoft.VisualStudio.ProjectSystem.Server.Implementation.dll","fullClassName":"Microsoft.VisualStudio.ProjectSystem.Server.ProjectInitializationStatusServiceFactory"}},{"ActivationArguments":{"__servicehub__ServiceHubRemoteServiceBrokerPipeName":"/Users/fayzullotukhtasinov/.ServiceHub/3c2e210934/016f94ec59","__servicehub__RequestedServiceVersion":"0.1"},"ClientCredentials":{},"ClientCulture":"en-GB","ClientUICulture":"en-GB"}]}
02/24/2025 08:08:29 Central European Standard Time : Information : CLR host received start request for service 'Microsoft.VisualStudio.ProjectSystem.ProjectInitializationStatusService'
02/24/2025 08:08:29 Central European Standard Time : Information : Loading service module assembly '/Users/fayzullotukhtasinov/.vscode/extensions/ms-dotnettools.csdevkit-1.16.6-darwin-arm64/components/CPS/platforms/darwin-arm64/node_modules/@microsoft/visualstudio-projectsystem-server.darwin-arm64/Microsoft.VisualStudio.ProjectSystem.Server.Implementation.dll' from '/Users/fayzullotukhtasinov/.vscode/extensions/ms-dotnettools.csdevkit-1.16.6-darwin-arm64/components/CPS/platforms/darwin-arm64/node_modules/@microsoft/visualstudio-projectsystem-server.darwin-arm64'
02/24/2025 08:08:29 Central European Standard Time : Information : Starting service module 'Microsoft.VisualStudio.ProjectSystem.ProjectInitializationStatusService'. Class: Microsoft.VisualStudio.ProjectSystem.Server.ProjectInitializationStatusServiceFactory, Supported Version: 
02/24/2025 08:08:29 Central European Standard Time : Information : Started service 'Microsoft.VisualStudio.ProjectSystem.ProjectInitializationStatusService'. Pipe name: /Users/fayzullotukhtasinov/.ServiceHub/3c2e210934/cef2ecd689, Supported Version: 
02/24/2025 08:08:29 Central European Standard Time : Information : hubHostClr write: Content-Length: 96

{"jsonrpc":"2.0","id":9,"result":"/Users/fayzullotukhtasinov/.ServiceHub/3c2e210934/cef2ecd689"}
02/24/2025 08:08:29 Central European Standard Time : Information : A new client connected to CLR service module 'Microsoft.VisualStudio.ProjectSystem.ProjectInitializationStatusService'
02/24/2025 08:08:29 Central European Standard Time : Information : Found IServiceHubServiceFactory in cache. Creating instance from the factory.
02/24/2025 08:08:29 Central European Standard Time : Information : Creating service Microsoft.VisualStudio.ProjectSystem.Server.ProjectInitializationStatusServiceFactory from factory with FactoryVersion=Version2 and ClientRequestedVersion=0.1.
02/24/2025 08:08:29 Central European Standard Time : Information : Setting up RPC connection for service 'Microsoft.VisualStudio.ProjectSystem.Server.ProjectInitializationStatusServiceFactory' from factory
02/24/2025 08:08:29 Central European Standard Time : Information : Completed RPC connection setup for service 'Microsoft.VisualStudio.ProjectSystem.Server.ProjectInitializationStatusServiceFactory' from factory
02/24/2025 08:08:30 Central European Standard Time : Information : hubHostClr read: Content-Length: 1099

{"jsonrpc":"2.0","id":10,"method":"StartServiceAsync","params":[{"name":"Microsoft.VisualStudio.ProjectSystem.Query.Remoting.QueryExecutionService","host":"dotnet.projectSystem","hostId":"C94B8CFE-E3FD-4BAF-A941-2866DBB566FE","serviceBaseDirectory":"/Users/fayzullotukhtasinov/.vscode/extensions/ms-dotnettools.csdevkit-1.16.6-darwin-arm64/components/CPS/platforms/darwin-arm64/node_modules/@microsoft/visualstudio-projectsystem-server.darwin-arm64","entryPoint":{"assemblyPath":"/Users/fayzullotukhtasinov/.vscode/extensions/ms-dotnettools.csdevkit-1.16.6-darwin-arm64/components/CPS/platforms/darwin-arm64/node_modules/@microsoft/visualstudio-projectsystem-server.darwin-arm64/Microsoft.VisualStudio.ProjectSystem.Server.Implementation.dll","fullClassName":"Microsoft.VisualStudio.ProjectSystem.Server.QueryExecutionServiceFactory"}},{"ActivationArguments":{"__servicehub__ServiceHubRemoteServiceBrokerPipeName":"/Users/fayzullotukhtasinov/.ServiceHub/3c2e210934/fd4ea1af52","__servicehub__RequestedServiceVersion":"0.3"},"ClientCredentials":{},"ClientCulture":"en-GB","ClientUICulture":"en-GB"}]}
02/24/2025 08:08:30 Central European Standard Time : Information : CLR host received start request for service 'Microsoft.VisualStudio.ProjectSystem.Query.Remoting.QueryExecutionService'
02/24/2025 08:08:30 Central European Standard Time : Information : Loading service module assembly '/Users/fayzullotukhtasinov/.vscode/extensions/ms-dotnettools.csdevkit-1.16.6-darwin-arm64/components/CPS/platforms/darwin-arm64/node_modules/@microsoft/visualstudio-projectsystem-server.darwin-arm64/Microsoft.VisualStudio.ProjectSystem.Server.Implementation.dll' from '/Users/fayzullotukhtasinov/.vscode/extensions/ms-dotnettools.csdevkit-1.16.6-darwin-arm64/components/CPS/platforms/darwin-arm64/node_modules/@microsoft/visualstudio-projectsystem-server.darwin-arm64'
02/24/2025 08:08:30 Central European Standard Time : Information : Starting service module 'Microsoft.VisualStudio.ProjectSystem.Query.Remoting.QueryExecutionService'. Class: Microsoft.VisualStudio.ProjectSystem.Server.QueryExecutionServiceFactory, Supported Version: 
02/24/2025 08:08:30 Central European Standard Time : Information : Started service 'Microsoft.VisualStudio.ProjectSystem.Query.Remoting.QueryExecutionService'. Pipe name: /Users/fayzullotukhtasinov/.ServiceHub/3c2e210934/b929f9ac89, Supported Version: 
02/24/2025 08:08:30 Central European Standard Time : Information : hubHostClr write: Content-Length: 97

{"jsonrpc":"2.0","id":10,"result":"/Users/fayzullotukhtasinov/.ServiceHub/3c2e210934/b929f9ac89"}
02/24/2025 08:08:30 Central European Standard Time : Information : A new client connected to CLR service module 'Microsoft.VisualStudio.ProjectSystem.Query.Remoting.QueryExecutionService'
02/24/2025 08:08:30 Central European Standard Time : Information : Found IServiceHubServiceFactory in cache. Creating instance from the factory.
02/24/2025 08:08:30 Central European Standard Time : Information : Creating service Microsoft.VisualStudio.ProjectSystem.Server.QueryExecutionServiceFactory from factory with FactoryVersion=Version2 and ClientRequestedVersion=0.3.
02/24/2025 08:08:30 Central European Standard Time : Information : Setting up RPC connection for service 'Microsoft.VisualStudio.ProjectSystem.Server.QueryExecutionServiceFactory' from factory
02/24/2025 08:08:30 Central European Standard Time : Information : Completed RPC connection setup for service 'Microsoft.VisualStudio.ProjectSystem.Server.QueryExecutionServiceFactory' from factory
02/24/2025 08:10:23 Central European Standard Time : Information : hubHostClr read: Content-Length: 1034

{"jsonrpc":"2.0","id":11,"method":"StartServiceAsync","params":[{"name":"Microsoft.VisualStudio.LaunchConfigurationService","host":"dotnet.projectSystem","hostId":"C94B8CFE-E3FD-4BAF-A941-2866DBB566FE","serviceBaseDirectory":"/Users/fayzullotukhtasinov/.vscode/extensions/ms-dotnettools.csdevkit-1.16.6-darwin-arm64/components/CPS/platforms/darwin-arm64/node_modules/@microsoft/visualstudio-projectsystem-server.darwin-arm64","entryPoint":{"assemblyPath":"/Users/fayzullotukhtasinov/.vscode/extensions/ms-dotnettools.csdevkit-1.16.6-darwin-arm64/components/CPS/platforms/darwin-arm64/node_modules/@microsoft/visualstudio-projectsystem-server.darwin-arm64/Microsoft.VisualStudio.ProjectSystem.Server.Implementation.dll","fullClassName":"Microsoft.VisualStudio.ProjectSystem.Server.LaunchConfigurationServiceFactory"}},{"ActivationArguments":{"__servicehub__ServiceHubRemoteServiceBrokerPipeName":"/Users/fayzullotukhtasinov/.ServiceHub/3c2e210934/675c2db4a6"},"ClientCredentials":{},"ClientCulture":"en-GB","ClientUICulture":"en-GB"}]}
02/24/2025 08:10:23 Central European Standard Time : Information : CLR host received start request for service 'Microsoft.VisualStudio.LaunchConfigurationService'
02/24/2025 08:10:23 Central European Standard Time : Information : Loading service module assembly '/Users/fayzullotukhtasinov/.vscode/extensions/ms-dotnettools.csdevkit-1.16.6-darwin-arm64/components/CPS/platforms/darwin-arm64/node_modules/@microsoft/visualstudio-projectsystem-server.darwin-arm64/Microsoft.VisualStudio.ProjectSystem.Server.Implementation.dll' from '/Users/fayzullotukhtasinov/.vscode/extensions/ms-dotnettools.csdevkit-1.16.6-darwin-arm64/components/CPS/platforms/darwin-arm64/node_modules/@microsoft/visualstudio-projectsystem-server.darwin-arm64'
02/24/2025 08:10:23 Central European Standard Time : Information : Starting service module 'Microsoft.VisualStudio.LaunchConfigurationService'. Class: Microsoft.VisualStudio.ProjectSystem.Server.LaunchConfigurationServiceFactory, Supported Version: 
02/24/2025 08:10:23 Central European Standard Time : Information : Started service 'Microsoft.VisualStudio.LaunchConfigurationService'. Pipe name: /Users/fayzullotukhtasinov/.ServiceHub/3c2e210934/4da9889c46, Supported Version: 
02/24/2025 08:10:23 Central European Standard Time : Information : hubHostClr write: Content-Length: 97

{"jsonrpc":"2.0","id":11,"result":"/Users/fayzullotukhtasinov/.ServiceHub/3c2e210934/4da9889c46"}
02/24/2025 08:10:23 Central European Standard Time : Information : A new client connected to CLR service module 'Microsoft.VisualStudio.LaunchConfigurationService'
02/24/2025 08:10:23 Central European Standard Time : Information : Found IServiceHubServiceFactory in cache. Creating instance from the factory.
02/24/2025 08:10:23 Central European Standard Time : Information : Creating service Microsoft.VisualStudio.ProjectSystem.Server.LaunchConfigurationServiceFactory from factory with FactoryVersion=Version2 and ClientRequestedVersion=.
02/24/2025 08:10:23 Central European Standard Time : Information : Setting up RPC connection for service 'Microsoft.VisualStudio.ProjectSystem.Server.LaunchConfigurationServiceFactory' from factory
02/24/2025 08:10:23 Central European Standard Time : Information : Completed RPC connection setup for service 'Microsoft.VisualStudio.ProjectSystem.Server.LaunchConfigurationServiceFactory' from factory
02/24/2025 09:12:59 Central European Standard Time : Information : Checking if 'Microsoft.VisualStudio.ProjectSystem.Server.LaunchConfigurationServiceFactory' implements Microsoft.VisualStudio.Threading.IAsyncDisposable.
02/24/2025 09:12:59 Central European Standard Time : Information : Checking if 'Microsoft.VisualStudio.ProjectSystem.Server.ProjectTreeProviderFactory' implements Microsoft.VisualStudio.Threading.IAsyncDisposable.
02/24/2025 09:12:59 Central European Standard Time : Information : Checking if 'Microsoft.VisualStudio.ProjectSystem.Server.LaunchConfigurationServiceFactory' implements System.IAsyncDisposable.
02/24/2025 09:12:59 Central European Standard Time : Information : Checking if 'Microsoft.VisualStudio.ProjectSystem.Server.LaunchConfigurationServiceFactory' implements System.IDisposable.
02/24/2025 09:12:59 Central European Standard Time : Information : Checking if 'Microsoft.VisualStudio.ProjectSystem.Server.ProjectTreeProviderFactory' implements System.IAsyncDisposable.
02/24/2025 09:12:59 Central European Standard Time : Information : Checking if 'Microsoft.VisualStudio.ProjectSystem.Server.ProjectTreeProviderFactory' implements System.IDisposable.
02/24/2025 09:12:59 Central European Standard Time : Information : Checking if 'Microsoft.VisualStudio.ProjectSystem.Server.ProjectInitializationStatusServiceFactory' implements Microsoft.VisualStudio.Threading.IAsyncDisposable.
02/24/2025 09:12:59 Central European Standard Time : Information : Checking if 'Microsoft.VisualStudio.ProjectSystem.Server.ProjectInitializationStatusServiceFactory' implements System.IAsyncDisposable.
02/24/2025 09:12:59 Central European Standard Time : Information : Checking if 'Microsoft.VisualStudio.ProjectSystem.Server.ProjectInitializationStatusServiceFactory' implements System.IDisposable.
02/24/2025 09:12:59 Central European Standard Time : Information : hubHostClr read: Content-Length: 58

{"jsonrpc":"2.0","id":12,"method":"ExitAsync","params":[]}
02/24/2025 09:12:59 Central European Standard Time : Information : Exit command received. Exiting CLR host
02/24/2025 09:12:59 Central European Standard Time : Information : hubHostClr write: Content-Length: 39

{"jsonrpc":"2.0","id":12,"result":null}
02/24/2025 09:12:59 Central European Standard Time : Information : hubHostClr JSON RPC has been disposed
02/24/2025 09:12:59 Central European Standard Time : Information : hubHostClr read: end of stream
02/24/2025 09:12:59 Central European Standard Time : Information : Checking if 'Microsoft.VisualStudio.ProjectSystem.Server.ProjectIconSourceServiceFactory' implements Microsoft.VisualStudio.Threading.IAsyncDisposable.
02/24/2025 09:12:59 Central European Standard Time : Information : Checking if 'Microsoft.VisualStudio.ProjectSystem.Server.ProjectIconSourceServiceFactory' implements System.IAsyncDisposable.
02/24/2025 09:12:59 Central European Standard Time : Information : Checking if 'Microsoft.VisualStudio.ProjectSystem.Server.ProjectIconSourceServiceFactory' implements System.IDisposable.
02/24/2025 09:12:59 Central European Standard Time : Information : Checking if 'Microsoft.VisualStudio.ProjectSystem.Server.QueryExecutionServiceFactory' implements Microsoft.VisualStudio.Threading.IAsyncDisposable.
02/24/2025 09:12:59 Central European Standard Time : Information : Checking if 'Microsoft.VisualStudio.ProjectSystem.Server.QueryExecutionServiceFactory' implements System.IAsyncDisposable.
02/24/2025 09:12:59 Central European Standard Time : Information : Checking if 'Microsoft.VisualStudio.ProjectSystem.Server.QueryExecutionServiceFactory' implements System.IDisposable.
02/24/2025 09:12:59 Central European Standard Time : Information : Checking if 'Microsoft.VisualStudio.ProjectSystem.Server.QueryExecutionServiceFactory' implements Microsoft.VisualStudio.Threading.IAsyncDisposable.
02/24/2025 09:12:59 Central European Standard Time : Information : Checking if 'Microsoft.VisualStudio.ProjectSystem.Server.QueryExecutionServiceFactory' implements System.IAsyncDisposable.
02/24/2025 09:12:59 Central European Standard Time : Information : Checking if 'Microsoft.VisualStudio.ProjectSystem.Server.QueryExecutionServiceFactory' implements System.IDisposable.
