02/24/2025 08:08:27 Central European Standard Time : Information : Local timezone is (UTC+01:00) Central European Time (Oslo)
02/24/2025 08:08:27 Central European Standard Time : Information : Added local RPC method "getPipe" -> Microsoft.VisualStudio.Utilities.ServiceBroker.GlobalBrokeredServiceContainer+View.GetPipeAsync(ServiceMoniker, ServiceActivationOptions, CancellationToken) (Microsoft.VisualStudio.Utilities.ServiceBroker.GlobalBrokeredServiceContainer+View)
02/24/2025 08:08:27 Central European Standard Time : Information : Added local RPC method "getProxy" -> Microsoft.VisualStudio.Utilities.ServiceBroker.GlobalBrokeredServiceContainer+View.GetProxyAsync(ServiceRpcDescriptor, ServiceActivationOptions, CancellationToken) (Microsoft.VisualStudio.Utilities.ServiceBroker.GlobalBrokeredServiceContainer+View)
02/24/2025 08:08:27 Central European Standard Time : Information : Added local RPC method "handshake" -> Microsoft.VisualStudio.Utilities.ServiceBroker.GlobalBrokeredServiceContainer+View.HandshakeAsync(ServiceBrokerClientMetadata, CancellationToken) (Microsoft.VisualStudio.Utilities.ServiceBroker.GlobalBrokeredServiceContainer+View)
02/24/2025 08:08:27 Central European Standard Time : Information : Added local RPC method "requestServiceChannel" -> Microsoft.VisualStudio.Utilities.ServiceBroker.GlobalBrokeredServiceContainer+View.RequestServiceChannelAsync(ServiceMoniker, ServiceActivationOptions, CancellationToken) (Microsoft.VisualStudio.Utilities.ServiceBroker.GlobalBrokeredServiceContainer+View)
02/24/2025 08:08:27 Central European Standard Time : Information : Added local RPC method "cancelServiceRequest" -> Microsoft.VisualStudio.Utilities.ServiceBroker.GlobalBrokeredServiceContainer+View.CancelServiceRequestAsync(Guid) (Microsoft.VisualStudio.Utilities.ServiceBroker.GlobalBrokeredServiceContainer+View)
02/24/2025 08:08:27 Central European Standard Time : Information : Added local RPC method "getPipe" -> Microsoft.VisualStudio.Utilities.ServiceBroker.GlobalBrokeredServiceContainer+View.GetPipeAsync(ServiceMoniker, ServiceActivationOptions, CancellationToken) (Microsoft.VisualStudio.Utilities.ServiceBroker.GlobalBrokeredServiceContainer+View)
02/24/2025 08:08:27 Central European Standard Time : Information : Added local RPC method "getProxy" -> Microsoft.VisualStudio.Utilities.ServiceBroker.GlobalBrokeredServiceContainer+View.GetProxyAsync(ServiceRpcDescriptor, ServiceActivationOptions, CancellationToken) (Microsoft.VisualStudio.Utilities.ServiceBroker.GlobalBrokeredServiceContainer+View)
02/24/2025 08:08:27 Central European Standard Time : Information : Added local RPC method "handshake" -> Microsoft.VisualStudio.Utilities.ServiceBroker.GlobalBrokeredServiceContainer+View.HandshakeAsync(ServiceBrokerClientMetadata, CancellationToken) (Microsoft.VisualStudio.Utilities.ServiceBroker.GlobalBrokeredServiceContainer+View)
02/24/2025 08:08:27 Central European Standard Time : Information : Added local RPC method "requestServiceChannel" -> Microsoft.VisualStudio.Utilities.ServiceBroker.GlobalBrokeredServiceContainer+View.RequestServiceChannelAsync(ServiceMoniker, ServiceActivationOptions, CancellationToken) (Microsoft.VisualStudio.Utilities.ServiceBroker.GlobalBrokeredServiceContainer+View)
02/24/2025 08:08:27 Central European Standard Time : Information : Added local RPC method "cancelServiceRequest" -> Microsoft.VisualStudio.Utilities.ServiceBroker.GlobalBrokeredServiceContainer+View.CancelServiceRequestAsync(Guid) (Microsoft.VisualStudio.Utilities.ServiceBroker.GlobalBrokeredServiceContainer+View)
02/24/2025 08:08:27 Central European Standard Time: Information : 2 :Listening for events from Microsoft.VisualStudio.Utilities.ServiceBroker.GlobalBrokeredServiceContainer+View.AvailabilityChanged to raise notification.
02/24/2025 08:08:27 Central European Standard Time: Information : 3 :Listening started.
02/24/2025 08:08:27 Central European Standard Time: Information : 7 :{"id":2,"method":"handshake"}
02/24/2025 08:08:27 Central European Standard Time: Information : 6 :Received request "2" for method "handshake".
02/24/2025 08:08:27 Central European Standard Time: Information : 9 :Invoking Microsoft.VisualStudio.Utilities.ServiceBroker.GlobalBrokeredServiceContainer+View.HandshakeAsync(ServiceBrokerClientMetadata, CancellationToken)
02/24/2025 08:08:27 Central European Standard Time : Start : handshake
02/24/2025 08:08:27 Central European Standard Time : Stop : handshake
02/24/2025 08:08:27 Central European Standard Time: Information : 8 :{"id":2}
02/24/2025 08:08:27 Central European Standard Time: Information : 7 :{"id":3,"method":"requestServiceChannel"}
02/24/2025 08:08:27 Central European Standard Time: Information : 6 :Received request "3" for method "requestServiceChannel".
02/24/2025 08:08:27 Central European Standard Time: Information : 9 :Invoking Microsoft.VisualStudio.Utilities.ServiceBroker.GlobalBrokeredServiceContainer+View.RequestServiceChannelAsync(ServiceMoniker, ServiceActivationOptions, CancellationToken)
02/24/2025 08:08:27 Central European Standard Time : Start : requestServiceChannel
02/24/2025 08:08:27 Central European Standard Time : Stop : requestServiceChannel
02/24/2025 08:08:27 Central European Standard Time: Information : 8 :{"id":3}
02/24/2025 08:08:27 Central European Standard Time: Information : 7 :{"id":4,"method":"requestServiceChannel"}
02/24/2025 08:08:27 Central European Standard Time: Information : 6 :Received request "4" for method "requestServiceChannel".
02/24/2025 08:08:27 Central European Standard Time: Information : 9 :Invoking Microsoft.VisualStudio.Utilities.ServiceBroker.GlobalBrokeredServiceContainer+View.RequestServiceChannelAsync(ServiceMoniker, ServiceActivationOptions, CancellationToken)
02/24/2025 08:08:27 Central European Standard Time : Start : requestServiceChannel
02/24/2025 08:08:27 Central European Standard Time: Information : 7 :{"id":5,"method":"requestServiceChannel"}
02/24/2025 08:08:27 Central European Standard Time: Information : 6 :Received request "5" for method "requestServiceChannel".
02/24/2025 08:08:27 Central European Standard Time: Information : 9 :Invoking Microsoft.VisualStudio.Utilities.ServiceBroker.GlobalBrokeredServiceContainer+View.RequestServiceChannelAsync(ServiceMoniker, ServiceActivationOptions, CancellationToken)
02/24/2025 08:08:27 Central European Standard Time : Start : requestServiceChannel
02/24/2025 08:08:27 Central European Standard Time : Stop : requestServiceChannel
02/24/2025 08:08:27 Central European Standard Time: Information : 8 :{"id":4}
02/24/2025 08:08:27 Central European Standard Time : Stop : requestServiceChannel
02/24/2025 08:08:27 Central European Standard Time: Information : 8 :{"id":5}
02/24/2025 08:08:28 Central European Standard Time: Information : 7 :{"id":6,"method":"requestServiceChannel"}
02/24/2025 08:08:28 Central European Standard Time: Information : 6 :Received request "6" for method "requestServiceChannel".
02/24/2025 08:08:28 Central European Standard Time: Information : 9 :Invoking Microsoft.VisualStudio.Utilities.ServiceBroker.GlobalBrokeredServiceContainer+View.RequestServiceChannelAsync(ServiceMoniker, ServiceActivationOptions, CancellationToken)
02/24/2025 08:08:28 Central European Standard Time : Start : requestServiceChannel
02/24/2025 08:08:28 Central European Standard Time: Information : 7 :{"id":7,"method":"requestServiceChannel"}
02/24/2025 08:08:28 Central European Standard Time: Information : 6 :Received request "7" for method "requestServiceChannel".
02/24/2025 08:08:28 Central European Standard Time: Information : 9 :Invoking Microsoft.VisualStudio.Utilities.ServiceBroker.GlobalBrokeredServiceContainer+View.RequestServiceChannelAsync(ServiceMoniker, ServiceActivationOptions, CancellationToken)
02/24/2025 08:08:28 Central European Standard Time : Start : requestServiceChannel
02/24/2025 08:08:28 Central European Standard Time : Stop : requestServiceChannel
02/24/2025 08:08:28 Central European Standard Time: Information : 8 :{"id":6}
02/24/2025 08:08:28 Central European Standard Time : Stop : requestServiceChannel
02/24/2025 08:08:28 Central European Standard Time: Information : 8 :{"id":7}
02/24/2025 08:08:28 Central European Standard Time: Information : 7 :{"id":8,"method":"requestServiceChannel"}
02/24/2025 08:08:28 Central European Standard Time: Information : 6 :Received request "8" for method "requestServiceChannel".
02/24/2025 08:08:28 Central European Standard Time: Information : 9 :Invoking Microsoft.VisualStudio.Utilities.ServiceBroker.GlobalBrokeredServiceContainer+View.RequestServiceChannelAsync(ServiceMoniker, ServiceActivationOptions, CancellationToken)
02/24/2025 08:08:28 Central European Standard Time : Transfer : Transfer, relatedActivityId=eb92a994-bea9-43b3-b3e6-ece9c065f144
02/24/2025 08:08:28 Central European Standard Time : Start : requestServiceChannel
02/24/2025 08:08:28 Central European Standard Time : Stop : requestServiceChannel
02/24/2025 08:08:28 Central European Standard Time : Transfer : Transfer, relatedActivityId=22e38fe7-e140-4e4c-a1af-b14a6c68a61a
02/24/2025 08:08:28 Central European Standard Time: Information : 8 :{"id":8}
02/24/2025 08:08:29 Central European Standard Time: Information : 7 :{"id":9,"method":"requestServiceChannel"}
02/24/2025 08:08:29 Central European Standard Time: Information : 6 :Received request "9" for method "requestServiceChannel".
02/24/2025 08:08:29 Central European Standard Time: Information : 9 :Invoking Microsoft.VisualStudio.Utilities.ServiceBroker.GlobalBrokeredServiceContainer+View.RequestServiceChannelAsync(ServiceMoniker, ServiceActivationOptions, CancellationToken)
02/24/2025 08:08:29 Central European Standard Time : Start : requestServiceChannel
02/24/2025 08:08:29 Central European Standard Time : Stop : requestServiceChannel
02/24/2025 08:08:29 Central European Standard Time: Information : 8 :{"id":9}
02/24/2025 08:08:29 Central European Standard Time: Information : 7 :{"id":10,"method":"requestServiceChannel"}
02/24/2025 08:08:29 Central European Standard Time: Information : 6 :Received request "10" for method "requestServiceChannel".
02/24/2025 08:08:29 Central European Standard Time: Information : 9 :Invoking Microsoft.VisualStudio.Utilities.ServiceBroker.GlobalBrokeredServiceContainer+View.RequestServiceChannelAsync(ServiceMoniker, ServiceActivationOptions, CancellationToken)
02/24/2025 08:08:29 Central European Standard Time : Start : requestServiceChannel
02/24/2025 08:08:29 Central European Standard Time: Information : 7 :{"id":11,"method":"requestServiceChannel"}
02/24/2025 08:08:29 Central European Standard Time: Information : 6 :Received request "11" for method "requestServiceChannel".
02/24/2025 08:08:29 Central European Standard Time: Information : 9 :Invoking Microsoft.VisualStudio.Utilities.ServiceBroker.GlobalBrokeredServiceContainer+View.RequestServiceChannelAsync(ServiceMoniker, ServiceActivationOptions, CancellationToken)
02/24/2025 08:08:29 Central European Standard Time : Start : requestServiceChannel
02/24/2025 08:08:29 Central European Standard Time : Stop : requestServiceChannel
02/24/2025 08:08:29 Central European Standard Time: Information : 8 :{"id":11}
02/24/2025 08:08:29 Central European Standard Time : Stop : requestServiceChannel
02/24/2025 08:08:29 Central European Standard Time: Information : 8 :{"id":10}
02/24/2025 08:08:29 Central European Standard Time: Information : 7 :{"id":12,"method":"requestServiceChannel"}
02/24/2025 08:08:29 Central European Standard Time: Information : 6 :Received request "12" for method "requestServiceChannel".
02/24/2025 08:08:29 Central European Standard Time: Information : 9 :Invoking Microsoft.VisualStudio.Utilities.ServiceBroker.GlobalBrokeredServiceContainer+View.RequestServiceChannelAsync(ServiceMoniker, ServiceActivationOptions, CancellationToken)
02/24/2025 08:08:29 Central European Standard Time : Start : requestServiceChannel
02/24/2025 08:08:29 Central European Standard Time : Stop : requestServiceChannel
02/24/2025 08:08:29 Central European Standard Time: Information : 8 :{"id":12}
02/24/2025 08:08:30 Central European Standard Time: Information : 7 :{"id":13,"method":"requestServiceChannel"}
02/24/2025 08:08:30 Central European Standard Time: Information : 6 :Received request "13" for method "requestServiceChannel".
02/24/2025 08:08:30 Central European Standard Time: Information : 9 :Invoking Microsoft.VisualStudio.Utilities.ServiceBroker.GlobalBrokeredServiceContainer+View.RequestServiceChannelAsync(ServiceMoniker, ServiceActivationOptions, CancellationToken)
02/24/2025 08:08:30 Central European Standard Time : Start : requestServiceChannel
02/24/2025 08:08:30 Central European Standard Time : Stop : requestServiceChannel
02/24/2025 08:08:30 Central European Standard Time: Information : 8 :{"id":13}
