02/24/2025 08:08:27 Central European Standard Time : Information : Local timezone is (UTC+01:00) Central European Time (Oslo)
02/24/2025 08:08:27 Central European Standard Time : Information : Service Hub .NET service module host started. Host id: dotnet$C94B8CFE-E3FD-4BAF-A941-2866DBB566FE. Controller pipe: net.pipe://936193BCDD. PID: 93637
02/24/2025 08:08:27 Central European Standard Time : Information : hubHostClr read: Content-Length: 116

{"jsonrpc":"2.0","id":2,"method":"InitializeHostAsync","params":[{"HostsRootDirectory":".","AppConfigFallback":""}]}
02/24/2025 08:08:27 Central European Standard Time : Information : hubHostClr write: Content-Length: 79

{"jsonrpc":"2.0","id":2,"result":"dotnet$C94B8CFE-E3FD-4BAF-A941-2866DBB566FE"}
02/24/2025 08:08:27 Central European Standard Time : Information : hubHostClr read: Content-Length: 1067

{"jsonrpc":"2.0","id":3,"method":"StartServiceAsync","params":[{"name":"Microsoft.VisualStudio.Debugger.HotReloadSessionNotificationService","host":"dotnet","hostId":"C94B8CFE-E3FD-4BAF-A941-2866DBB566FE","serviceBaseDirectory":"/Users/fayzullotukhtasinov/.vscode/extensions/ms-dotnettools.csdevkit-1.16.6-darwin-arm64/components/VSDebugCore/platforms/darwin-arm64/node_modules/@microsoft/visualstudio-debugger-devkit.darwin-arm64","entryPoint":{"assemblyPath":"/Users/fayzullotukhtasinov/.vscode/extensions/ms-dotnettools.csdevkit-1.16.6-darwin-arm64/components/VSDebugCore/platforms/darwin-arm64/node_modules/@microsoft/visualstudio-debugger-devkit.darwin-arm64/Microsoft.VisualStudio.Debugger.DevKit.dll","fullClassName":"Microsoft.VisualStudio.Debugger.HotReloadSessionNotificationService+Factory"}},{"ActivationArguments":{"__servicehub__ServiceHubRemoteServiceBrokerPipeName":"/Users/fayzullotukhtasinov/.ServiceHub/3c2e210934/5d42988ace","__servicehub__RequestedServiceVersion":"0.1"},"ClientCredentials":{},"ClientCulture":"en-DE","ClientUICulture":"en-US"}]}Content-Length: 1086

{"jsonrpc":"2.0","id":4,"method":"StartServiceAsync","params":[{"name":"Microsoft.VisualStudio.TestWindow.VSCode.Service","host":"dotnet","hostId":"C94B8CFE-E3FD-4BAF-A941-2866DBB566FE","serviceBaseDirectory":"/Users/fayzullotukhtasinov/.vscode/extensions/ms-dotnettools.csdevkit-1.16.6-darwin-arm64/components/VSUnitTesting/platforms/darwin-arm64/node_modules/@microsoft/visualstudio-testwindow-vscode-service.darwin-arm64","entryPoint":{"assemblyPath":"/Users/fayzullotukhtasinov/.vscode/extensions/ms-dotnettools.csdevkit-1.16.6-darwin-arm64/components/VSUnitTesting/platforms/darwin-arm64/node_modules/@microsoft/visualstudio-testwindow-vscode-service.darwin-arm64/Microsoft.VisualStudio.TestWindow.VSCode.Service.dll","fullClassName":"Microsoft.VisualStudio.TestWindow.VSCode.Service.TestWindowVSCodeServiceFactory"}},{"ActivationArguments":{"__servicehub__ServiceHubRemoteServiceBrokerPipeName":"/Users/fayzullotukhtasinov/.ServiceHub/3c2e210934/23ccd7006b","__servicehub__RequestedServiceVersion":"0.1"},"ClientCredentials":{},"ClientCulture":"en-GB","ClientUICulture":"en-GB"}]}
02/24/2025 08:08:27 Central European Standard Time : Information : CLR host received start request for service 'Microsoft.VisualStudio.Debugger.HotReloadSessionNotificationService'
02/24/2025 08:08:27 Central European Standard Time : Information : Loading service module assembly '/Users/fayzullotukhtasinov/.vscode/extensions/ms-dotnettools.csdevkit-1.16.6-darwin-arm64/components/VSDebugCore/platforms/darwin-arm64/node_modules/@microsoft/visualstudio-debugger-devkit.darwin-arm64/Microsoft.VisualStudio.Debugger.DevKit.dll' from '/Users/fayzullotukhtasinov/.vscode/extensions/ms-dotnettools.csdevkit-1.16.6-darwin-arm64/components/VSDebugCore/platforms/darwin-arm64/node_modules/@microsoft/visualstudio-debugger-devkit.darwin-arm64'
02/24/2025 08:08:27 Central European Standard Time : Information : Starting service module 'Microsoft.VisualStudio.Debugger.HotReloadSessionNotificationService'. Class: Microsoft.VisualStudio.Debugger.HotReloadSessionNotificationService+Factory, Supported Version: 
02/24/2025 08:08:27 Central European Standard Time : Information : Started service 'Microsoft.VisualStudio.Debugger.HotReloadSessionNotificationService'. Pipe name: /Users/fayzullotukhtasinov/.ServiceHub/3c2e210934/947fae0050, Supported Version: 
02/24/2025 08:08:27 Central European Standard Time : Information : hubHostClr write: Content-Length: 96

{"jsonrpc":"2.0","id":3,"result":"/Users/fayzullotukhtasinov/.ServiceHub/3c2e210934/947fae0050"}
02/24/2025 08:08:27 Central European Standard Time : Information : CLR host received start request for service 'Microsoft.VisualStudio.TestWindow.VSCode.Service'
02/24/2025 08:08:27 Central European Standard Time : Information : Loading service module assembly '/Users/fayzullotukhtasinov/.vscode/extensions/ms-dotnettools.csdevkit-1.16.6-darwin-arm64/components/VSUnitTesting/platforms/darwin-arm64/node_modules/@microsoft/visualstudio-testwindow-vscode-service.darwin-arm64/Microsoft.VisualStudio.TestWindow.VSCode.Service.dll' from '/Users/fayzullotukhtasinov/.vscode/extensions/ms-dotnettools.csdevkit-1.16.6-darwin-arm64/components/VSUnitTesting/platforms/darwin-arm64/node_modules/@microsoft/visualstudio-testwindow-vscode-service.darwin-arm64'
02/24/2025 08:08:27 Central European Standard Time : Information : Starting service module 'Microsoft.VisualStudio.TestWindow.VSCode.Service'. Class: Microsoft.VisualStudio.TestWindow.VSCode.Service.TestWindowVSCodeServiceFactory, Supported Version: 
02/24/2025 08:08:27 Central European Standard Time : Information : Started service 'Microsoft.VisualStudio.TestWindow.VSCode.Service'. Pipe name: /Users/fayzullotukhtasinov/.ServiceHub/3c2e210934/bfa1510114, Supported Version: 
02/24/2025 08:08:27 Central European Standard Time : Information : hubHostClr write: Content-Length: 96

{"jsonrpc":"2.0","id":4,"result":"/Users/fayzullotukhtasinov/.ServiceHub/3c2e210934/bfa1510114"}
02/24/2025 08:08:27 Central European Standard Time : Information : A new client connected to CLR service module 'Microsoft.VisualStudio.TestWindow.VSCode.Service'
02/24/2025 08:08:27 Central European Standard Time : Information : A new client connected to CLR service module 'Microsoft.VisualStudio.Debugger.HotReloadSessionNotificationService'
02/24/2025 08:08:27 Central European Standard Time : Information : Found FactoryVersion=Version2 for service : Microsoft.VisualStudio.TestWindow.VSCode.Service.
02/24/2025 08:08:27 Central European Standard Time : Information : Service 'Microsoft.VisualStudio.TestWindow.VSCode.Service.TestWindowVSCodeServiceFactory' implements IServiceHubServiceFactory. Creating factory instance and caching it.
02/24/2025 08:08:27 Central European Standard Time : Information : Found FactoryVersion=Version2 for service : Microsoft.VisualStudio.Debugger.HotReloadSessionNotificationService.
02/24/2025 08:08:27 Central European Standard Time : Information : Service 'Microsoft.VisualStudio.Debugger.HotReloadSessionNotificationService+Factory' implements IServiceHubServiceFactory. Creating factory instance and caching it.
02/24/2025 08:08:27 Central European Standard Time : Information : hubHostClr write: Content-Length: 110

{"jsonrpc":"2.0","method":"HostServicesStartedAsync","params":["dotnet$C94B8CFE-E3FD-4BAF-A941-2866DBB566FE"]}
02/24/2025 08:08:27 Central European Standard Time : Information : Creating service Microsoft.VisualStudio.TestWindow.VSCode.Service.TestWindowVSCodeServiceFactory from factory with FactoryVersion=Version2 and ClientRequestedVersion=0.1.
02/24/2025 08:08:27 Central European Standard Time : Information : Creating service Microsoft.VisualStudio.Debugger.HotReloadSessionNotificationService+Factory from factory with FactoryVersion=Version2 and ClientRequestedVersion=0.1.
02/24/2025 08:08:27 Central European Standard Time : Information : Setting up RPC connection for service 'Microsoft.VisualStudio.Debugger.HotReloadSessionNotificationService+Factory' from factory
02/24/2025 08:08:27 Central European Standard Time : Information : Setting up RPC connection for service 'Microsoft.VisualStudio.TestWindow.VSCode.Service.TestWindowVSCodeServiceFactory' from factory
02/24/2025 08:08:27 Central European Standard Time : Information : Completed RPC connection setup for service 'Microsoft.VisualStudio.TestWindow.VSCode.Service.TestWindowVSCodeServiceFactory' from factory
02/24/2025 08:08:27 Central European Standard Time : Information : Completed RPC connection setup for service 'Microsoft.VisualStudio.Debugger.HotReloadSessionNotificationService+Factory' from factory
02/24/2025 08:08:27 Central European Standard Time : Information : hubHostClr read: Content-Length: 1135

{"jsonrpc":"2.0","id":5,"method":"StartServiceAsync","params":[{"name":"Microsoft.VisualStudio.TestWindow.VSCode.ProjectSystemProvider.Service","host":"dotnet","hostId":"C94B8CFE-E3FD-4BAF-A941-2866DBB566FE","serviceBaseDirectory":"/Users/fayzullotukhtasinov/.vscode/extensions/ms-dotnettools.csdevkit-1.16.6-darwin-arm64/components/VSUnitTesting/platforms/darwin-arm64/node_modules/@microsoft/visualstudio-testwindow-vscode-service.darwin-arm64","entryPoint":{"assemblyPath":"/Users/fayzullotukhtasinov/.vscode/extensions/ms-dotnettools.csdevkit-1.16.6-darwin-arm64/components/VSUnitTesting/platforms/darwin-arm64/node_modules/@microsoft/visualstudio-testwindow-vscode-service.darwin-arm64/Microsoft.VisualStudio.TestWindow.VSCode.Service.dll","fullClassName":"Microsoft.VisualStudio.TestWindow.VSCode.ProjectSystemProvider.Service.ProjectSystemProviderServiceFactory"}},{"ActivationArguments":{"__servicehub__ServiceHubRemoteServiceBrokerPipeName":"/Users/fayzullotukhtasinov/.ServiceHub/3c2e210934/c4fe383235","__servicehub__RequestedServiceVersion":"0.1"},"ClientCredentials":{},"ClientCulture":"en-GB","ClientUICulture":"en-GB"}]}
02/24/2025 08:08:27 Central European Standard Time : Information : CLR host received start request for service 'Microsoft.VisualStudio.TestWindow.VSCode.ProjectSystemProvider.Service'
02/24/2025 08:08:27 Central European Standard Time : Information : Loading service module assembly '/Users/fayzullotukhtasinov/.vscode/extensions/ms-dotnettools.csdevkit-1.16.6-darwin-arm64/components/VSUnitTesting/platforms/darwin-arm64/node_modules/@microsoft/visualstudio-testwindow-vscode-service.darwin-arm64/Microsoft.VisualStudio.TestWindow.VSCode.Service.dll' from '/Users/fayzullotukhtasinov/.vscode/extensions/ms-dotnettools.csdevkit-1.16.6-darwin-arm64/components/VSUnitTesting/platforms/darwin-arm64/node_modules/@microsoft/visualstudio-testwindow-vscode-service.darwin-arm64'
02/24/2025 08:08:27 Central European Standard Time : Information : Starting service module 'Microsoft.VisualStudio.TestWindow.VSCode.ProjectSystemProvider.Service'. Class: Microsoft.VisualStudio.TestWindow.VSCode.ProjectSystemProvider.Service.ProjectSystemProviderServiceFactory, Supported Version: 
02/24/2025 08:08:27 Central European Standard Time : Information : Started service 'Microsoft.VisualStudio.TestWindow.VSCode.ProjectSystemProvider.Service'. Pipe name: /Users/fayzullotukhtasinov/.ServiceHub/3c2e210934/84d4c662c0, Supported Version: 
02/24/2025 08:08:27 Central European Standard Time : Information : hubHostClr write: Content-Length: 96

{"jsonrpc":"2.0","id":5,"result":"/Users/fayzullotukhtasinov/.ServiceHub/3c2e210934/84d4c662c0"}
02/24/2025 08:08:27 Central European Standard Time : Information : A new client connected to CLR service module 'Microsoft.VisualStudio.TestWindow.VSCode.ProjectSystemProvider.Service'
02/24/2025 08:08:27 Central European Standard Time : Information : Found FactoryVersion=Version2 for service : Microsoft.VisualStudio.TestWindow.VSCode.ProjectSystemProvider.Service.
02/24/2025 08:08:27 Central European Standard Time : Information : Service 'Microsoft.VisualStudio.TestWindow.VSCode.ProjectSystemProvider.Service.ProjectSystemProviderServiceFactory' implements IServiceHubServiceFactory. Creating factory instance and caching it.
02/24/2025 08:08:27 Central European Standard Time : Information : Creating service Microsoft.VisualStudio.TestWindow.VSCode.ProjectSystemProvider.Service.ProjectSystemProviderServiceFactory from factory with FactoryVersion=Version2 and ClientRequestedVersion=0.1.
02/24/2025 08:08:27 Central European Standard Time : Information : Setting up RPC connection for service 'Microsoft.VisualStudio.TestWindow.VSCode.ProjectSystemProvider.Service.ProjectSystemProviderServiceFactory' from factory
02/24/2025 08:08:27 Central European Standard Time : Information : Completed RPC connection setup for service 'Microsoft.VisualStudio.TestWindow.VSCode.ProjectSystemProvider.Service.ProjectSystemProviderServiceFactory' from factory
02/24/2025 08:10:39 Central European Standard Time : Information : hubHostClr read: Content-Length: 1084

{"jsonrpc":"2.0","id":6,"method":"StartServiceAsync","params":[{"name":"Microsoft.VisualStudio.Debugger.ManagedEditAndContinueRemoteDebuggerService2","host":"dotnet","hostId":"C94B8CFE-E3FD-4BAF-A941-2866DBB566FE","serviceBaseDirectory":"/Users/fayzullotukhtasinov/.vscode/extensions/ms-dotnettools.csdevkit-1.16.6-darwin-arm64/components/VSDebugCore/platforms/darwin-arm64/node_modules/@microsoft/visualstudio-debugger-devkit.darwin-arm64","entryPoint":{"assemblyPath":"/Users/fayzullotukhtasinov/.vscode/extensions/ms-dotnettools.csdevkit-1.16.6-darwin-arm64/components/VSDebugCore/platforms/darwin-arm64/node_modules/@microsoft/visualstudio-debugger-devkit.darwin-arm64/Microsoft.VisualStudio.Debugger.DevKit.dll","fullClassName":"Microsoft.VisualStudio.Debugger.ManagedEditAndContinueRemoteDebuggerService+Factory"}},{"ActivationArguments":{"__servicehub__ServiceHubRemoteServiceBrokerPipeName":"/Users/fayzullotukhtasinov/.ServiceHub/3c2e210934/e06302f2e0","__servicehub__RequestedServiceVersion":"0.1"},"ClientCredentials":{},"ClientCulture":"en-DE","ClientUICulture":"en-DE"}]}
02/24/2025 08:10:39 Central European Standard Time : Information : CLR host received start request for service 'Microsoft.VisualStudio.Debugger.ManagedEditAndContinueRemoteDebuggerService2'
02/24/2025 08:10:39 Central European Standard Time : Information : Loading service module assembly '/Users/fayzullotukhtasinov/.vscode/extensions/ms-dotnettools.csdevkit-1.16.6-darwin-arm64/components/VSDebugCore/platforms/darwin-arm64/node_modules/@microsoft/visualstudio-debugger-devkit.darwin-arm64/Microsoft.VisualStudio.Debugger.DevKit.dll' from '/Users/fayzullotukhtasinov/.vscode/extensions/ms-dotnettools.csdevkit-1.16.6-darwin-arm64/components/VSDebugCore/platforms/darwin-arm64/node_modules/@microsoft/visualstudio-debugger-devkit.darwin-arm64'
02/24/2025 08:10:39 Central European Standard Time : Information : Starting service module 'Microsoft.VisualStudio.Debugger.ManagedEditAndContinueRemoteDebuggerService2'. Class: Microsoft.VisualStudio.Debugger.ManagedEditAndContinueRemoteDebuggerService+Factory, Supported Version: 
02/24/2025 08:10:39 Central European Standard Time : Information : Started service 'Microsoft.VisualStudio.Debugger.ManagedEditAndContinueRemoteDebuggerService2'. Pipe name: /Users/fayzullotukhtasinov/.ServiceHub/3c2e210934/de6f8929eb, Supported Version: 
02/24/2025 08:10:39 Central European Standard Time : Information : hubHostClr write: Content-Length: 96

{"jsonrpc":"2.0","id":6,"result":"/Users/fayzullotukhtasinov/.ServiceHub/3c2e210934/de6f8929eb"}
02/24/2025 08:10:39 Central European Standard Time : Information : A new client connected to CLR service module 'Microsoft.VisualStudio.Debugger.ManagedEditAndContinueRemoteDebuggerService2'
02/24/2025 08:10:39 Central European Standard Time : Information : Found FactoryVersion=Version2 for service : Microsoft.VisualStudio.Debugger.ManagedEditAndContinueRemoteDebuggerService2.
02/24/2025 08:10:39 Central European Standard Time : Information : Service 'Microsoft.VisualStudio.Debugger.ManagedEditAndContinueRemoteDebuggerService+Factory' implements IServiceHubServiceFactory. Creating factory instance and caching it.
02/24/2025 08:10:39 Central European Standard Time : Information : Creating service Microsoft.VisualStudio.Debugger.ManagedEditAndContinueRemoteDebuggerService+Factory from factory with FactoryVersion=Version2 and ClientRequestedVersion=0.1.
02/24/2025 08:10:39 Central European Standard Time : Information : Setting up RPC connection for service 'Microsoft.VisualStudio.Debugger.ManagedEditAndContinueRemoteDebuggerService+Factory' from factory
02/24/2025 08:10:39 Central European Standard Time : Information : Completed RPC connection setup for service 'Microsoft.VisualStudio.Debugger.ManagedEditAndContinueRemoteDebuggerService+Factory' from factory
02/24/2025 08:10:39 Central European Standard Time : Information : hubHostClr read: Content-Length: 1084

{"jsonrpc":"2.0","id":7,"method":"StartServiceAsync","params":[{"name":"Microsoft.VisualStudio.Debugger.ManagedEditAndContinueCsDevKitEngineService2","host":"dotnet","hostId":"C94B8CFE-E3FD-4BAF-A941-2866DBB566FE","serviceBaseDirectory":"/Users/fayzullotukhtasinov/.vscode/extensions/ms-dotnettools.csdevkit-1.16.6-darwin-arm64/components/VSDebugCore/platforms/darwin-arm64/node_modules/@microsoft/visualstudio-debugger-devkit.darwin-arm64","entryPoint":{"assemblyPath":"/Users/fayzullotukhtasinov/.vscode/extensions/ms-dotnettools.csdevkit-1.16.6-darwin-arm64/components/VSDebugCore/platforms/darwin-arm64/node_modules/@microsoft/visualstudio-debugger-devkit.darwin-arm64/Microsoft.VisualStudio.Debugger.DevKit.dll","fullClassName":"Microsoft.VisualStudio.Debugger.ManagedEditAndContinueCsDevKitEngineService+Factory"}},{"ActivationArguments":{"__servicehub__ServiceHubRemoteServiceBrokerPipeName":"/Users/fayzullotukhtasinov/.ServiceHub/3c2e210934/568d0becd1","__servicehub__RequestedServiceVersion":"0.1"},"ClientCredentials":{},"ClientCulture":"en-DE","ClientUICulture":"en-DE"}]}
02/24/2025 08:10:39 Central European Standard Time : Information : CLR host received start request for service 'Microsoft.VisualStudio.Debugger.ManagedEditAndContinueCsDevKitEngineService2'
02/24/2025 08:10:39 Central European Standard Time : Information : Loading service module assembly '/Users/fayzullotukhtasinov/.vscode/extensions/ms-dotnettools.csdevkit-1.16.6-darwin-arm64/components/VSDebugCore/platforms/darwin-arm64/node_modules/@microsoft/visualstudio-debugger-devkit.darwin-arm64/Microsoft.VisualStudio.Debugger.DevKit.dll' from '/Users/fayzullotukhtasinov/.vscode/extensions/ms-dotnettools.csdevkit-1.16.6-darwin-arm64/components/VSDebugCore/platforms/darwin-arm64/node_modules/@microsoft/visualstudio-debugger-devkit.darwin-arm64'
02/24/2025 08:10:39 Central European Standard Time : Information : Starting service module 'Microsoft.VisualStudio.Debugger.ManagedEditAndContinueCsDevKitEngineService2'. Class: Microsoft.VisualStudio.Debugger.ManagedEditAndContinueCsDevKitEngineService+Factory, Supported Version: 
02/24/2025 08:10:39 Central European Standard Time : Information : Started service 'Microsoft.VisualStudio.Debugger.ManagedEditAndContinueCsDevKitEngineService2'. Pipe name: /Users/fayzullotukhtasinov/.ServiceHub/3c2e210934/2966341ace, Supported Version: 
02/24/2025 08:10:39 Central European Standard Time : Information : hubHostClr write: Content-Length: 96

{"jsonrpc":"2.0","id":7,"result":"/Users/fayzullotukhtasinov/.ServiceHub/3c2e210934/2966341ace"}
02/24/2025 08:10:39 Central European Standard Time : Information : A new client connected to CLR service module 'Microsoft.VisualStudio.Debugger.ManagedEditAndContinueCsDevKitEngineService2'
02/24/2025 08:10:39 Central European Standard Time : Information : Found FactoryVersion=Version2 for service : Microsoft.VisualStudio.Debugger.ManagedEditAndContinueCsDevKitEngineService2.
02/24/2025 08:10:39 Central European Standard Time : Information : Service 'Microsoft.VisualStudio.Debugger.ManagedEditAndContinueCsDevKitEngineService+Factory' implements IServiceHubServiceFactory. Creating factory instance and caching it.
02/24/2025 08:10:39 Central European Standard Time : Information : Creating service Microsoft.VisualStudio.Debugger.ManagedEditAndContinueCsDevKitEngineService+Factory from factory with FactoryVersion=Version2 and ClientRequestedVersion=0.1.
02/24/2025 08:10:39 Central European Standard Time : Information : Setting up RPC connection for service 'Microsoft.VisualStudio.Debugger.ManagedEditAndContinueCsDevKitEngineService+Factory' from factory
02/24/2025 08:10:39 Central European Standard Time : Information : Completed RPC connection setup for service 'Microsoft.VisualStudio.Debugger.ManagedEditAndContinueCsDevKitEngineService+Factory' from factory
02/24/2025 08:10:39 Central European Standard Time : Information : Checking if 'Microsoft.VisualStudio.Debugger.ManagedEditAndContinueRemoteDebuggerService+Factory' implements Microsoft.VisualStudio.Threading.IAsyncDisposable.
02/24/2025 08:10:39 Central European Standard Time : Information : Checking if 'Microsoft.VisualStudio.Debugger.ManagedEditAndContinueRemoteDebuggerService+Factory' implements System.IAsyncDisposable.
02/24/2025 08:10:39 Central European Standard Time : Information : Checking if 'Microsoft.VisualStudio.Debugger.ManagedEditAndContinueRemoteDebuggerService+Factory' implements System.IDisposable.
02/24/2025 08:10:39 Central European Standard Time : Information : Checking if 'Microsoft.VisualStudio.Debugger.ManagedEditAndContinueCsDevKitEngineService+Factory' implements Microsoft.VisualStudio.Threading.IAsyncDisposable.
02/24/2025 08:10:39 Central European Standard Time : Information : Checking if 'Microsoft.VisualStudio.Debugger.ManagedEditAndContinueCsDevKitEngineService+Factory' implements System.IAsyncDisposable.
02/24/2025 08:10:39 Central European Standard Time : Information : Checking if 'Microsoft.VisualStudio.Debugger.ManagedEditAndContinueCsDevKitEngineService+Factory' implements System.IDisposable.
02/24/2025 09:12:59 Central European Standard Time : Information : Checking if 'Microsoft.VisualStudio.TestWindow.VSCode.Service.TestWindowVSCodeServiceFactory' implements Microsoft.VisualStudio.Threading.IAsyncDisposable.
02/24/2025 09:12:59 Central European Standard Time : Information : Checking if 'Microsoft.VisualStudio.TestWindow.VSCode.Service.TestWindowVSCodeServiceFactory' implements System.IAsyncDisposable.
02/24/2025 09:12:59 Central European Standard Time : Information : Checking if 'Microsoft.VisualStudio.TestWindow.VSCode.Service.TestWindowVSCodeServiceFactory' implements System.IDisposable.
02/24/2025 09:12:59 Central European Standard Time : Information : Checking if 'Microsoft.VisualStudio.TestWindow.VSCode.ProjectSystemProvider.Service.ProjectSystemProviderServiceFactory' implements Microsoft.VisualStudio.Threading.IAsyncDisposable.
02/24/2025 09:12:59 Central European Standard Time : Information : Checking if 'Microsoft.VisualStudio.TestWindow.VSCode.ProjectSystemProvider.Service.ProjectSystemProviderServiceFactory' implements System.IAsyncDisposable.
02/24/2025 09:12:59 Central European Standard Time : Information : Checking if 'Microsoft.VisualStudio.TestWindow.VSCode.ProjectSystemProvider.Service.ProjectSystemProviderServiceFactory' implements System.IDisposable.
02/24/2025 09:12:59 Central European Standard Time : Information : hubHostClr write: Content-Length: 108

{"jsonrpc":"2.0","method":"HostServicesEndedAsync","params":["dotnet$C94B8CFE-E3FD-4BAF-A941-2866DBB566FE"]}
02/24/2025 09:12:59 Central European Standard Time : Information : Checking if 'Microsoft.VisualStudio.Debugger.HotReloadSessionNotificationService+Factory' implements Microsoft.VisualStudio.Threading.IAsyncDisposable.
02/24/2025 09:12:59 Central European Standard Time : Information : Checking if 'Microsoft.VisualStudio.Debugger.HotReloadSessionNotificationService+Factory' implements System.IAsyncDisposable.
02/24/2025 09:12:59 Central European Standard Time : Information : Checking if 'Microsoft.VisualStudio.Debugger.HotReloadSessionNotificationService+Factory' implements System.IDisposable.
02/24/2025 09:12:59 Central European Standard Time : Information : hubHostClr read: Content-Length: 57

{"jsonrpc":"2.0","id":8,"method":"ExitAsync","params":[]}
02/24/2025 09:12:59 Central European Standard Time : Information : Exit command received. Exiting CLR host
02/24/2025 09:12:59 Central European Standard Time : Information : hubHostClr write: Content-Length: 38

{"jsonrpc":"2.0","id":8,"result":null}
02/24/2025 09:12:59 Central European Standard Time : Information : hubHostClr JSON RPC has been disposed
02/24/2025 09:12:59 Central European Standard Time : Information : hubHostClr read: end of stream
