04/01/2025 08:32:51 Central European Standard Time : Information : Local timezone is (UTC+01:00) Central European Time (Oslo)
04/01/2025 08:32:52 Central European Standard Time : Information : Service Hub .NET service module host started. Host id: dotnet.projectSystem$C94B8CFE-E3FD-4BAF-A941-2866DBB566FE. Controller pipe: net.pipe://36533A21C2. PID: 36550
04/01/2025 08:32:52 Central European Standard Time : Information : hubHostClr read: Content-Length: 116

{"jsonrpc":"2.0","id":2,"method":"InitializeHostAsync","params":[{"HostsRootDirectory":".","AppConfigFallback":""}]}
04/01/2025 08:32:52 Central European Standard Time : Information : hubHostClr write: Content-Length: 93

{"jsonrpc":"2.0","id":2,"result":"dotnet.projectSystem$C94B8CFE-E3FD-4BAF-A941-2866DBB566FE"}
04/01/2025 08:32:52 Central European Standard Time : Information : hubHostClr read: Content-Length: 1111

{"jsonrpc":"2.0","id":3,"method":"StartServiceAsync","params":[{"name":"Microsoft.VisualStudio.ProjectSystem.ProjectInitializationStatusService","host":"dotnet.projectSystem","hostId":"C94B8CFE-E3FD-4BAF-A941-2866DBB566FE","serviceBaseDirectory":"/Users/fayzullotukhtasinov/.vscode/extensions/ms-dotnettools.csdevkit-1.17.64-darwin-arm64/components/CPS/platforms/darwin-arm64/node_modules/@microsoft/visualstudio-projectsystem-server.darwin-arm64","entryPoint":{"assemblyPath":"/Users/fayzullotukhtasinov/.vscode/extensions/ms-dotnettools.csdevkit-1.17.64-darwin-arm64/components/CPS/platforms/darwin-arm64/node_modules/@microsoft/visualstudio-projectsystem-server.darwin-arm64/Microsoft.VisualStudio.ProjectSystem.Server.Implementation.dll","fullClassName":"Microsoft.VisualStudio.ProjectSystem.Server.ProjectInitializationStatusServiceFactory"}},{"ActivationArguments":{"__servicehub__ServiceHubRemoteServiceBrokerPipeName":"/Users/fayzullotukhtasinov/.ServiceHub/6aea52ee19/01221e0420","__servicehub__RequestedServiceVersion":"0.1"},"ClientCredentials":{},"ClientCulture":"en-GB","ClientUICulture":"en-GB"}]}Content-Length: 1081

{"jsonrpc":"2.0","id":4,"method":"StartServiceAsync","params":[{"name":"Microsoft.VisualStudio.ProjectSystem.ProjectTreeProvider","host":"dotnet.projectSystem","hostId":"C94B8CFE-E3FD-4BAF-A941-2866DBB566FE","serviceBaseDirectory":"/Users/fayzullotukhtasinov/.vscode/extensions/ms-dotnettools.csdevkit-1.17.64-darwin-arm64/components/CPS/platforms/darwin-arm64/node_modules/@microsoft/visualstudio-projectsystem-server.darwin-arm64","entryPoint":{"assemblyPath":"/Users/fayzullotukhtasinov/.vscode/extensions/ms-dotnettools.csdevkit-1.17.64-darwin-arm64/components/CPS/platforms/darwin-arm64/node_modules/@microsoft/visualstudio-projectsystem-server.darwin-arm64/Microsoft.VisualStudio.ProjectSystem.Server.Implementation.dll","fullClassName":"Microsoft.VisualStudio.ProjectSystem.Server.ProjectTreeProviderFactory"}},{"ActivationArguments":{"__servicehub__ServiceHubRemoteServiceBrokerPipeName":"/Users/fayzullotukhtasinov/.ServiceHub/6aea52ee19/61fcaa3753","__servicehub__RequestedServiceVersion":"0.1"},"ClientCredentials":{},"ClientCulture":"en-GB","ClientUICulture":"en-GB"}]}Content-Length: 1035

{"jsonrpc":"2.0","id":5,"method":"StartServiceAsync","params":[{"name":"Microsoft.VisualStudio.LaunchConfigurationService","host":"dotnet.projectSystem","hostId":"C94B8CFE-E3FD-4BAF-A941-2866DBB566FE","serviceBaseDirectory":"/Users/fayzullotukhtasinov/.vscode/extensions/ms-dotnettools.csdevkit-1.17.64-darwin-arm64/components/CPS/platforms/darwin-arm64/node_modules/@microsoft/visualstudio-projectsystem-server.darwin-arm64","entryPoint":{"assemblyPath":"/Users/fayzullotukhtasinov/.vscode/extensions/ms-dotnettools.csdevkit-1.17.64-darwin-arm64/components/CPS/platforms/darwin-arm64/node_modules/@microsoft/visualstudio-projectsystem-server.darwin-arm64/Microsoft.VisualStudio.ProjectSystem.Server.Implementation.dll","fullClassName":"Microsoft.VisualStudio.ProjectSystem.Server.LaunchConfigurationServiceFactory"}},{"ActivationArguments":{"__servicehub__ServiceHubRemoteServiceBrokerPipeName":"/Users/fayzullotukhtasinov/.ServiceHub/6aea52ee19/176f227fb0"},"ClientCredentials":{},"ClientCulture":"en-GB","ClientUICulture":"en-GB"}]}
04/01/2025 08:32:52 Central European Standard Time : Information : CLR host received start request for service 'Microsoft.VisualStudio.ProjectSystem.ProjectInitializationStatusService'
04/01/2025 08:32:52 Central European Standard Time : Information : Loading service module assembly '/Users/fayzullotukhtasinov/.vscode/extensions/ms-dotnettools.csdevkit-1.17.64-darwin-arm64/components/CPS/platforms/darwin-arm64/node_modules/@microsoft/visualstudio-projectsystem-server.darwin-arm64/Microsoft.VisualStudio.ProjectSystem.Server.Implementation.dll' from '/Users/fayzullotukhtasinov/.vscode/extensions/ms-dotnettools.csdevkit-1.17.64-darwin-arm64/components/CPS/platforms/darwin-arm64/node_modules/@microsoft/visualstudio-projectsystem-server.darwin-arm64'
04/01/2025 08:32:52 Central European Standard Time : Information : Starting service module 'Microsoft.VisualStudio.ProjectSystem.ProjectInitializationStatusService'. Class: Microsoft.VisualStudio.ProjectSystem.Server.ProjectInitializationStatusServiceFactory, Supported Version: 
04/01/2025 08:32:52 Central European Standard Time : Information : Started service 'Microsoft.VisualStudio.ProjectSystem.ProjectInitializationStatusService'. Pipe name: /Users/fayzullotukhtasinov/.ServiceHub/6aea52ee19/e80c0b7fa2, Supported Version: 
04/01/2025 08:32:52 Central European Standard Time : Information : CLR host received start request for service 'Microsoft.VisualStudio.ProjectSystem.ProjectTreeProvider'
04/01/2025 08:32:52 Central European Standard Time : Information : Loading service module assembly '/Users/fayzullotukhtasinov/.vscode/extensions/ms-dotnettools.csdevkit-1.17.64-darwin-arm64/components/CPS/platforms/darwin-arm64/node_modules/@microsoft/visualstudio-projectsystem-server.darwin-arm64/Microsoft.VisualStudio.ProjectSystem.Server.Implementation.dll' from '/Users/fayzullotukhtasinov/.vscode/extensions/ms-dotnettools.csdevkit-1.17.64-darwin-arm64/components/CPS/platforms/darwin-arm64/node_modules/@microsoft/visualstudio-projectsystem-server.darwin-arm64'
04/01/2025 08:32:52 Central European Standard Time : Information : Starting service module 'Microsoft.VisualStudio.ProjectSystem.ProjectTreeProvider'. Class: Microsoft.VisualStudio.ProjectSystem.Server.ProjectTreeProviderFactory, Supported Version: 
04/01/2025 08:32:52 Central European Standard Time : Information : Started service 'Microsoft.VisualStudio.ProjectSystem.ProjectTreeProvider'. Pipe name: /Users/fayzullotukhtasinov/.ServiceHub/6aea52ee19/ab25e55d7f, Supported Version: 
04/01/2025 08:32:52 Central European Standard Time : Information : CLR host received start request for service 'Microsoft.VisualStudio.LaunchConfigurationService'
04/01/2025 08:32:52 Central European Standard Time : Information : Loading service module assembly '/Users/fayzullotukhtasinov/.vscode/extensions/ms-dotnettools.csdevkit-1.17.64-darwin-arm64/components/CPS/platforms/darwin-arm64/node_modules/@microsoft/visualstudio-projectsystem-server.darwin-arm64/Microsoft.VisualStudio.ProjectSystem.Server.Implementation.dll' from '/Users/fayzullotukhtasinov/.vscode/extensions/ms-dotnettools.csdevkit-1.17.64-darwin-arm64/components/CPS/platforms/darwin-arm64/node_modules/@microsoft/visualstudio-projectsystem-server.darwin-arm64'
04/01/2025 08:32:52 Central European Standard Time : Information : Starting service module 'Microsoft.VisualStudio.LaunchConfigurationService'. Class: Microsoft.VisualStudio.ProjectSystem.Server.LaunchConfigurationServiceFactory, Supported Version: 
04/01/2025 08:32:52 Central European Standard Time : Information : hubHostClr write: Content-Length: 96

{"jsonrpc":"2.0","id":3,"result":"/Users/fayzullotukhtasinov/.ServiceHub/6aea52ee19/e80c0b7fa2"}Content-Length: 96

{"jsonrpc":"2.0","id":4,"result":"/Users/fayzullotukhtasinov/.ServiceHub/6aea52ee19/ab25e55d7f"}
04/01/2025 08:32:52 Central European Standard Time : Information : Started service 'Microsoft.VisualStudio.LaunchConfigurationService'. Pipe name: /Users/fayzullotukhtasinov/.ServiceHub/6aea52ee19/80098d1cdf, Supported Version: 
04/01/2025 08:32:52 Central European Standard Time : Information : hubHostClr write: Content-Length: 96

{"jsonrpc":"2.0","id":5,"result":"/Users/fayzullotukhtasinov/.ServiceHub/6aea52ee19/80098d1cdf"}
04/01/2025 08:32:52 Central European Standard Time : Information : A new client connected to CLR service module 'Microsoft.VisualStudio.ProjectSystem.ProjectTreeProvider'
04/01/2025 08:32:52 Central European Standard Time : Information : A new client connected to CLR service module 'Microsoft.VisualStudio.ProjectSystem.ProjectInitializationStatusService'
04/01/2025 08:32:52 Central European Standard Time : Information : A new client connected to CLR service module 'Microsoft.VisualStudio.LaunchConfigurationService'
04/01/2025 08:32:52 Central European Standard Time : Information : Found FactoryVersion=Version2 for service : Microsoft.VisualStudio.ProjectSystem.ProjectTreeProvider.
04/01/2025 08:32:52 Central European Standard Time : Information : Service 'Microsoft.VisualStudio.ProjectSystem.Server.ProjectTreeProviderFactory' implements IServiceHubServiceFactory. Creating factory instance and caching it.
04/01/2025 08:32:52 Central European Standard Time : Information : hubHostClr write: Content-Length: 124

{"jsonrpc":"2.0","method":"HostServicesStartedAsync","params":["dotnet.projectSystem$C94B8CFE-E3FD-4BAF-A941-2866DBB566FE"]}
04/01/2025 08:32:52 Central European Standard Time : Information : Found FactoryVersion=Version2 for service : Microsoft.VisualStudio.ProjectSystem.ProjectInitializationStatusService.
04/01/2025 08:32:52 Central European Standard Time : Information : Service 'Microsoft.VisualStudio.ProjectSystem.Server.ProjectInitializationStatusServiceFactory' implements IServiceHubServiceFactory. Creating factory instance and caching it.
04/01/2025 08:32:52 Central European Standard Time : Information : Found FactoryVersion=Version2 for service : Microsoft.VisualStudio.LaunchConfigurationService.
04/01/2025 08:32:52 Central European Standard Time : Information : Service 'Microsoft.VisualStudio.ProjectSystem.Server.LaunchConfigurationServiceFactory' implements IServiceHubServiceFactory. Creating factory instance and caching it.
04/01/2025 08:32:52 Central European Standard Time : Information : Creating service Microsoft.VisualStudio.ProjectSystem.Server.LaunchConfigurationServiceFactory from factory with FactoryVersion=Version2 and ClientRequestedVersion=.
04/01/2025 08:32:52 Central European Standard Time : Information : Creating service Microsoft.VisualStudio.ProjectSystem.Server.ProjectInitializationStatusServiceFactory from factory with FactoryVersion=Version2 and ClientRequestedVersion=0.1.
04/01/2025 08:32:52 Central European Standard Time : Information : Setting up RPC connection for service 'Microsoft.VisualStudio.ProjectSystem.Server.LaunchConfigurationServiceFactory' from factory
04/01/2025 08:32:52 Central European Standard Time : Information : Setting up RPC connection for service 'Microsoft.VisualStudio.ProjectSystem.Server.ProjectInitializationStatusServiceFactory' from factory
04/01/2025 08:32:52 Central European Standard Time : Information : Creating service Microsoft.VisualStudio.ProjectSystem.Server.ProjectTreeProviderFactory from factory with FactoryVersion=Version2 and ClientRequestedVersion=0.1.
04/01/2025 08:32:52 Central European Standard Time : Information : Setting up RPC connection for service 'Microsoft.VisualStudio.ProjectSystem.Server.ProjectTreeProviderFactory' from factory
04/01/2025 08:32:52 Central European Standard Time : Information : hubHostClr read: Content-Length: 1079

{"jsonrpc":"2.0","id":6,"method":"StartServiceAsync","params":[{"name":"Microsoft.VisualStudio.ProjectSystem.CompositionService","host":"dotnet.projectSystem","hostId":"C94B8CFE-E3FD-4BAF-A941-2866DBB566FE","serviceBaseDirectory":"/Users/fayzullotukhtasinov/.vscode/extensions/ms-dotnettools.csdevkit-1.17.64-darwin-arm64/components/CPS/platforms/darwin-arm64/node_modules/@microsoft/visualstudio-projectsystem-server.darwin-arm64","entryPoint":{"assemblyPath":"/Users/fayzullotukhtasinov/.vscode/extensions/ms-dotnettools.csdevkit-1.17.64-darwin-arm64/components/CPS/platforms/darwin-arm64/node_modules/@microsoft/visualstudio-projectsystem-server.darwin-arm64/Microsoft.VisualStudio.ProjectSystem.Server.Implementation.dll","fullClassName":"Microsoft.VisualStudio.ProjectSystem.Server.CompositionServiceFactory"}},{"ActivationArguments":{"__servicehub__ServiceHubRemoteServiceBrokerPipeName":"/Users/fayzullotukhtasinov/.ServiceHub/6aea52ee19/6556f45323","__servicehub__RequestedServiceVersion":"0.1"},"ClientCredentials":{},"ClientCulture":"en-GB","ClientUICulture":"en-GB"}]}
04/01/2025 08:32:52 Central European Standard Time : Information : CLR host received start request for service 'Microsoft.VisualStudio.ProjectSystem.CompositionService'
04/01/2025 08:32:52 Central European Standard Time : Information : Loading service module assembly '/Users/fayzullotukhtasinov/.vscode/extensions/ms-dotnettools.csdevkit-1.17.64-darwin-arm64/components/CPS/platforms/darwin-arm64/node_modules/@microsoft/visualstudio-projectsystem-server.darwin-arm64/Microsoft.VisualStudio.ProjectSystem.Server.Implementation.dll' from '/Users/fayzullotukhtasinov/.vscode/extensions/ms-dotnettools.csdevkit-1.17.64-darwin-arm64/components/CPS/platforms/darwin-arm64/node_modules/@microsoft/visualstudio-projectsystem-server.darwin-arm64'
04/01/2025 08:32:52 Central European Standard Time : Information : Starting service module 'Microsoft.VisualStudio.ProjectSystem.CompositionService'. Class: Microsoft.VisualStudio.ProjectSystem.Server.CompositionServiceFactory, Supported Version: 
04/01/2025 08:32:52 Central European Standard Time : Information : Started service 'Microsoft.VisualStudio.ProjectSystem.CompositionService'. Pipe name: /Users/fayzullotukhtasinov/.ServiceHub/6aea52ee19/0a55351262, Supported Version: 
04/01/2025 08:32:52 Central European Standard Time : Information : hubHostClr write: Content-Length: 96

{"jsonrpc":"2.0","id":6,"result":"/Users/fayzullotukhtasinov/.ServiceHub/6aea52ee19/0a55351262"}
04/01/2025 08:32:52 Central European Standard Time : Information : A new client connected to CLR service module 'Microsoft.VisualStudio.ProjectSystem.CompositionService'
04/01/2025 08:32:52 Central European Standard Time : Information : Found FactoryVersion=Version2 for service : Microsoft.VisualStudio.ProjectSystem.CompositionService.
04/01/2025 08:32:52 Central European Standard Time : Information : Service 'Microsoft.VisualStudio.ProjectSystem.Server.CompositionServiceFactory' implements IServiceHubServiceFactory. Creating factory instance and caching it.
04/01/2025 08:32:52 Central European Standard Time : Information : Creating service Microsoft.VisualStudio.ProjectSystem.Server.CompositionServiceFactory from factory with FactoryVersion=Version2 and ClientRequestedVersion=0.1.
04/01/2025 08:32:52 Central European Standard Time : Information : Setting up RPC connection for service 'Microsoft.VisualStudio.ProjectSystem.Server.CompositionServiceFactory' from factory
04/01/2025 08:32:52 Central European Standard Time : Information : Completed RPC connection setup for service 'Microsoft.VisualStudio.ProjectSystem.Server.CompositionServiceFactory' from factory
04/01/2025 08:32:52 Central European Standard Time : Information : Completed RPC connection setup for service 'Microsoft.VisualStudio.ProjectSystem.Server.LaunchConfigurationServiceFactory' from factory
04/01/2025 08:32:52 Central European Standard Time : Information : Completed RPC connection setup for service 'Microsoft.VisualStudio.ProjectSystem.Server.ProjectInitializationStatusServiceFactory' from factory
04/01/2025 08:32:52 Central European Standard Time : Information : Completed RPC connection setup for service 'Microsoft.VisualStudio.ProjectSystem.Server.ProjectTreeProviderFactory' from factory
04/01/2025 08:32:52 Central European Standard Time : Information : Checking if 'Microsoft.VisualStudio.ProjectSystem.Server.CompositionServiceFactory' implements Microsoft.VisualStudio.Threading.IAsyncDisposable.
04/01/2025 08:32:52 Central European Standard Time : Information : Checking if 'Microsoft.VisualStudio.ProjectSystem.Server.CompositionServiceFactory' implements System.IAsyncDisposable.
04/01/2025 08:32:52 Central European Standard Time : Information : Checking if 'Microsoft.VisualStudio.ProjectSystem.Server.CompositionServiceFactory' implements System.IDisposable.
04/01/2025 08:32:52 Central European Standard Time : Information : hubHostClr read: Content-Length: 1080

{"jsonrpc":"2.0","id":7,"method":"StartServiceAsync","params":[{"name":"Microsoft.VisualStudio.CpsProjectIconSourceService","host":"dotnet.projectSystem","hostId":"C94B8CFE-E3FD-4BAF-A941-2866DBB566FE","serviceBaseDirectory":"/Users/fayzullotukhtasinov/.vscode/extensions/ms-dotnettools.csdevkit-1.17.64-darwin-arm64/components/CPS/platforms/darwin-arm64/node_modules/@microsoft/visualstudio-projectsystem-server.darwin-arm64","entryPoint":{"assemblyPath":"/Users/fayzullotukhtasinov/.vscode/extensions/ms-dotnettools.csdevkit-1.17.64-darwin-arm64/components/CPS/platforms/darwin-arm64/node_modules/@microsoft/visualstudio-projectsystem-server.darwin-arm64/Microsoft.VisualStudio.ProjectSystem.Server.Implementation.dll","fullClassName":"Microsoft.VisualStudio.ProjectSystem.Server.ProjectIconSourceServiceFactory"}},{"ActivationArguments":{"__servicehub__ServiceHubRemoteServiceBrokerPipeName":"/Users/fayzullotukhtasinov/.ServiceHub/6aea52ee19/274a8f08f5","__servicehub__RequestedServiceVersion":"0.1"},"ClientCredentials":{},"ClientCulture":"en-GB","ClientUICulture":"en-GB"}]}Content-Length: 1100

{"jsonrpc":"2.0","id":8,"method":"StartServiceAsync","params":[{"name":"Microsoft.VisualStudio.ProjectSystem.Query.Remoting.QueryExecutionService","host":"dotnet.projectSystem","hostId":"C94B8CFE-E3FD-4BAF-A941-2866DBB566FE","serviceBaseDirectory":"/Users/fayzullotukhtasinov/.vscode/extensions/ms-dotnettools.csdevkit-1.17.64-darwin-arm64/components/CPS/platforms/darwin-arm64/node_modules/@microsoft/visualstudio-projectsystem-server.darwin-arm64","entryPoint":{"assemblyPath":"/Users/fayzullotukhtasinov/.vscode/extensions/ms-dotnettools.csdevkit-1.17.64-darwin-arm64/components/CPS/platforms/darwin-arm64/node_modules/@microsoft/visualstudio-projectsystem-server.darwin-arm64/Microsoft.VisualStudio.ProjectSystem.Server.Implementation.dll","fullClassName":"Microsoft.VisualStudio.ProjectSystem.Server.QueryExecutionServiceFactory"}},{"ActivationArguments":{"__servicehub__ServiceHubRemoteServiceBrokerPipeName":"/Users/fayzullotukhtasinov/.ServiceHub/6aea52ee19/8566f38f0f","__servicehub__RequestedServiceVersion":"0.3"},"ClientCredentials":{},"ClientCulture":"en-GB","ClientUICulture":"en-GB"}]}
04/01/2025 08:32:52 Central European Standard Time : Information : CLR host received start request for service 'Microsoft.VisualStudio.CpsProjectIconSourceService'
04/01/2025 08:32:52 Central European Standard Time : Information : Loading service module assembly '/Users/fayzullotukhtasinov/.vscode/extensions/ms-dotnettools.csdevkit-1.17.64-darwin-arm64/components/CPS/platforms/darwin-arm64/node_modules/@microsoft/visualstudio-projectsystem-server.darwin-arm64/Microsoft.VisualStudio.ProjectSystem.Server.Implementation.dll' from '/Users/fayzullotukhtasinov/.vscode/extensions/ms-dotnettools.csdevkit-1.17.64-darwin-arm64/components/CPS/platforms/darwin-arm64/node_modules/@microsoft/visualstudio-projectsystem-server.darwin-arm64'
04/01/2025 08:32:53 Central European Standard Time : Information : Starting service module 'Microsoft.VisualStudio.CpsProjectIconSourceService'. Class: Microsoft.VisualStudio.ProjectSystem.Server.ProjectIconSourceServiceFactory, Supported Version: 
04/01/2025 08:32:53 Central European Standard Time : Information : Started service 'Microsoft.VisualStudio.CpsProjectIconSourceService'. Pipe name: /Users/fayzullotukhtasinov/.ServiceHub/6aea52ee19/614e313815, Supported Version: 
04/01/2025 08:32:53 Central European Standard Time : Information : CLR host received start request for service 'Microsoft.VisualStudio.ProjectSystem.Query.Remoting.QueryExecutionService'
04/01/2025 08:32:53 Central European Standard Time : Information : hubHostClr write: Content-Length: 96

{"jsonrpc":"2.0","id":7,"result":"/Users/fayzullotukhtasinov/.ServiceHub/6aea52ee19/614e313815"}
04/01/2025 08:32:53 Central European Standard Time : Information : Loading service module assembly '/Users/fayzullotukhtasinov/.vscode/extensions/ms-dotnettools.csdevkit-1.17.64-darwin-arm64/components/CPS/platforms/darwin-arm64/node_modules/@microsoft/visualstudio-projectsystem-server.darwin-arm64/Microsoft.VisualStudio.ProjectSystem.Server.Implementation.dll' from '/Users/fayzullotukhtasinov/.vscode/extensions/ms-dotnettools.csdevkit-1.17.64-darwin-arm64/components/CPS/platforms/darwin-arm64/node_modules/@microsoft/visualstudio-projectsystem-server.darwin-arm64'
04/01/2025 08:32:53 Central European Standard Time : Information : Starting service module 'Microsoft.VisualStudio.ProjectSystem.Query.Remoting.QueryExecutionService'. Class: Microsoft.VisualStudio.ProjectSystem.Server.QueryExecutionServiceFactory, Supported Version: 
04/01/2025 08:32:53 Central European Standard Time : Information : Started service 'Microsoft.VisualStudio.ProjectSystem.Query.Remoting.QueryExecutionService'. Pipe name: /Users/fayzullotukhtasinov/.ServiceHub/6aea52ee19/d1cdce7696, Supported Version: 
04/01/2025 08:32:53 Central European Standard Time : Information : hubHostClr write: Content-Length: 96

{"jsonrpc":"2.0","id":8,"result":"/Users/fayzullotukhtasinov/.ServiceHub/6aea52ee19/d1cdce7696"}
04/01/2025 08:32:53 Central European Standard Time : Information : A new client connected to CLR service module 'Microsoft.VisualStudio.CpsProjectIconSourceService'
04/01/2025 08:32:53 Central European Standard Time : Information : Found FactoryVersion=Version2 for service : Microsoft.VisualStudio.CpsProjectIconSourceService.
04/01/2025 08:32:53 Central European Standard Time : Information : Service 'Microsoft.VisualStudio.ProjectSystem.Server.ProjectIconSourceServiceFactory' implements IServiceHubServiceFactory. Creating factory instance and caching it.
04/01/2025 08:32:53 Central European Standard Time : Information : A new client connected to CLR service module 'Microsoft.VisualStudio.ProjectSystem.Query.Remoting.QueryExecutionService'
04/01/2025 08:32:53 Central European Standard Time : Information : Found FactoryVersion=Version2 for service : Microsoft.VisualStudio.ProjectSystem.Query.Remoting.QueryExecutionService.
04/01/2025 08:32:53 Central European Standard Time : Information : Service 'Microsoft.VisualStudio.ProjectSystem.Server.QueryExecutionServiceFactory' implements IServiceHubServiceFactory. Creating factory instance and caching it.
04/01/2025 08:32:53 Central European Standard Time : Information : Creating service Microsoft.VisualStudio.ProjectSystem.Server.QueryExecutionServiceFactory from factory with FactoryVersion=Version2 and ClientRequestedVersion=0.3.
04/01/2025 08:32:53 Central European Standard Time : Information : Setting up RPC connection for service 'Microsoft.VisualStudio.ProjectSystem.Server.QueryExecutionServiceFactory' from factory
04/01/2025 08:32:53 Central European Standard Time : Information : Creating service Microsoft.VisualStudio.ProjectSystem.Server.ProjectIconSourceServiceFactory from factory with FactoryVersion=Version2 and ClientRequestedVersion=0.1.
04/01/2025 08:32:53 Central European Standard Time : Information : Setting up RPC connection for service 'Microsoft.VisualStudio.ProjectSystem.Server.ProjectIconSourceServiceFactory' from factory
04/01/2025 08:32:53 Central European Standard Time : Information : Completed RPC connection setup for service 'Microsoft.VisualStudio.ProjectSystem.Server.ProjectIconSourceServiceFactory' from factory
04/01/2025 08:32:53 Central European Standard Time : Information : Completed RPC connection setup for service 'Microsoft.VisualStudio.ProjectSystem.Server.QueryExecutionServiceFactory' from factory
04/01/2025 08:32:54 Central European Standard Time : Information : hubHostClr read: Content-Length: 1111

{"jsonrpc":"2.0","id":9,"method":"StartServiceAsync","params":[{"name":"Microsoft.VisualStudio.ProjectSystem.ProjectInitializationStatusService","host":"dotnet.projectSystem","hostId":"C94B8CFE-E3FD-4BAF-A941-2866DBB566FE","serviceBaseDirectory":"/Users/fayzullotukhtasinov/.vscode/extensions/ms-dotnettools.csdevkit-1.17.64-darwin-arm64/components/CPS/platforms/darwin-arm64/node_modules/@microsoft/visualstudio-projectsystem-server.darwin-arm64","entryPoint":{"assemblyPath":"/Users/fayzullotukhtasinov/.vscode/extensions/ms-dotnettools.csdevkit-1.17.64-darwin-arm64/components/CPS/platforms/darwin-arm64/node_modules/@microsoft/visualstudio-projectsystem-server.darwin-arm64/Microsoft.VisualStudio.ProjectSystem.Server.Implementation.dll","fullClassName":"Microsoft.VisualStudio.ProjectSystem.Server.ProjectInitializationStatusServiceFactory"}},{"ActivationArguments":{"__servicehub__ServiceHubRemoteServiceBrokerPipeName":"/Users/fayzullotukhtasinov/.ServiceHub/6aea52ee19/8cbc260618","__servicehub__RequestedServiceVersion":"0.1"},"ClientCredentials":{},"ClientCulture":"en-GB","ClientUICulture":"en-GB"}]}
04/01/2025 08:32:54 Central European Standard Time : Information : CLR host received start request for service 'Microsoft.VisualStudio.ProjectSystem.ProjectInitializationStatusService'
04/01/2025 08:32:54 Central European Standard Time : Information : Loading service module assembly '/Users/fayzullotukhtasinov/.vscode/extensions/ms-dotnettools.csdevkit-1.17.64-darwin-arm64/components/CPS/platforms/darwin-arm64/node_modules/@microsoft/visualstudio-projectsystem-server.darwin-arm64/Microsoft.VisualStudio.ProjectSystem.Server.Implementation.dll' from '/Users/fayzullotukhtasinov/.vscode/extensions/ms-dotnettools.csdevkit-1.17.64-darwin-arm64/components/CPS/platforms/darwin-arm64/node_modules/@microsoft/visualstudio-projectsystem-server.darwin-arm64'
04/01/2025 08:32:54 Central European Standard Time : Information : Starting service module 'Microsoft.VisualStudio.ProjectSystem.ProjectInitializationStatusService'. Class: Microsoft.VisualStudio.ProjectSystem.Server.ProjectInitializationStatusServiceFactory, Supported Version: 
04/01/2025 08:32:54 Central European Standard Time : Information : Started service 'Microsoft.VisualStudio.ProjectSystem.ProjectInitializationStatusService'. Pipe name: /Users/fayzullotukhtasinov/.ServiceHub/6aea52ee19/ad8fe55c2d, Supported Version: 
04/01/2025 08:32:54 Central European Standard Time : Information : hubHostClr write: Content-Length: 96

{"jsonrpc":"2.0","id":9,"result":"/Users/fayzullotukhtasinov/.ServiceHub/6aea52ee19/ad8fe55c2d"}
04/01/2025 08:32:54 Central European Standard Time : Information : A new client connected to CLR service module 'Microsoft.VisualStudio.ProjectSystem.ProjectInitializationStatusService'
04/01/2025 08:32:54 Central European Standard Time : Information : Found IServiceHubServiceFactory in cache. Creating instance from the factory.
04/01/2025 08:32:54 Central European Standard Time : Information : Creating service Microsoft.VisualStudio.ProjectSystem.Server.ProjectInitializationStatusServiceFactory from factory with FactoryVersion=Version2 and ClientRequestedVersion=0.1.
04/01/2025 08:32:54 Central European Standard Time : Information : Setting up RPC connection for service 'Microsoft.VisualStudio.ProjectSystem.Server.ProjectInitializationStatusServiceFactory' from factory
04/01/2025 08:32:54 Central European Standard Time : Information : Completed RPC connection setup for service 'Microsoft.VisualStudio.ProjectSystem.Server.ProjectInitializationStatusServiceFactory' from factory
04/01/2025 08:32:55 Central European Standard Time : Information : hubHostClr read: Content-Length: 1101

{"jsonrpc":"2.0","id":10,"method":"StartServiceAsync","params":[{"name":"Microsoft.VisualStudio.ProjectSystem.Query.Remoting.QueryExecutionService","host":"dotnet.projectSystem","hostId":"C94B8CFE-E3FD-4BAF-A941-2866DBB566FE","serviceBaseDirectory":"/Users/fayzullotukhtasinov/.vscode/extensions/ms-dotnettools.csdevkit-1.17.64-darwin-arm64/components/CPS/platforms/darwin-arm64/node_modules/@microsoft/visualstudio-projectsystem-server.darwin-arm64","entryPoint":{"assemblyPath":"/Users/fayzullotukhtasinov/.vscode/extensions/ms-dotnettools.csdevkit-1.17.64-darwin-arm64/components/CPS/platforms/darwin-arm64/node_modules/@microsoft/visualstudio-projectsystem-server.darwin-arm64/Microsoft.VisualStudio.ProjectSystem.Server.Implementation.dll","fullClassName":"Microsoft.VisualStudio.ProjectSystem.Server.QueryExecutionServiceFactory"}},{"ActivationArguments":{"__servicehub__ServiceHubRemoteServiceBrokerPipeName":"/Users/fayzullotukhtasinov/.ServiceHub/6aea52ee19/8fbacc77c5","__servicehub__RequestedServiceVersion":"0.3"},"ClientCredentials":{},"ClientCulture":"en-GB","ClientUICulture":"en-GB"}]}
04/01/2025 08:32:55 Central European Standard Time : Information : CLR host received start request for service 'Microsoft.VisualStudio.ProjectSystem.Query.Remoting.QueryExecutionService'
04/01/2025 08:32:55 Central European Standard Time : Information : Loading service module assembly '/Users/fayzullotukhtasinov/.vscode/extensions/ms-dotnettools.csdevkit-1.17.64-darwin-arm64/components/CPS/platforms/darwin-arm64/node_modules/@microsoft/visualstudio-projectsystem-server.darwin-arm64/Microsoft.VisualStudio.ProjectSystem.Server.Implementation.dll' from '/Users/fayzullotukhtasinov/.vscode/extensions/ms-dotnettools.csdevkit-1.17.64-darwin-arm64/components/CPS/platforms/darwin-arm64/node_modules/@microsoft/visualstudio-projectsystem-server.darwin-arm64'
04/01/2025 08:32:55 Central European Standard Time : Information : Starting service module 'Microsoft.VisualStudio.ProjectSystem.Query.Remoting.QueryExecutionService'. Class: Microsoft.VisualStudio.ProjectSystem.Server.QueryExecutionServiceFactory, Supported Version: 
04/01/2025 08:32:55 Central European Standard Time : Information : Started service 'Microsoft.VisualStudio.ProjectSystem.Query.Remoting.QueryExecutionService'. Pipe name: /Users/fayzullotukhtasinov/.ServiceHub/6aea52ee19/f6132e4c7d, Supported Version: 
04/01/2025 08:32:55 Central European Standard Time : Information : hubHostClr write: Content-Length: 97

{"jsonrpc":"2.0","id":10,"result":"/Users/fayzullotukhtasinov/.ServiceHub/6aea52ee19/f6132e4c7d"}
04/01/2025 08:32:55 Central European Standard Time : Information : A new client connected to CLR service module 'Microsoft.VisualStudio.ProjectSystem.Query.Remoting.QueryExecutionService'
04/01/2025 08:32:55 Central European Standard Time : Information : Found IServiceHubServiceFactory in cache. Creating instance from the factory.
04/01/2025 08:32:55 Central European Standard Time : Information : Creating service Microsoft.VisualStudio.ProjectSystem.Server.QueryExecutionServiceFactory from factory with FactoryVersion=Version2 and ClientRequestedVersion=0.3.
04/01/2025 08:32:55 Central European Standard Time : Information : Setting up RPC connection for service 'Microsoft.VisualStudio.ProjectSystem.Server.QueryExecutionServiceFactory' from factory
04/01/2025 08:32:55 Central European Standard Time : Information : Completed RPC connection setup for service 'Microsoft.VisualStudio.ProjectSystem.Server.QueryExecutionServiceFactory' from factory
04/01/2025 10:12:48 Central European Standard Time : Information : hubHostClr read: Content-Length: 1036

{"jsonrpc":"2.0","id":11,"method":"StartServiceAsync","params":[{"name":"Microsoft.VisualStudio.LaunchConfigurationService","host":"dotnet.projectSystem","hostId":"C94B8CFE-E3FD-4BAF-A941-2866DBB566FE","serviceBaseDirectory":"/Users/fayzullotukhtasinov/.vscode/extensions/ms-dotnettools.csdevkit-1.17.64-darwin-arm64/components/CPS/platforms/darwin-arm64/node_modules/@microsoft/visualstudio-projectsystem-server.darwin-arm64","entryPoint":{"assemblyPath":"/Users/fayzullotukhtasinov/.vscode/extensions/ms-dotnettools.csdevkit-1.17.64-darwin-arm64/components/CPS/platforms/darwin-arm64/node_modules/@microsoft/visualstudio-projectsystem-server.darwin-arm64/Microsoft.VisualStudio.ProjectSystem.Server.Implementation.dll","fullClassName":"Microsoft.VisualStudio.ProjectSystem.Server.LaunchConfigurationServiceFactory"}},{"ActivationArguments":{"__servicehub__ServiceHubRemoteServiceBrokerPipeName":"/Users/fayzullotukhtasinov/.ServiceHub/6aea52ee19/2844904c4b"},"ClientCredentials":{},"ClientCulture":"en-GB","ClientUICulture":"en-GB"}]}
04/01/2025 10:12:48 Central European Standard Time : Information : CLR host received start request for service 'Microsoft.VisualStudio.LaunchConfigurationService'
04/01/2025 10:12:48 Central European Standard Time : Information : Loading service module assembly '/Users/fayzullotukhtasinov/.vscode/extensions/ms-dotnettools.csdevkit-1.17.64-darwin-arm64/components/CPS/platforms/darwin-arm64/node_modules/@microsoft/visualstudio-projectsystem-server.darwin-arm64/Microsoft.VisualStudio.ProjectSystem.Server.Implementation.dll' from '/Users/fayzullotukhtasinov/.vscode/extensions/ms-dotnettools.csdevkit-1.17.64-darwin-arm64/components/CPS/platforms/darwin-arm64/node_modules/@microsoft/visualstudio-projectsystem-server.darwin-arm64'
04/01/2025 10:12:48 Central European Standard Time : Information : Starting service module 'Microsoft.VisualStudio.LaunchConfigurationService'. Class: Microsoft.VisualStudio.ProjectSystem.Server.LaunchConfigurationServiceFactory, Supported Version: 
04/01/2025 10:12:48 Central European Standard Time : Information : Started service 'Microsoft.VisualStudio.LaunchConfigurationService'. Pipe name: /Users/fayzullotukhtasinov/.ServiceHub/6aea52ee19/e0368ae260, Supported Version: 
04/01/2025 10:12:48 Central European Standard Time : Information : hubHostClr write: Content-Length: 97

{"jsonrpc":"2.0","id":11,"result":"/Users/fayzullotukhtasinov/.ServiceHub/6aea52ee19/e0368ae260"}
04/01/2025 10:12:48 Central European Standard Time : Information : Checking if 'Microsoft.VisualStudio.ProjectSystem.Server.ProjectTreeProviderFactory' implements Microsoft.VisualStudio.Threading.IAsyncDisposable.
04/01/2025 10:12:48 Central European Standard Time : Information : Checking if 'Microsoft.VisualStudio.ProjectSystem.Server.ProjectTreeProviderFactory' implements System.IAsyncDisposable.
04/01/2025 10:12:48 Central European Standard Time : Information : Checking if 'Microsoft.VisualStudio.ProjectSystem.Server.ProjectTreeProviderFactory' implements System.IDisposable.
04/01/2025 10:12:48 Central European Standard Time : Information : Checking if 'Microsoft.VisualStudio.ProjectSystem.Server.LaunchConfigurationServiceFactory' implements Microsoft.VisualStudio.Threading.IAsyncDisposable.
04/01/2025 10:12:48 Central European Standard Time : Information : Checking if 'Microsoft.VisualStudio.ProjectSystem.Server.LaunchConfigurationServiceFactory' implements System.IAsyncDisposable.
04/01/2025 10:12:48 Central European Standard Time : Information : Checking if 'Microsoft.VisualStudio.ProjectSystem.Server.LaunchConfigurationServiceFactory' implements System.IDisposable.
04/01/2025 10:12:48 Central European Standard Time : Information : Checking if 'Microsoft.VisualStudio.ProjectSystem.Server.QueryExecutionServiceFactory' implements Microsoft.VisualStudio.Threading.IAsyncDisposable.
04/01/2025 10:12:48 Central European Standard Time : Information : Checking if 'Microsoft.VisualStudio.ProjectSystem.Server.QueryExecutionServiceFactory' implements System.IAsyncDisposable.
04/01/2025 10:12:48 Central European Standard Time : Information : Checking if 'Microsoft.VisualStudio.ProjectSystem.Server.QueryExecutionServiceFactory' implements System.IDisposable.
04/01/2025 10:12:48 Central European Standard Time : Information : Checking if 'Microsoft.VisualStudio.ProjectSystem.Server.ProjectInitializationStatusServiceFactory' implements Microsoft.VisualStudio.Threading.IAsyncDisposable.
04/01/2025 10:12:48 Central European Standard Time : Information : Checking if 'Microsoft.VisualStudio.ProjectSystem.Server.ProjectInitializationStatusServiceFactory' implements System.IAsyncDisposable.
04/01/2025 10:12:48 Central European Standard Time : Information : Checking if 'Microsoft.VisualStudio.ProjectSystem.Server.ProjectInitializationStatusServiceFactory' implements System.IDisposable.
04/01/2025 10:12:48 Central European Standard Time : Information : hubHostClr read: Content-Length: 58

{"jsonrpc":"2.0","id":12,"method":"ExitAsync","params":[]}
04/01/2025 10:12:48 Central European Standard Time : Information : Exit command received. Exiting CLR host
04/01/2025 10:12:48 Central European Standard Time : Information : hubHostClr write: Content-Length: 39

{"jsonrpc":"2.0","id":12,"result":null}
04/01/2025 10:12:48 Central European Standard Time : Information : hubHostClr JSON RPC has been disposed
04/01/2025 10:12:48 Central European Standard Time : Information : hubHostClr read: end of stream
04/01/2025 10:12:48 Central European Standard Time : Information : Checking if 'Microsoft.VisualStudio.ProjectSystem.Server.ProjectIconSourceServiceFactory' implements Microsoft.VisualStudio.Threading.IAsyncDisposable.
04/01/2025 10:12:48 Central European Standard Time : Information : Checking if 'Microsoft.VisualStudio.ProjectSystem.Server.ProjectIconSourceServiceFactory' implements System.IAsyncDisposable.
04/01/2025 10:12:48 Central European Standard Time : Information : Checking if 'Microsoft.VisualStudio.ProjectSystem.Server.ProjectIconSourceServiceFactory' implements System.IDisposable.
