04/01/2025 08:32:52 Central European Standard Time : Information : Local timezone is (UTC+01:00) Central European Time (Oslo)
04/01/2025 08:32:52 Central European Standard Time : Information : Added local RPC method "getPipe" -> Microsoft.VisualStudio.Utilities.ServiceBroker.GlobalBrokeredServiceContainer+View.GetPipeAsync(ServiceMoniker, ServiceActivationOptions, CancellationToken) (Microsoft.VisualStudio.Utilities.ServiceBroker.GlobalBrokeredServiceContainer+View)
04/01/2025 08:32:52 Central European Standard Time : Information : Added local RPC method "getProxy" -> Microsoft.VisualStudio.Utilities.ServiceBroker.GlobalBrokeredServiceContainer+View.GetProxyAsync(ServiceRpcDescriptor, ServiceActivationOptions, CancellationToken) (Microsoft.VisualStudio.Utilities.ServiceBroker.GlobalBrokeredServiceContainer+View)
04/01/2025 08:32:52 Central European Standard Time : Information : Added local RPC method "handshake" -> Microsoft.VisualStudio.Utilities.ServiceBroker.GlobalBrokeredServiceContainer+View.HandshakeAsync(ServiceBrokerClientMetadata, CancellationToken) (Microsoft.VisualStudio.Utilities.ServiceBroker.GlobalBrokeredServiceContainer+View)
04/01/2025 08:32:52 Central European Standard Time : Information : Added local RPC method "requestServiceChannel" -> Microsoft.VisualStudio.Utilities.ServiceBroker.GlobalBrokeredServiceContainer+View.RequestServiceChannelAsync(ServiceMoniker, ServiceActivationOptions, CancellationToken) (Microsoft.VisualStudio.Utilities.ServiceBroker.GlobalBrokeredServiceContainer+View)
04/01/2025 08:32:52 Central European Standard Time : Information : Added local RPC method "cancelServiceRequest" -> Microsoft.VisualStudio.Utilities.ServiceBroker.GlobalBrokeredServiceContainer+View.CancelServiceRequestAsync(Guid) (Microsoft.VisualStudio.Utilities.ServiceBroker.GlobalBrokeredServiceContainer+View)
04/01/2025 08:32:52 Central European Standard Time : Information : Added local RPC method "getPipe" -> Microsoft.VisualStudio.Utilities.ServiceBroker.GlobalBrokeredServiceContainer+View.GetPipeAsync(ServiceMoniker, ServiceActivationOptions, CancellationToken) (Microsoft.VisualStudio.Utilities.ServiceBroker.GlobalBrokeredServiceContainer+View)
04/01/2025 08:32:52 Central European Standard Time : Information : Added local RPC method "getProxy" -> Microsoft.VisualStudio.Utilities.ServiceBroker.GlobalBrokeredServiceContainer+View.GetProxyAsync(ServiceRpcDescriptor, ServiceActivationOptions, CancellationToken) (Microsoft.VisualStudio.Utilities.ServiceBroker.GlobalBrokeredServiceContainer+View)
04/01/2025 08:32:52 Central European Standard Time : Information : Added local RPC method "handshake" -> Microsoft.VisualStudio.Utilities.ServiceBroker.GlobalBrokeredServiceContainer+View.HandshakeAsync(ServiceBrokerClientMetadata, CancellationToken) (Microsoft.VisualStudio.Utilities.ServiceBroker.GlobalBrokeredServiceContainer+View)
04/01/2025 08:32:52 Central European Standard Time : Information : Added local RPC method "requestServiceChannel" -> Microsoft.VisualStudio.Utilities.ServiceBroker.GlobalBrokeredServiceContainer+View.RequestServiceChannelAsync(ServiceMoniker, ServiceActivationOptions, CancellationToken) (Microsoft.VisualStudio.Utilities.ServiceBroker.GlobalBrokeredServiceContainer+View)
04/01/2025 08:32:52 Central European Standard Time : Information : Added local RPC method "cancelServiceRequest" -> Microsoft.VisualStudio.Utilities.ServiceBroker.GlobalBrokeredServiceContainer+View.CancelServiceRequestAsync(Guid) (Microsoft.VisualStudio.Utilities.ServiceBroker.GlobalBrokeredServiceContainer+View)
04/01/2025 08:32:52 Central European Standard Time: Information : 2 :Listening for events from Microsoft.VisualStudio.Utilities.ServiceBroker.GlobalBrokeredServiceContainer+View.AvailabilityChanged to raise notification.
04/01/2025 08:32:52 Central European Standard Time: Information : 3 :Listening started.
04/01/2025 08:32:52 Central European Standard Time: Information : 7 :{"id":2,"method":"handshake"}
04/01/2025 08:32:52 Central European Standard Time: Information : 6 :Received request "2" for method "handshake".
04/01/2025 08:32:52 Central European Standard Time: Information : 9 :Invoking Microsoft.VisualStudio.Utilities.ServiceBroker.GlobalBrokeredServiceContainer+View.HandshakeAsync(ServiceBrokerClientMetadata, CancellationToken)
04/01/2025 08:32:52 Central European Standard Time : Start : handshake
04/01/2025 08:32:52 Central European Standard Time : Stop : handshake
04/01/2025 08:32:52 Central European Standard Time: Information : 8 :{"id":2}
04/01/2025 08:32:52 Central European Standard Time: Information : 7 :{"id":3,"method":"requestServiceChannel"}
04/01/2025 08:32:52 Central European Standard Time: Information : 6 :Received request "3" for method "requestServiceChannel".
04/01/2025 08:32:52 Central European Standard Time: Information : 9 :Invoking Microsoft.VisualStudio.Utilities.ServiceBroker.GlobalBrokeredServiceContainer+View.RequestServiceChannelAsync(ServiceMoniker, ServiceActivationOptions, CancellationToken)
04/01/2025 08:32:52 Central European Standard Time : Start : requestServiceChannel
04/01/2025 08:32:52 Central European Standard Time : Stop : requestServiceChannel
04/01/2025 08:32:52 Central European Standard Time: Information : 8 :{"id":3}
04/01/2025 08:32:52 Central European Standard Time: Information : 7 :{"id":4,"method":"requestServiceChannel"}
04/01/2025 08:32:52 Central European Standard Time: Information : 6 :Received request "4" for method "requestServiceChannel".
04/01/2025 08:32:52 Central European Standard Time: Information : 9 :Invoking Microsoft.VisualStudio.Utilities.ServiceBroker.GlobalBrokeredServiceContainer+View.RequestServiceChannelAsync(ServiceMoniker, ServiceActivationOptions, CancellationToken)
04/01/2025 08:32:52 Central European Standard Time : Start : requestServiceChannel
04/01/2025 08:32:52 Central European Standard Time: Information : 7 :{"id":5,"method":"requestServiceChannel"}
04/01/2025 08:32:52 Central European Standard Time: Information : 6 :Received request "5" for method "requestServiceChannel".
04/01/2025 08:32:52 Central European Standard Time: Information : 9 :Invoking Microsoft.VisualStudio.Utilities.ServiceBroker.GlobalBrokeredServiceContainer+View.RequestServiceChannelAsync(ServiceMoniker, ServiceActivationOptions, CancellationToken)
04/01/2025 08:32:52 Central European Standard Time : Start : requestServiceChannel
04/01/2025 08:32:52 Central European Standard Time : Stop : requestServiceChannel
04/01/2025 08:32:52 Central European Standard Time: Information : 8 :{"id":4}
04/01/2025 08:32:52 Central European Standard Time : Stop : requestServiceChannel
04/01/2025 08:32:52 Central European Standard Time: Information : 8 :{"id":5}
04/01/2025 08:32:52 Central European Standard Time: Information : 7 :{"id":6,"method":"requestServiceChannel"}
04/01/2025 08:32:52 Central European Standard Time: Information : 6 :Received request "6" for method "requestServiceChannel".
04/01/2025 08:32:52 Central European Standard Time: Information : 9 :Invoking Microsoft.VisualStudio.Utilities.ServiceBroker.GlobalBrokeredServiceContainer+View.RequestServiceChannelAsync(ServiceMoniker, ServiceActivationOptions, CancellationToken)
04/01/2025 08:32:52 Central European Standard Time : Start : requestServiceChannel
04/01/2025 08:32:52 Central European Standard Time: Information : 7 :{"id":7,"method":"requestServiceChannel"}
04/01/2025 08:32:52 Central European Standard Time: Information : 6 :Received request "7" for method "requestServiceChannel".
04/01/2025 08:32:52 Central European Standard Time: Information : 9 :Invoking Microsoft.VisualStudio.Utilities.ServiceBroker.GlobalBrokeredServiceContainer+View.RequestServiceChannelAsync(ServiceMoniker, ServiceActivationOptions, CancellationToken)
04/01/2025 08:32:52 Central European Standard Time : Start : requestServiceChannel
04/01/2025 08:32:52 Central European Standard Time : Stop : requestServiceChannel
04/01/2025 08:32:52 Central European Standard Time: Information : 8 :{"id":6}
04/01/2025 08:32:52 Central European Standard Time : Stop : requestServiceChannel
04/01/2025 08:32:52 Central European Standard Time: Information : 8 :{"id":7}
04/01/2025 08:32:52 Central European Standard Time: Information : 7 :{"id":8,"method":"requestServiceChannel"}
04/01/2025 08:32:52 Central European Standard Time: Information : 6 :Received request "8" for method "requestServiceChannel".
04/01/2025 08:32:52 Central European Standard Time: Information : 9 :Invoking Microsoft.VisualStudio.Utilities.ServiceBroker.GlobalBrokeredServiceContainer+View.RequestServiceChannelAsync(ServiceMoniker, ServiceActivationOptions, CancellationToken)
04/01/2025 08:32:52 Central European Standard Time : Transfer : Transfer, relatedActivityId=16df35b5-1593-4a52-89fc-824d20992ffc
04/01/2025 08:32:52 Central European Standard Time : Start : requestServiceChannel
04/01/2025 08:32:53 Central European Standard Time : Stop : requestServiceChannel
04/01/2025 08:32:53 Central European Standard Time : Transfer : Transfer, relatedActivityId=534b073e-b4e5-4aa6-b80e-4260b2388dfd
04/01/2025 08:32:53 Central European Standard Time: Information : 8 :{"id":8}
04/01/2025 08:32:54 Central European Standard Time: Information : 7 :{"id":9,"method":"requestServiceChannel"}
04/01/2025 08:32:54 Central European Standard Time: Information : 6 :Received request "9" for method "requestServiceChannel".
04/01/2025 08:32:54 Central European Standard Time: Information : 9 :Invoking Microsoft.VisualStudio.Utilities.ServiceBroker.GlobalBrokeredServiceContainer+View.RequestServiceChannelAsync(ServiceMoniker, ServiceActivationOptions, CancellationToken)
04/01/2025 08:32:54 Central European Standard Time : Start : requestServiceChannel
04/01/2025 08:32:54 Central European Standard Time : Stop : requestServiceChannel
04/01/2025 08:32:54 Central European Standard Time: Information : 8 :{"id":9}
04/01/2025 08:32:54 Central European Standard Time: Information : 7 :{"id":10,"method":"requestServiceChannel"}
04/01/2025 08:32:54 Central European Standard Time: Information : 6 :Received request "10" for method "requestServiceChannel".
04/01/2025 08:32:54 Central European Standard Time: Information : 9 :Invoking Microsoft.VisualStudio.Utilities.ServiceBroker.GlobalBrokeredServiceContainer+View.RequestServiceChannelAsync(ServiceMoniker, ServiceActivationOptions, CancellationToken)
04/01/2025 08:32:54 Central European Standard Time : Start : requestServiceChannel
04/01/2025 08:32:54 Central European Standard Time: Information : 7 :{"id":11,"method":"requestServiceChannel"}
04/01/2025 08:32:54 Central European Standard Time: Information : 6 :Received request "11" for method "requestServiceChannel".
04/01/2025 08:32:54 Central European Standard Time: Information : 9 :Invoking Microsoft.VisualStudio.Utilities.ServiceBroker.GlobalBrokeredServiceContainer+View.RequestServiceChannelAsync(ServiceMoniker, ServiceActivationOptions, CancellationToken)
04/01/2025 08:32:54 Central European Standard Time : Start : requestServiceChannel
04/01/2025 08:32:54 Central European Standard Time : Stop : requestServiceChannel
04/01/2025 08:32:54 Central European Standard Time: Information : 8 :{"id":11}
04/01/2025 08:32:54 Central European Standard Time : Stop : requestServiceChannel
04/01/2025 08:32:54 Central European Standard Time: Information : 8 :{"id":10}
04/01/2025 08:32:55 Central European Standard Time: Information : 7 :{"id":12,"method":"requestServiceChannel"}
04/01/2025 08:32:55 Central European Standard Time: Information : 6 :Received request "12" for method "requestServiceChannel".
04/01/2025 08:32:55 Central European Standard Time: Information : 9 :Invoking Microsoft.VisualStudio.Utilities.ServiceBroker.GlobalBrokeredServiceContainer+View.RequestServiceChannelAsync(ServiceMoniker, ServiceActivationOptions, CancellationToken)
04/01/2025 08:32:55 Central European Standard Time : Start : requestServiceChannel
04/01/2025 08:32:55 Central European Standard Time : Stop : requestServiceChannel
04/01/2025 08:32:55 Central European Standard Time: Information : 8 :{"id":12}
04/01/2025 08:32:55 Central European Standard Time: Information : 7 :{"id":13,"method":"requestServiceChannel"}
04/01/2025 08:32:55 Central European Standard Time: Information : 6 :Received request "13" for method "requestServiceChannel".
04/01/2025 08:32:55 Central European Standard Time: Information : 9 :Invoking Microsoft.VisualStudio.Utilities.ServiceBroker.GlobalBrokeredServiceContainer+View.RequestServiceChannelAsync(ServiceMoniker, ServiceActivationOptions, CancellationToken)
04/01/2025 08:32:55 Central European Standard Time : Start : requestServiceChannel
04/01/2025 08:32:55 Central European Standard Time : Stop : requestServiceChannel
04/01/2025 08:32:55 Central European Standard Time: Information : 8 :{"id":13}
