02/18/2025 09:04:33 Mitteleuropäische Normalzeit : Information : Local timezone is (UTC+01:00) Mitteleuropäische Zeit (Oslo)
02/18/2025 09:04:33 Mitteleuropäische Normalzeit : Information : Added local RPC method "getPipe" -> Microsoft.VisualStudio.Utilities.ServiceBroker.GlobalBrokeredServiceContainer+View.GetPipeAsync(ServiceMoniker, ServiceActivationOptions, CancellationToken) (Microsoft.VisualStudio.Utilities.ServiceBroker.GlobalBrokeredServiceContainer+View)
02/18/2025 09:04:33 Mitteleuropäische Normalzeit : Information : Added local RPC method "getProxy" -> Microsoft.VisualStudio.Utilities.ServiceBroker.GlobalBrokeredServiceContainer+View.GetProxyAsync(ServiceRpcDescriptor, ServiceActivationOptions, CancellationToken) (Microsoft.VisualStudio.Utilities.ServiceBroker.GlobalBrokeredServiceContainer+View)
02/18/2025 09:04:33 Mitteleuropäische Normalzeit : Information : Added local RPC method "handshake" -> Microsoft.VisualStudio.Utilities.ServiceBroker.GlobalBrokeredServiceContainer+View.HandshakeAsync(ServiceBrokerClientMetadata, CancellationToken) (Microsoft.VisualStudio.Utilities.ServiceBroker.GlobalBrokeredServiceContainer+View)
02/18/2025 09:04:33 Mitteleuropäische Normalzeit : Information : Added local RPC method "requestServiceChannel" -> Microsoft.VisualStudio.Utilities.ServiceBroker.GlobalBrokeredServiceContainer+View.RequestServiceChannelAsync(ServiceMoniker, ServiceActivationOptions, CancellationToken) (Microsoft.VisualStudio.Utilities.ServiceBroker.GlobalBrokeredServiceContainer+View)
02/18/2025 09:04:33 Mitteleuropäische Normalzeit : Information : Added local RPC method "cancelServiceRequest" -> Microsoft.VisualStudio.Utilities.ServiceBroker.GlobalBrokeredServiceContainer+View.CancelServiceRequestAsync(Guid) (Microsoft.VisualStudio.Utilities.ServiceBroker.GlobalBrokeredServiceContainer+View)
02/18/2025 09:04:33 Mitteleuropäische Normalzeit : Information : Added local RPC method "getPipe" -> Microsoft.VisualStudio.Utilities.ServiceBroker.GlobalBrokeredServiceContainer+View.GetPipeAsync(ServiceMoniker, ServiceActivationOptions, CancellationToken) (Microsoft.VisualStudio.Utilities.ServiceBroker.GlobalBrokeredServiceContainer+View)
02/18/2025 09:04:33 Mitteleuropäische Normalzeit : Information : Added local RPC method "getProxy" -> Microsoft.VisualStudio.Utilities.ServiceBroker.GlobalBrokeredServiceContainer+View.GetProxyAsync(ServiceRpcDescriptor, ServiceActivationOptions, CancellationToken) (Microsoft.VisualStudio.Utilities.ServiceBroker.GlobalBrokeredServiceContainer+View)
02/18/2025 09:04:33 Mitteleuropäische Normalzeit : Information : Added local RPC method "handshake" -> Microsoft.VisualStudio.Utilities.ServiceBroker.GlobalBrokeredServiceContainer+View.HandshakeAsync(ServiceBrokerClientMetadata, CancellationToken) (Microsoft.VisualStudio.Utilities.ServiceBroker.GlobalBrokeredServiceContainer+View)
02/18/2025 09:04:33 Mitteleuropäische Normalzeit : Information : Added local RPC method "requestServiceChannel" -> Microsoft.VisualStudio.Utilities.ServiceBroker.GlobalBrokeredServiceContainer+View.RequestServiceChannelAsync(ServiceMoniker, ServiceActivationOptions, CancellationToken) (Microsoft.VisualStudio.Utilities.ServiceBroker.GlobalBrokeredServiceContainer+View)
02/18/2025 09:04:33 Mitteleuropäische Normalzeit : Information : Added local RPC method "cancelServiceRequest" -> Microsoft.VisualStudio.Utilities.ServiceBroker.GlobalBrokeredServiceContainer+View.CancelServiceRequestAsync(Guid) (Microsoft.VisualStudio.Utilities.ServiceBroker.GlobalBrokeredServiceContainer+View)
02/18/2025 09:04:33 Mitteleuropäische Normalzeit: Information : 2 :Listening for events from Microsoft.VisualStudio.Utilities.ServiceBroker.GlobalBrokeredServiceContainer+View.AvailabilityChanged to raise notification.
02/18/2025 09:04:33 Mitteleuropäische Normalzeit: Information : 3 :Listening started.
02/18/2025 09:04:33 Mitteleuropäische Normalzeit: Information : 7 :{"id":2,"method":"handshake"}
02/18/2025 09:04:33 Mitteleuropäische Normalzeit: Information : 6 :Received request "2" for method "handshake".
02/18/2025 09:04:33 Mitteleuropäische Normalzeit: Information : 9 :Invoking Microsoft.VisualStudio.Utilities.ServiceBroker.GlobalBrokeredServiceContainer+View.HandshakeAsync(ServiceBrokerClientMetadata, CancellationToken)
02/18/2025 09:04:33 Mitteleuropäische Normalzeit : Start : handshake
02/18/2025 09:04:33 Mitteleuropäische Normalzeit : Stop : handshake
02/18/2025 09:04:33 Mitteleuropäische Normalzeit: Information : 8 :{"id":2}
02/18/2025 09:04:33 Mitteleuropäische Normalzeit: Information : 7 :{"id":3,"method":"requestServiceChannel"}
02/18/2025 09:04:33 Mitteleuropäische Normalzeit: Information : 6 :Received request "3" for method "requestServiceChannel".
02/18/2025 09:04:33 Mitteleuropäische Normalzeit: Information : 9 :Invoking Microsoft.VisualStudio.Utilities.ServiceBroker.GlobalBrokeredServiceContainer+View.RequestServiceChannelAsync(ServiceMoniker, ServiceActivationOptions, CancellationToken)
02/18/2025 09:04:33 Mitteleuropäische Normalzeit : Start : requestServiceChannel
02/18/2025 09:04:33 Mitteleuropäische Normalzeit : Stop : requestServiceChannel
02/18/2025 09:04:33 Mitteleuropäische Normalzeit: Information : 8 :{"id":3}
02/18/2025 09:04:33 Mitteleuropäische Normalzeit: Information : 7 :{"id":4,"method":"requestServiceChannel"}
02/18/2025 09:04:33 Mitteleuropäische Normalzeit: Information : 6 :Received request "4" for method "requestServiceChannel".
02/18/2025 09:04:33 Mitteleuropäische Normalzeit: Information : 9 :Invoking Microsoft.VisualStudio.Utilities.ServiceBroker.GlobalBrokeredServiceContainer+View.RequestServiceChannelAsync(ServiceMoniker, ServiceActivationOptions, CancellationToken)
02/18/2025 09:04:33 Mitteleuropäische Normalzeit : Start : requestServiceChannel
02/18/2025 09:04:33 Mitteleuropäische Normalzeit : Stop : requestServiceChannel
02/18/2025 09:04:33 Mitteleuropäische Normalzeit: Information : 8 :{"id":4}
02/18/2025 09:04:33 Mitteleuropäische Normalzeit: Information : 7 :{"id":5,"method":"requestServiceChannel"}
02/18/2025 09:04:33 Mitteleuropäische Normalzeit: Information : 6 :Received request "5" for method "requestServiceChannel".
02/18/2025 09:04:33 Mitteleuropäische Normalzeit: Information : 9 :Invoking Microsoft.VisualStudio.Utilities.ServiceBroker.GlobalBrokeredServiceContainer+View.RequestServiceChannelAsync(ServiceMoniker, ServiceActivationOptions, CancellationToken)
02/18/2025 09:04:33 Mitteleuropäische Normalzeit : Start : requestServiceChannel
02/18/2025 09:04:33 Mitteleuropäische Normalzeit : Stop : requestServiceChannel
02/18/2025 09:04:33 Mitteleuropäische Normalzeit: Information : 8 :{"id":5}
02/18/2025 09:04:33 Mitteleuropäische Normalzeit: Information : 7 :{"id":6,"method":"requestServiceChannel"}
02/18/2025 09:04:33 Mitteleuropäische Normalzeit: Information : 6 :Received request "6" for method "requestServiceChannel".
02/18/2025 09:04:33 Mitteleuropäische Normalzeit: Information : 9 :Invoking Microsoft.VisualStudio.Utilities.ServiceBroker.GlobalBrokeredServiceContainer+View.RequestServiceChannelAsync(ServiceMoniker, ServiceActivationOptions, CancellationToken)
02/18/2025 09:04:33 Mitteleuropäische Normalzeit : Start : requestServiceChannel
02/18/2025 09:04:33 Mitteleuropäische Normalzeit: Information : 7 :{"id":7,"method":"requestServiceChannel"}
02/18/2025 09:04:33 Mitteleuropäische Normalzeit: Information : 6 :Received request "7" for method "requestServiceChannel".
02/18/2025 09:04:33 Mitteleuropäische Normalzeit: Information : 9 :Invoking Microsoft.VisualStudio.Utilities.ServiceBroker.GlobalBrokeredServiceContainer+View.RequestServiceChannelAsync(ServiceMoniker, ServiceActivationOptions, CancellationToken)
02/18/2025 09:04:33 Mitteleuropäische Normalzeit : Start : requestServiceChannel
02/18/2025 09:04:33 Mitteleuropäische Normalzeit : Stop : requestServiceChannel
02/18/2025 09:04:33 Mitteleuropäische Normalzeit: Information : 8 :{"id":6}
02/18/2025 09:04:33 Mitteleuropäische Normalzeit : Stop : requestServiceChannel
02/18/2025 09:04:33 Mitteleuropäische Normalzeit: Information : 8 :{"id":7}
02/18/2025 09:04:33 Mitteleuropäische Normalzeit: Information : 7 :{"id":8,"method":"requestServiceChannel"}
02/18/2025 09:04:33 Mitteleuropäische Normalzeit: Information : 6 :Received request "8" for method "requestServiceChannel".
02/18/2025 09:04:33 Mitteleuropäische Normalzeit: Information : 9 :Invoking Microsoft.VisualStudio.Utilities.ServiceBroker.GlobalBrokeredServiceContainer+View.RequestServiceChannelAsync(ServiceMoniker, ServiceActivationOptions, CancellationToken)
02/18/2025 09:04:33 Mitteleuropäische Normalzeit : Transfer : Transfer, relatedActivityId=2896d700-524f-4b37-bcb0-3e832153ee29
02/18/2025 09:04:33 Mitteleuropäische Normalzeit : Start : requestServiceChannel
02/18/2025 09:04:33 Mitteleuropäische Normalzeit : Stop : requestServiceChannel
02/18/2025 09:04:33 Mitteleuropäische Normalzeit : Transfer : Transfer, relatedActivityId=0d3f500c-9343-48d6-9b22-2b533892a34c
02/18/2025 09:04:33 Mitteleuropäische Normalzeit: Information : 8 :{"id":8}
02/18/2025 09:04:34 Mitteleuropäische Normalzeit: Information : 7 :{"id":9,"method":"requestServiceChannel"}
02/18/2025 09:04:34 Mitteleuropäische Normalzeit: Information : 6 :Received request "9" for method "requestServiceChannel".
02/18/2025 09:04:34 Mitteleuropäische Normalzeit: Information : 9 :Invoking Microsoft.VisualStudio.Utilities.ServiceBroker.GlobalBrokeredServiceContainer+View.RequestServiceChannelAsync(ServiceMoniker, ServiceActivationOptions, CancellationToken)
02/18/2025 09:04:34 Mitteleuropäische Normalzeit : Start : requestServiceChannel
02/18/2025 09:04:34 Mitteleuropäische Normalzeit : Stop : requestServiceChannel
02/18/2025 09:04:34 Mitteleuropäische Normalzeit: Information : 8 :{"id":9}
02/18/2025 09:04:34 Mitteleuropäische Normalzeit: Information : 7 :{"id":10,"method":"requestServiceChannel"}
02/18/2025 09:04:34 Mitteleuropäische Normalzeit: Information : 6 :Received request "10" for method "requestServiceChannel".
02/18/2025 09:04:34 Mitteleuropäische Normalzeit: Information : 9 :Invoking Microsoft.VisualStudio.Utilities.ServiceBroker.GlobalBrokeredServiceContainer+View.RequestServiceChannelAsync(ServiceMoniker, ServiceActivationOptions, CancellationToken)
02/18/2025 09:04:34 Mitteleuropäische Normalzeit : Start : requestServiceChannel
02/18/2025 09:04:34 Mitteleuropäische Normalzeit: Information : 7 :{"id":11,"method":"requestServiceChannel"}
02/18/2025 09:04:34 Mitteleuropäische Normalzeit: Information : 6 :Received request "11" for method "requestServiceChannel".
02/18/2025 09:04:34 Mitteleuropäische Normalzeit: Information : 9 :Invoking Microsoft.VisualStudio.Utilities.ServiceBroker.GlobalBrokeredServiceContainer+View.RequestServiceChannelAsync(ServiceMoniker, ServiceActivationOptions, CancellationToken)
02/18/2025 09:04:34 Mitteleuropäische Normalzeit : Start : requestServiceChannel
02/18/2025 09:04:34 Mitteleuropäische Normalzeit : Stop : requestServiceChannel
02/18/2025 09:04:34 Mitteleuropäische Normalzeit: Information : 8 :{"id":11}
02/18/2025 09:04:34 Mitteleuropäische Normalzeit : Stop : requestServiceChannel
02/18/2025 09:04:34 Mitteleuropäische Normalzeit: Information : 8 :{"id":10}
02/18/2025 09:04:34 Mitteleuropäische Normalzeit: Information : 7 :{"id":12,"method":"requestServiceChannel"}
02/18/2025 09:04:34 Mitteleuropäische Normalzeit: Information : 6 :Received request "12" for method "requestServiceChannel".
02/18/2025 09:04:34 Mitteleuropäische Normalzeit: Information : 9 :Invoking Microsoft.VisualStudio.Utilities.ServiceBroker.GlobalBrokeredServiceContainer+View.RequestServiceChannelAsync(ServiceMoniker, ServiceActivationOptions, CancellationToken)
02/18/2025 09:04:34 Mitteleuropäische Normalzeit : Start : requestServiceChannel
02/18/2025 09:04:34 Mitteleuropäische Normalzeit : Stop : requestServiceChannel
02/18/2025 09:04:34 Mitteleuropäische Normalzeit: Information : 8 :{"id":12}
02/18/2025 09:04:35 Mitteleuropäische Normalzeit: Information : 7 :{"id":13,"method":"requestServiceChannel"}
02/18/2025 09:04:35 Mitteleuropäische Normalzeit: Information : 6 :Received request "13" for method "requestServiceChannel".
02/18/2025 09:04:35 Mitteleuropäische Normalzeit: Information : 9 :Invoking Microsoft.VisualStudio.Utilities.ServiceBroker.GlobalBrokeredServiceContainer+View.RequestServiceChannelAsync(ServiceMoniker, ServiceActivationOptions, CancellationToken)
02/18/2025 09:04:35 Mitteleuropäische Normalzeit : Start : requestServiceChannel
02/18/2025 09:04:35 Mitteleuropäische Normalzeit : Stop : requestServiceChannel
02/18/2025 09:04:35 Mitteleuropäische Normalzeit: Information : 8 :{"id":13}
