02/24/2025 09:34:09 Central European Standard Time : Information : Local timezone is (UTC+01:00) Central European Time (Oslo)
02/24/2025 09:34:09 Central European Standard Time : Information : Added local RPC method "getPipe" -> Microsoft.VisualStudio.Utilities.ServiceBroker.GlobalBrokeredServiceContainer+View.GetPipeAsync(ServiceMoniker, ServiceActivationOptions, CancellationToken) (Microsoft.VisualStudio.Utilities.ServiceBroker.GlobalBrokeredServiceContainer+View)
02/24/2025 09:34:09 Central European Standard Time : Information : Added local RPC method "getProxy" -> Microsoft.VisualStudio.Utilities.ServiceBroker.GlobalBrokeredServiceContainer+View.GetProxyAsync(ServiceRpcDescriptor, ServiceActivationOptions, CancellationToken) (Microsoft.VisualStudio.Utilities.ServiceBroker.GlobalBrokeredServiceContainer+View)
02/24/2025 09:34:09 Central European Standard Time : Information : Added local RPC method "handshake" -> Microsoft.VisualStudio.Utilities.ServiceBroker.GlobalBrokeredServiceContainer+View.HandshakeAsync(ServiceBrokerClientMetadata, CancellationToken) (Microsoft.VisualStudio.Utilities.ServiceBroker.GlobalBrokeredServiceContainer+View)
02/24/2025 09:34:09 Central European Standard Time : Information : Added local RPC method "requestServiceChannel" -> Microsoft.VisualStudio.Utilities.ServiceBroker.GlobalBrokeredServiceContainer+View.RequestServiceChannelAsync(ServiceMoniker, ServiceActivationOptions, CancellationToken) (Microsoft.VisualStudio.Utilities.ServiceBroker.GlobalBrokeredServiceContainer+View)
02/24/2025 09:34:09 Central European Standard Time : Information : Added local RPC method "cancelServiceRequest" -> Microsoft.VisualStudio.Utilities.ServiceBroker.GlobalBrokeredServiceContainer+View.CancelServiceRequestAsync(Guid) (Microsoft.VisualStudio.Utilities.ServiceBroker.GlobalBrokeredServiceContainer+View)
02/24/2025 09:34:09 Central European Standard Time : Information : Added local RPC method "getPipe" -> Microsoft.VisualStudio.Utilities.ServiceBroker.GlobalBrokeredServiceContainer+View.GetPipeAsync(ServiceMoniker, ServiceActivationOptions, CancellationToken) (Microsoft.VisualStudio.Utilities.ServiceBroker.GlobalBrokeredServiceContainer+View)
02/24/2025 09:34:09 Central European Standard Time : Information : Added local RPC method "getProxy" -> Microsoft.VisualStudio.Utilities.ServiceBroker.GlobalBrokeredServiceContainer+View.GetProxyAsync(ServiceRpcDescriptor, ServiceActivationOptions, CancellationToken) (Microsoft.VisualStudio.Utilities.ServiceBroker.GlobalBrokeredServiceContainer+View)
02/24/2025 09:34:09 Central European Standard Time : Information : Added local RPC method "handshake" -> Microsoft.VisualStudio.Utilities.ServiceBroker.GlobalBrokeredServiceContainer+View.HandshakeAsync(ServiceBrokerClientMetadata, CancellationToken) (Microsoft.VisualStudio.Utilities.ServiceBroker.GlobalBrokeredServiceContainer+View)
02/24/2025 09:34:09 Central European Standard Time : Information : Added local RPC method "requestServiceChannel" -> Microsoft.VisualStudio.Utilities.ServiceBroker.GlobalBrokeredServiceContainer+View.RequestServiceChannelAsync(ServiceMoniker, ServiceActivationOptions, CancellationToken) (Microsoft.VisualStudio.Utilities.ServiceBroker.GlobalBrokeredServiceContainer+View)
02/24/2025 09:34:09 Central European Standard Time : Information : Added local RPC method "cancelServiceRequest" -> Microsoft.VisualStudio.Utilities.ServiceBroker.GlobalBrokeredServiceContainer+View.CancelServiceRequestAsync(Guid) (Microsoft.VisualStudio.Utilities.ServiceBroker.GlobalBrokeredServiceContainer+View)
02/24/2025 09:34:09 Central European Standard Time: Information : 2 :Listening for events from Microsoft.VisualStudio.Utilities.ServiceBroker.GlobalBrokeredServiceContainer+View.AvailabilityChanged to raise notification.
02/24/2025 09:34:09 Central European Standard Time: Information : 3 :Listening started.
02/24/2025 09:34:09 Central European Standard Time: Information : 7 :{"id":2,"method":"handshake"}
02/24/2025 09:34:09 Central European Standard Time: Information : 6 :Received request "2" for method "handshake".
02/24/2025 09:34:09 Central European Standard Time: Information : 9 :Invoking Microsoft.VisualStudio.Utilities.ServiceBroker.GlobalBrokeredServiceContainer+View.HandshakeAsync(ServiceBrokerClientMetadata, CancellationToken)
02/24/2025 09:34:09 Central European Standard Time : Start : handshake
02/24/2025 09:34:09 Central European Standard Time : Stop : handshake
02/24/2025 09:34:09 Central European Standard Time: Information : 8 :{"id":2}
02/24/2025 09:34:09 Central European Standard Time: Information : 7 :{"id":3,"method":"requestServiceChannel"}
02/24/2025 09:34:09 Central European Standard Time: Information : 6 :Received request "3" for method "requestServiceChannel".
02/24/2025 09:34:09 Central European Standard Time: Information : 9 :Invoking Microsoft.VisualStudio.Utilities.ServiceBroker.GlobalBrokeredServiceContainer+View.RequestServiceChannelAsync(ServiceMoniker, ServiceActivationOptions, CancellationToken)
02/24/2025 09:34:09 Central European Standard Time : Start : requestServiceChannel
02/24/2025 09:34:09 Central European Standard Time : Stop : requestServiceChannel
02/24/2025 09:34:09 Central European Standard Time: Information : 8 :{"id":3}
02/24/2025 09:34:09 Central European Standard Time: Information : 7 :{"id":4,"method":"requestServiceChannel"}
02/24/2025 09:34:09 Central European Standard Time: Information : 6 :Received request "4" for method "requestServiceChannel".
02/24/2025 09:34:09 Central European Standard Time: Information : 9 :Invoking Microsoft.VisualStudio.Utilities.ServiceBroker.GlobalBrokeredServiceContainer+View.RequestServiceChannelAsync(ServiceMoniker, ServiceActivationOptions, CancellationToken)
02/24/2025 09:34:09 Central European Standard Time : Transfer : Transfer, relatedActivityId=fc81d3f2-4048-41d1-b535-51250245b90f
02/24/2025 09:34:09 Central European Standard Time : Start : requestServiceChannel
02/24/2025 09:34:09 Central European Standard Time : Stop : requestServiceChannel
02/24/2025 09:34:09 Central European Standard Time : Transfer : Transfer, relatedActivityId=8f0fd03b-fafe-4644-928e-07a83646cf3a
02/24/2025 09:34:09 Central European Standard Time: Information : 8 :{"id":4}
02/24/2025 09:34:09 Central European Standard Time: Information : 7 :{"id":5,"method":"requestServiceChannel"}
02/24/2025 09:34:09 Central European Standard Time: Information : 6 :Received request "5" for method "requestServiceChannel".
02/24/2025 09:34:09 Central European Standard Time: Information : 9 :Invoking Microsoft.VisualStudio.Utilities.ServiceBroker.GlobalBrokeredServiceContainer+View.RequestServiceChannelAsync(ServiceMoniker, ServiceActivationOptions, CancellationToken)
02/24/2025 09:34:09 Central European Standard Time : Transfer : Transfer, relatedActivityId=98b2e954-5972-435e-b976-859215e82259
02/24/2025 09:34:09 Central European Standard Time : Start : requestServiceChannel
02/24/2025 09:34:09 Central European Standard Time : Stop : requestServiceChannel
02/24/2025 09:34:09 Central European Standard Time : Transfer : Transfer, relatedActivityId=8f0fd03b-fafe-4644-928e-07a83646cf3a
02/24/2025 09:34:09 Central European Standard Time: Information : 8 :{"id":5}
